<?xml version="1.0" encoding="UTF-8"?>
<!-- Generated by org.testng.reporters.JUnitReportReporter -->
<testsuite hostname="EG-PF3DSZJS" failures="0" tests="1" name="tests.ContextsTest" time="48.106" errors="0" timestamp="2024-11-06T15:14:39 EET" skipped="0">
  <testcase classname="tests.ContextsTest" name="contextTest" time="48.106"/>
  <system-out/>
</testsuite> <!-- tests.ContextsTest -->
