<?xml version="1.0" encoding="UTF-8"?>
<!-- Generated by org.testng.reporters.JUnitReportReporter -->
<testsuite hostname="EG-PF3DSZJS" failures="0" tests="1" name="AddToCartTest" time="8.750" errors="0" timestamp="2024-08-19T14:04:09 EEST" skipped="0">
  <testcase classname="AddToCartTest" name="invalidShoppingForm" time="8.750"/>
  <system-out/>
</testsuite> <!-- AddToCartTest -->
