<?xml version="1.0" encoding="UTF-8"?>
<!-- Generated by org.testng.reporters.JUnitReportReporter -->
<testsuite hostname="EG-PF3DSZJS" failures="0" tests="1" name="BrowserTest" time="8.732" errors="0" timestamp="2024-08-07T14:52:24 EEST" skipped="0">
  <testcase classname="BrowserTest" name="browserTest2" time="8.732"/>
</testsuite> <!-- BrowserTest -->
