<?xml version="1.0" encoding="UTF-8"?>
<!-- Generated by org.testng.reporters.JUnitReportReporter -->
<testsuite hostname="EG-PF3DSZJS" failures="0" tests="1" name="ContextsTest" time="43.419" errors="0" timestamp="2024-08-06T16:03:12 EEST" skipped="0">
  <testcase classname="ContextsTest" name="contextTest" time="43.419"/>
</testsuite> <!-- ContextsTest -->
