<?xml version="1.0" encoding="UTF-8"?>
<!-- Generated by org.testng.reporters.JUnitReportReporter -->
<testsuite hostname="EG-PF3DSZJS" failures="0" tests="1" name="Test1" time="21.763" errors="0" timestamp="2024-07-31T14:32:43 EEST" skipped="0">
  <testcase classname="Test1" name="validShoppingForm" time="21.763"/>
</testsuite> <!-- Test1 -->
