<?xml version="1.0" encoding="UTF-8"?>
<!-- Generated by org.testng.reporters.JUnitReportReporter -->
<testsuite hostname="EG-PF3DSZJS" failures="0" tests="1" name="tests.CheckOutTest" time="56.178" errors="0" timestamp="2024-08-22T14:39:48 EEST" skipped="0">
  <testcase classname="tests.CheckOutTest" name="E2ETest" time="56.178"/>
  <system-out/>
</testsuite> <!-- tests.CheckOutTest -->
