<?xml version="1.0" encoding="UTF-8"?>
<!-- Generated by org.testng.reporters.JUnitReportReporter -->
<testsuite hostname="EG-PF3DSZJS" failures="0" tests="1" name="CheckOutTest" time="24.115" errors="0" timestamp="2024-08-18T15:35:31 EEST" skipped="0">
  <testcase classname="CheckOutTest" name="E2ETest" time="24.115"/>
  <system-out/>
</testsuite> <!-- CheckOutTest -->
