<?xml version="1.0" encoding="UTF-8"?>
<!-- Generated by org.testng.reporters.JUnitReportReporter -->
<testsuite hostname="EG-PF3DSZJS" failures="0" tests="1" name="tests.BrowserTest" time="6.187" errors="0" timestamp="2024-11-07T15:48:00 EET" skipped="0">
  <testcase classname="tests.BrowserTest" name="browserTest2" time="6.187"/>
  <system-out/>
</testsuite> <!-- tests.BrowserTest -->
