<?xml version="1.0" encoding="UTF-8"?>
<!-- Generated by org.testng.reporters.JUnitReportReporter -->
<testsuite hostname="EG-PF3DSZJS" failures="0" tests="1" name="tests.AddToCartTest" time="9.203" errors="0" timestamp="2024-11-04T13:26:04 EET" skipped="0">
  <testcase classname="tests.AddToCartTest" name="invalidShoppingForm" time="9.203"/>
  <system-out/>
</testsuite> <!-- tests.AddToCartTest -->
