<?xml version="1.0" encoding="UTF-8"?>
<!-- Generated by org.testng.reporters.JUnitReportReporter -->
<testsuite hostname="EG-PF3DSZJS" failures="0" tests="2" name="BrowserTest" time="53.978" errors="0" timestamp="2024-08-11T11:58:21 EEST" skipped="0">
  <testcase classname="BrowserTest" name="browserTest" time="16.962"/>
  <testcase classname="BrowserTest" name="browserTest2" time="37.016"/>
</testsuite> <!-- BrowserTest -->
