<?xml version="1.0" encoding="UTF-8"?>
<testsuite xmlns:xsi="http://www.w3.org/2001/XMLSchema-instance" xsi:noNamespaceSchemaLocation="https://maven.apache.org/surefire/maven-surefire-plugin/xsd/surefire-test-report-3.0.xsd" version="3.0" name="TestSuite" time="225.267" tests="10" errors="0" skipped="4" failures="3">
  <properties>
    <property name="java.specification.version" value="21"/>
    <property name="sun.cpu.isalist" value="amd64"/>
    <property name="sun.jnu.encoding" value="Cp1252"/>
    <property name="java.class.path" value="C:\Users\hmohammed25\OneDrive - DXC Production\Documents\New folder\AppiumFrameWork\target\test-classes;C:\Users\hmohammed25\OneDrive - DXC Production\Documents\New folder\AppiumFrameWork\target\classes;C:\Users\hmohammed25\.m2\repository\io\qameta\allure\allure-testng\2.24.0\allure-testng-2.24.0.jar;C:\Users\hmohammed25\.m2\repository\io\qameta\allure\allure-java-commons\2.24.0\allure-java-commons-2.24.0.jar;C:\Users\hmohammed25\.m2\repository\io\qameta\allure\allure-model\2.24.0\allure-model-2.24.0.jar;C:\Users\hmohammed25\.m2\repository\io\qameta\allure\allure-test-filter\2.24.0\allure-test-filter-2.24.0.jar;C:\Users\hmohammed25\.m2\repository\io\appium\java-client\9.2.3\java-client-9.2.3.jar;C:\Users\hmohammed25\.m2\repository\org\seleniumhq\selenium\selenium-api\4.23.1\selenium-api-4.23.1.jar;C:\Users\hmohammed25\.m2\repository\org\seleniumhq\selenium\selenium-remote-driver\4.23.1\selenium-remote-driver-4.23.1.jar;C:\Users\hmohammed25\.m2\repository\com\google\auto\service\auto-service-annotations\1.1.1\auto-service-annotations-1.1.1.jar;C:\Users\hmohammed25\.m2\repository\com\google\guava\guava\33.2.1-jre\guava-33.2.1-jre.jar;C:\Users\hmohammed25\.m2\repository\com\google\guava\failureaccess\1.0.2\failureaccess-1.0.2.jar;C:\Users\hmohammed25\.m2\repository\com\google\guava\listenablefuture\9999.0-empty-to-avoid-conflict-with-guava\listenablefuture-9999.0-empty-to-avoid-conflict-with-guava.jar;C:\Users\hmohammed25\.m2\repository\com\google\code\findbugs\jsr305\3.0.2\jsr305-3.0.2.jar;C:\Users\hmohammed25\.m2\repository\org\checkerframework\checker-qual\3.42.0\checker-qual-3.42.0.jar;C:\Users\hmohammed25\.m2\repository\com\google\j2objc\j2objc-annotations\3.0.0\j2objc-annotations-3.0.0.jar;C:\Users\hmohammed25\.m2\repository\io\opentelemetry\semconv\opentelemetry-semconv\1.25.0-alpha\opentelemetry-semconv-1.25.0-alpha.jar;C:\Users\hmohammed25\.m2\repository\io\opentelemetry\opentelemetry-api\1.40.0\opentelemetry-api-1.40.0.jar;C:\Users\hmohammed25\.m2\repository\io\opentelemetry\opentelemetry-context\1.40.0\opentelemetry-context-1.40.0.jar;C:\Users\hmohammed25\.m2\repository\io\opentelemetry\opentelemetry-exporter-logging\1.40.0\opentelemetry-exporter-logging-1.40.0.jar;C:\Users\hmohammed25\.m2\repository\io\opentelemetry\opentelemetry-sdk-common\1.40.0\opentelemetry-sdk-common-1.40.0.jar;C:\Users\hmohammed25\.m2\repository\io\opentelemetry\opentelemetry-sdk-extension-autoconfigure-spi\1.40.0\opentelemetry-sdk-extension-autoconfigure-spi-1.40.0.jar;C:\Users\hmohammed25\.m2\repository\io\opentelemetry\opentelemetry-sdk-extension-autoconfigure\1.40.0\opentelemetry-sdk-extension-autoconfigure-1.40.0.jar;C:\Users\hmohammed25\.m2\repository\io\opentelemetry\opentelemetry-api-incubator\1.40.0-alpha\opentelemetry-api-incubator-1.40.0-alpha.jar;C:\Users\hmohammed25\.m2\repository\io\opentelemetry\opentelemetry-sdk-trace\1.40.0\opentelemetry-sdk-trace-1.40.0.jar;C:\Users\hmohammed25\.m2\repository\io\opentelemetry\opentelemetry-sdk\1.40.0\opentelemetry-sdk-1.40.0.jar;C:\Users\hmohammed25\.m2\repository\io\opentelemetry\opentelemetry-sdk-metrics\1.40.0\opentelemetry-sdk-metrics-1.40.0.jar;C:\Users\hmohammed25\.m2\repository\io\opentelemetry\opentelemetry-sdk-logs\1.40.0\opentelemetry-sdk-logs-1.40.0.jar;C:\Users\hmohammed25\.m2\repository\net\bytebuddy\byte-buddy\1.14.18\byte-buddy-1.14.18.jar;C:\Users\hmohammed25\.m2\repository\org\seleniumhq\selenium\selenium-http\4.23.1\selenium-http-4.23.1.jar;C:\Users\hmohammed25\.m2\repository\dev\failsafe\failsafe\3.3.2\failsafe-3.3.2.jar;C:\Users\hmohammed25\.m2\repository\org\seleniumhq\selenium\selenium-json\4.23.1\selenium-json-4.23.1.jar;C:\Users\hmohammed25\.m2\repository\org\seleniumhq\selenium\selenium-manager\4.23.1\selenium-manager-4.23.1.jar;C:\Users\hmohammed25\.m2\repository\org\seleniumhq\selenium\selenium-os\4.23.1\selenium-os-4.23.1.jar;C:\Users\hmohammed25\.m2\repository\org\apache\commons\commons-exec\1.4.0\commons-exec-1.4.0.jar;C:\Users\hmohammed25\.m2\repository\org\seleniumhq\selenium\selenium-support\4.23.1\selenium-support-4.23.1.jar;C:\Users\hmohammed25\.m2\repository\com\google\code\gson\gson\2.11.0\gson-2.11.0.jar;C:\Users\hmohammed25\.m2\repository\com\google\errorprone\error_prone_annotations\2.27.0\error_prone_annotations-2.27.0.jar;C:\Users\hmohammed25\.m2\repository\org\slf4j\slf4j-api\2.0.13\slf4j-api-2.0.13.jar;C:\Users\hmohammed25\.m2\repository\org\testng\testng\7.10.2\testng-7.10.2.jar;C:\Users\hmohammed25\.m2\repository\com\beust\jcommander\1.82\jcommander-1.82.jar;C:\Users\hmohammed25\.m2\repository\org\webjars\jquery\3.7.1\jquery-3.7.1.jar;C:\Users\hmohammed25\.m2\repository\org\seleniumhq\selenium\selenium-java\4.21.0\selenium-java-4.21.0.jar;C:\Users\hmohammed25\.m2\repository\org\seleniumhq\selenium\selenium-chrome-driver\4.21.0\selenium-chrome-driver-4.21.0.jar;C:\Users\hmohammed25\.m2\repository\org\seleniumhq\selenium\selenium-chromium-driver\4.21.0\selenium-chromium-driver-4.21.0.jar;C:\Users\hmohammed25\.m2\repository\org\seleniumhq\selenium\selenium-devtools-v123\4.21.0\selenium-devtools-v123-4.21.0.jar;C:\Users\hmohammed25\.m2\repository\org\seleniumhq\selenium\selenium-devtools-v124\4.21.0\selenium-devtools-v124-4.21.0.jar;C:\Users\hmohammed25\.m2\repository\org\seleniumhq\selenium\selenium-devtools-v125\4.21.0\selenium-devtools-v125-4.21.0.jar;C:\Users\hmohammed25\.m2\repository\org\seleniumhq\selenium\selenium-devtools-v85\4.21.0\selenium-devtools-v85-4.21.0.jar;C:\Users\hmohammed25\.m2\repository\org\seleniumhq\selenium\selenium-edge-driver\4.21.0\selenium-edge-driver-4.21.0.jar;C:\Users\hmohammed25\.m2\repository\org\seleniumhq\selenium\selenium-firefox-driver\4.21.0\selenium-firefox-driver-4.21.0.jar;C:\Users\hmohammed25\.m2\repository\org\seleniumhq\selenium\selenium-ie-driver\4.21.0\selenium-ie-driver-4.21.0.jar;C:\Users\hmohammed25\.m2\repository\org\seleniumhq\selenium\selenium-safari-driver\4.21.0\selenium-safari-driver-4.21.0.jar;C:\Users\hmohammed25\.m2\repository\org\aspectj\aspectjweaver\1.9.22.1\aspectjweaver-1.9.22.1.jar;"/>
    <property name="java.vm.vendor" value="Oracle Corporation"/>
    <property name="sun.arch.data.model" value="64"/>
    <property name="user.variant" value=""/>
    <property name="java.vendor.url" value="https://java.oracle.com/"/>
    <property name="user.timezone" value="Africa/Cairo"/>
    <property name="os.name" value="Windows 11"/>
    <property name="java.vm.specification.version" value="21"/>
    <property name="sun.java.launcher" value="SUN_STANDARD"/>
    <property name="user.country" value="US"/>
    <property name="sun.boot.library.path" value="C:\Program Files\Java\jdk-21\bin"/>
    <property name="sun.java.command" value="C:\Users\hmohammed25\AppData\Local\Temp\surefire7844071322522086897\surefirebooter-20240811115433982_3.jar C:\Users\hmohammed25\AppData\Local\Temp\surefire7844071322522086897 2024-08-11T11-54-33_749-jvmRun1 surefire-20240811115433982_1tmp surefire_0-20240811115433982_2tmp"/>
    <property name="jdk.debug" value="release"/>
    <property name="surefire.test.class.path" value="C:\Users\hmohammed25\OneDrive - DXC Production\Documents\New folder\AppiumFrameWork\target\test-classes;C:\Users\hmohammed25\OneDrive - DXC Production\Documents\New folder\AppiumFrameWork\target\classes;C:\Users\hmohammed25\.m2\repository\io\qameta\allure\allure-testng\2.24.0\allure-testng-2.24.0.jar;C:\Users\hmohammed25\.m2\repository\io\qameta\allure\allure-java-commons\2.24.0\allure-java-commons-2.24.0.jar;C:\Users\hmohammed25\.m2\repository\io\qameta\allure\allure-model\2.24.0\allure-model-2.24.0.jar;C:\Users\hmohammed25\.m2\repository\io\qameta\allure\allure-test-filter\2.24.0\allure-test-filter-2.24.0.jar;C:\Users\hmohammed25\.m2\repository\io\appium\java-client\9.2.3\java-client-9.2.3.jar;C:\Users\hmohammed25\.m2\repository\org\seleniumhq\selenium\selenium-api\4.23.1\selenium-api-4.23.1.jar;C:\Users\hmohammed25\.m2\repository\org\seleniumhq\selenium\selenium-remote-driver\4.23.1\selenium-remote-driver-4.23.1.jar;C:\Users\hmohammed25\.m2\repository\com\google\auto\service\auto-service-annotations\1.1.1\auto-service-annotations-1.1.1.jar;C:\Users\hmohammed25\.m2\repository\com\google\guava\guava\33.2.1-jre\guava-33.2.1-jre.jar;C:\Users\hmohammed25\.m2\repository\com\google\guava\failureaccess\1.0.2\failureaccess-1.0.2.jar;C:\Users\hmohammed25\.m2\repository\com\google\guava\listenablefuture\9999.0-empty-to-avoid-conflict-with-guava\listenablefuture-9999.0-empty-to-avoid-conflict-with-guava.jar;C:\Users\hmohammed25\.m2\repository\com\google\code\findbugs\jsr305\3.0.2\jsr305-3.0.2.jar;C:\Users\hmohammed25\.m2\repository\org\checkerframework\checker-qual\3.42.0\checker-qual-3.42.0.jar;C:\Users\hmohammed25\.m2\repository\com\google\j2objc\j2objc-annotations\3.0.0\j2objc-annotations-3.0.0.jar;C:\Users\hmohammed25\.m2\repository\io\opentelemetry\semconv\opentelemetry-semconv\1.25.0-alpha\opentelemetry-semconv-1.25.0-alpha.jar;C:\Users\hmohammed25\.m2\repository\io\opentelemetry\opentelemetry-api\1.40.0\opentelemetry-api-1.40.0.jar;C:\Users\hmohammed25\.m2\repository\io\opentelemetry\opentelemetry-context\1.40.0\opentelemetry-context-1.40.0.jar;C:\Users\hmohammed25\.m2\repository\io\opentelemetry\opentelemetry-exporter-logging\1.40.0\opentelemetry-exporter-logging-1.40.0.jar;C:\Users\hmohammed25\.m2\repository\io\opentelemetry\opentelemetry-sdk-common\1.40.0\opentelemetry-sdk-common-1.40.0.jar;C:\Users\hmohammed25\.m2\repository\io\opentelemetry\opentelemetry-sdk-extension-autoconfigure-spi\1.40.0\opentelemetry-sdk-extension-autoconfigure-spi-1.40.0.jar;C:\Users\hmohammed25\.m2\repository\io\opentelemetry\opentelemetry-sdk-extension-autoconfigure\1.40.0\opentelemetry-sdk-extension-autoconfigure-1.40.0.jar;C:\Users\hmohammed25\.m2\repository\io\opentelemetry\opentelemetry-api-incubator\1.40.0-alpha\opentelemetry-api-incubator-1.40.0-alpha.jar;C:\Users\hmohammed25\.m2\repository\io\opentelemetry\opentelemetry-sdk-trace\1.40.0\opentelemetry-sdk-trace-1.40.0.jar;C:\Users\hmohammed25\.m2\repository\io\opentelemetry\opentelemetry-sdk\1.40.0\opentelemetry-sdk-1.40.0.jar;C:\Users\hmohammed25\.m2\repository\io\opentelemetry\opentelemetry-sdk-metrics\1.40.0\opentelemetry-sdk-metrics-1.40.0.jar;C:\Users\hmohammed25\.m2\repository\io\opentelemetry\opentelemetry-sdk-logs\1.40.0\opentelemetry-sdk-logs-1.40.0.jar;C:\Users\hmohammed25\.m2\repository\net\bytebuddy\byte-buddy\1.14.18\byte-buddy-1.14.18.jar;C:\Users\hmohammed25\.m2\repository\org\seleniumhq\selenium\selenium-http\4.23.1\selenium-http-4.23.1.jar;C:\Users\hmohammed25\.m2\repository\dev\failsafe\failsafe\3.3.2\failsafe-3.3.2.jar;C:\Users\hmohammed25\.m2\repository\org\seleniumhq\selenium\selenium-json\4.23.1\selenium-json-4.23.1.jar;C:\Users\hmohammed25\.m2\repository\org\seleniumhq\selenium\selenium-manager\4.23.1\selenium-manager-4.23.1.jar;C:\Users\hmohammed25\.m2\repository\org\seleniumhq\selenium\selenium-os\4.23.1\selenium-os-4.23.1.jar;C:\Users\hmohammed25\.m2\repository\org\apache\commons\commons-exec\1.4.0\commons-exec-1.4.0.jar;C:\Users\hmohammed25\.m2\repository\org\seleniumhq\selenium\selenium-support\4.23.1\selenium-support-4.23.1.jar;C:\Users\hmohammed25\.m2\repository\com\google\code\gson\gson\2.11.0\gson-2.11.0.jar;C:\Users\hmohammed25\.m2\repository\com\google\errorprone\error_prone_annotations\2.27.0\error_prone_annotations-2.27.0.jar;C:\Users\hmohammed25\.m2\repository\org\slf4j\slf4j-api\2.0.13\slf4j-api-2.0.13.jar;C:\Users\hmohammed25\.m2\repository\org\testng\testng\7.10.2\testng-7.10.2.jar;C:\Users\hmohammed25\.m2\repository\com\beust\jcommander\1.82\jcommander-1.82.jar;C:\Users\hmohammed25\.m2\repository\org\webjars\jquery\3.7.1\jquery-3.7.1.jar;C:\Users\hmohammed25\.m2\repository\org\seleniumhq\selenium\selenium-java\4.21.0\selenium-java-4.21.0.jar;C:\Users\hmohammed25\.m2\repository\org\seleniumhq\selenium\selenium-chrome-driver\4.21.0\selenium-chrome-driver-4.21.0.jar;C:\Users\hmohammed25\.m2\repository\org\seleniumhq\selenium\selenium-chromium-driver\4.21.0\selenium-chromium-driver-4.21.0.jar;C:\Users\hmohammed25\.m2\repository\org\seleniumhq\selenium\selenium-devtools-v123\4.21.0\selenium-devtools-v123-4.21.0.jar;C:\Users\hmohammed25\.m2\repository\org\seleniumhq\selenium\selenium-devtools-v124\4.21.0\selenium-devtools-v124-4.21.0.jar;C:\Users\hmohammed25\.m2\repository\org\seleniumhq\selenium\selenium-devtools-v125\4.21.0\selenium-devtools-v125-4.21.0.jar;C:\Users\hmohammed25\.m2\repository\org\seleniumhq\selenium\selenium-devtools-v85\4.21.0\selenium-devtools-v85-4.21.0.jar;C:\Users\hmohammed25\.m2\repository\org\seleniumhq\selenium\selenium-edge-driver\4.21.0\selenium-edge-driver-4.21.0.jar;C:\Users\hmohammed25\.m2\repository\org\seleniumhq\selenium\selenium-firefox-driver\4.21.0\selenium-firefox-driver-4.21.0.jar;C:\Users\hmohammed25\.m2\repository\org\seleniumhq\selenium\selenium-ie-driver\4.21.0\selenium-ie-driver-4.21.0.jar;C:\Users\hmohammed25\.m2\repository\org\seleniumhq\selenium\selenium-safari-driver\4.21.0\selenium-safari-driver-4.21.0.jar;C:\Users\hmohammed25\.m2\repository\org\aspectj\aspectjweaver\1.9.22.1\aspectjweaver-1.9.22.1.jar;"/>
    <property name="sun.cpu.endian" value="little"/>
    <property name="user.home" value="C:\Users\hmohammed25"/>
    <property name="user.language" value="en"/>
    <property name="java.specification.vendor" value="Oracle Corporation"/>
    <property name="java.version.date" value="2024-01-16"/>
    <property name="java.home" value="C:\Program Files\Java\jdk-21"/>
    <property name="file.separator" value="\"/>
    <property name="basedir" value="C:\Users\hmohammed25\OneDrive - DXC Production\Documents\New folder\AppiumFrameWork"/>
    <property name="java.vm.compressedOopsMode" value="Zero based"/>
    <property name="line.separator" value="&#10;"/>
    <property name="java.vm.specification.vendor" value="Oracle Corporation"/>
    <property name="java.specification.name" value="Java Platform API Specification"/>
    <property name="surefire.real.class.path" value="C:\Users\hmohammed25\AppData\Local\Temp\surefire7844071322522086897\surefirebooter-20240811115433982_3.jar"/>
    <property name="user.script" value=""/>
    <property name="sun.management.compiler" value="HotSpot 64-Bit Tiered Compilers"/>
    <property name="java.runtime.version" value="21.0.2+13-LTS-58"/>
    <property name="user.name" value="hmohammed25"/>
    <property name="stdout.encoding" value="Cp1252"/>
    <property name="path.separator" value=";"/>
    <property name="os.version" value="10.0"/>
    <property name="java.runtime.name" value="Java(TM) SE Runtime Environment"/>
    <property name="file.encoding" value="UTF-8"/>
    <property name="java.vm.name" value="Java HotSpot(TM) 64-Bit Server VM"/>
    <property name="localRepository" value="C:\Users\hmohammed25\.m2\repository"/>
    <property name="java.vendor.url.bug" value="https://bugreport.java.com/bugreport/"/>
    <property name="java.io.tmpdir" value="C:\Users\HMOHAM~1\AppData\Local\Temp\"/>
    <property name="java.version" value="21.0.2"/>
    <property name="user.dir" value="C:\Users\hmohammed25\OneDrive - DXC Production\Documents\New folder\AppiumFrameWork"/>
    <property name="os.arch" value="amd64"/>
    <property name="java.vm.specification.name" value="Java Virtual Machine Specification"/>
    <property name="sun.os.patch.level" value=""/>
    <property name="native.encoding" value="Cp1252"/>
    <property name="java.library.path" value="C:\Program Files\Java\jdk-21\bin;C:\windows\Sun\Java\bin;C:\windows\system32;C:\windows;C:\Program Files\Common Files\Oracle\Java\javapath;C:\windows\system32;C:\windows;C:\windows\System32\Wbem;C:\windows\System32\WindowsPowerShell\v1.0\;C:\windows\System32\OpenSSH\;C:\Program Files\Git\cmd;C:\Program Files\1E\Client\Extensibility\NomadBranch;C:\Program Files\nodejs\;C:\Program Files\Java\jdk-21\bin;C:\Users\hmohammed25\AppData\Local\Android\Sdk\build-tools;C:\Users\hmohammed25\AppData\Local\Android\Sdk\platform-tools;C:\Users\hmohammed25\AppData\Local\Microsoft\WindowsApps;C:\Program Files\apache-maven-3.9.6\bin;C:\Users\hmohammed25\AppData\Roaming\npm;C:\Users\hmohammed25\AppData\Local\Android\Sdk\emulator;C:\Users\hmohammed25\allure-2.30.0\allure-2.30.0\bin;."/>
    <property name="java.vm.info" value="mixed mode, sharing"/>
    <property name="stderr.encoding" value="Cp1252"/>
    <property name="java.vendor" value="Oracle Corporation"/>
    <property name="java.vm.version" value="21.0.2+13-LTS-58"/>
    <property name="sun.io.unicode.encoding" value="UnicodeLittle"/>
    <property name="java.class.version" value="65.0"/>
  </properties>
  <testcase name="invalidShoppingForm" classname="AddToCartTest" time="11.473">
    <system-out><![CDATA[&amp#27;[38;5;112m[Appium]&amp#27;[0m Welcome to Appium v2.11.2
&amp#27;[38;5;112m[Appium]&amp#27;[0m Non-default server args:
&amp#27;[38;5;112m[Appium]&amp#27;[0m { address: &amp#27;[32m'127.0.0.1'&amp#27;[39m }
&amp#27;[38;5;112m[Appium]&amp#27;[0m The APPIUM_HOME environment variable: C:\Users\hmohammed25\.appium
&amp#27;[38;5;112m[Appium]&amp#27;[0m Attempting to load driver uiautomator2...
&amp#27;[38;5;112m[Appium]&amp#27;[0m Requiring driver at C:\Users\hmohammed25\.appium\node_modules\appium-uiautomator2-driver\build\index.js
&amp#27;[38;5;112m[Appium]&amp#27;[0m AndroidUiautomator2Driver has been successfully loaded in 2.614s
&amp#27;[38;5;112m[Appium]&amp#27;[0m Appium REST http interface listener started on http://127.0.0.1:4723
&amp#27;[38;5;112m[Appium]&amp#27;[0m Available drivers:
&amp#27;[38;5;112m[Appium]&amp#27;[0m   - uiautomator2@3.7.4 (automationName 'UiAutomator2')
&amp#27;[38;5;112m[Appium]&amp#27;[0m No plugins have been installed. Use the "appium plugin" command to install the one(s) you want to use.
&amp#27;[38;5;86m[HTTP]&amp#27;[0m &amp#27;[37m-->&amp#27;[39m &amp#27;[37mGET&amp#27;[39m &amp#27;[37m/status&amp#27;[39m &amp#27;[90m{}&amp#27;[39m
&amp#27;[38;5;27m[AppiumDriver@115d]&amp#27;[0m Calling AppiumDriver.getStatus() with args: []
&amp#27;[38;5;27m[AppiumDriver@115d]&amp#27;[0m Responding to client with driver.getStatus() result: {"ready":true,"message":"The server is ready to accept new connections","build":{"version":"2.11.2"}}
&amp#27;[38;5;86m[HTTP]&amp#27;[0m &amp#27;[37m<-- GET /status &amp#27;[39m&amp#27;[32m200&amp#27;[39m &amp#27;[90m7 ms - 111&amp#27;[39m &amp#27;[90m&amp#27;[39m
&amp#27;[38;5;86m[HTTP]&amp#27;[0m Request idempotency key: 94ec6b2f-df46-4e9c-be55-ee2f64d9fdd0
&amp#27;[38;5;86m[HTTP]&amp#27;[0m &amp#27;[37m-->&amp#27;[39m &amp#27;[37mPOST&amp#27;[39m &amp#27;[37m/session&amp#27;[39m &amp#27;[90m{"capabilities":{"firstMatch":[{"appium:deviceName":"emulator-5554","platformName":"ANDROID","appium:automationName":"UIAutomator2","appium:app":"C:\\Users\\hmohammed25\\OneDrive - DXC Production\\Documents\\New folder\\AppiumFrameWork/src/test/resources/General-Store.apk","appium:platformVersion":"15"}]}}&amp#27;[39m
&amp#27;[38;5;27m[AppiumDriver@115d]&amp#27;[0m Calling AppiumDriver.createSession() with args: [null,null,{"firstMatch":[{"appium:deviceName":"emulator-5554","platformName":"ANDROID","appium:automationName":"UIAutomator2","appium:app":"C:\\Users\\hmohammed25\\OneDrive - DXC Production\\Documents\\New folder\\AppiumFrameWork/src/test/resources/General-Store.apk","appium:platformVersion":"15"}]}]
&amp#27;[38;5;27m[AppiumDriver@115d]&amp#27;[0m Event 'newSessionRequested' logged at 1723366489291 (11:54:49 GMT+0300 (Eastern European Summer Time))
&amp#27;[38;5;112m[Appium]&amp#27;[0m Attempting to find matching driver for automationName 'UIAutomator2' and platformName 'ANDROID'
&amp#27;[38;5;112m[Appium]&amp#27;[0m The 'uiautomator2' driver was installed and matched caps.
&amp#27;[38;5;112m[Appium]&amp#27;[0m Will require it at C:\Users\hmohammed25\.appium\node_modules\appium-uiautomator2-driver
&amp#27;[38;5;112m[Appium]&amp#27;[0m Requiring driver at C:\Users\hmohammed25\.appium\node_modules\appium-uiautomator2-driver\build\index.js
&amp#27;[38;5;27m[AppiumDriver@115d]&amp#27;[0m Appium v2.11.2 creating new AndroidUiautomator2Driver (v3.7.4) session
&amp#27;[38;5;27m[AppiumDriver@115d]&amp#27;[0m Checking BaseDriver versions for Appium and AndroidUiautomator2Driver
&amp#27;[38;5;27m[AppiumDriver@115d]&amp#27;[0m Appium's BaseDriver version is 9.11.2
&amp#27;[38;5;27m[AppiumDriver@115d]&amp#27;[0m AndroidUiautomator2Driver's BaseDriver version is 9.11.2
&amp#27;[38;5;-44m[AndroidUiautomator2Driver@7fd0]&amp#27;[0m undefined
&amp#27;[38;5;-44m[AndroidUiautomator2Driver@7fd0]&amp#27;[0m Creating session with W3C capabilities: {
  "alwaysMatch": {
    "platformName": "ANDROID",
    "appium:deviceName": "emulator-5554",
    "appium:automationName": "UIAutomator2",
    "appium:app": "C:\\Users\\hmohammed25\\OneDrive - DXC Production\\Documents\\New folder\\AppiumFrameWork/src/test/resources/General-Store.apk",
    "appium:platformVersion": "15"
  },
  "firstMatch": [
    {}
  ]
}
&amp#27;[38;5;162m[c039cefa]&amp#27;[0m&amp#27;[38;5;-44m[AndroidUiautomator2Driver@7fd0]&amp#27;[0m Session created with session id: c039cefa-a65a-4169-8bbf-0928ea5ebeaf
&amp#27;[38;5;162m[c039cefa]&amp#27;[0m&amp#27;[38;5;229m[ADB]&amp#27;[0m Found 1 'build-tools' folders under 'C:\Users\hmohammed25\AppData\Local\Android\Sdk' (newest first):
&amp#27;[38;5;162m[c039cefa]&amp#27;[0m&amp#27;[38;5;229m[ADB]&amp#27;[0m     C:\Users\hmohammed25\AppData\Local\Android\Sdk\build-tools\35.0.0
&amp#27;[38;5;162m[c039cefa]&amp#27;[0m&amp#27;[38;5;229m[ADB]&amp#27;[0m Using 'adb.exe' from 'C:\Users\hmohammed25\AppData\Local\Android\Sdk\platform-tools\adb.exe'
&amp#27;[38;5;162m[c039cefa]&amp#27;[0m&amp#27;[38;5;229m[ADB]&amp#27;[0m Running 'C:\Users\hmohammed25\AppData\Local\Android\Sdk\platform-tools\adb.exe -P 5037 start-server'
&amp#27;[38;5;162m[c039cefa]&amp#27;[0m&amp#27;[38;5;-44m[AndroidUiautomator2Driver@7fd0]&amp#27;[0m Retrieving device list
&amp#27;[38;5;162m[c039cefa]&amp#27;[0m&amp#27;[38;5;229m[ADB]&amp#27;[0m Trying to find connected Android devices
&amp#27;[38;5;162m[c039cefa]&amp#27;[0m&amp#27;[38;5;229m[ADB]&amp#27;[0m Getting connected devices
&amp#27;[38;5;162m[c039cefa]&amp#27;[0m&amp#27;[38;5;229m[ADB]&amp#27;[0m Connected devices: [{"udid":"emulator-5554","state":"device"}]
&amp#27;[38;5;162m[c039cefa]&amp#27;[0m&amp#27;[38;5;-44m[AndroidUiautomator2Driver@7fd0]&amp#27;[0m Looking for a device with Android '15.0.0'
&amp#27;[38;5;162m[c039cefa]&amp#27;[0m&amp#27;[38;5;229m[ADB]&amp#27;[0m Setting device id to emulator-5554
&amp#27;[38;5;162m[c039cefa]&amp#27;[0m&amp#27;[38;5;229m[ADB]&amp#27;[0m Getting device platform version
&amp#27;[38;5;162m[c039cefa]&amp#27;[0m&amp#27;[38;5;229m[ADB]&amp#27;[0m Running 'C:\Users\hmohammed25\AppData\Local\Android\Sdk\platform-tools\adb.exe -P 5037 -s emulator-5554 shell getprop ro.build.version.release'
&amp#27;[38;5;162m[c039cefa]&amp#27;[0m&amp#27;[38;5;229m[ADB]&amp#27;[0m Current device property 'ro.build.version.release': 15
&amp#27;[38;5;162m[c039cefa]&amp#27;[0m&amp#27;[38;5;-44m[AndroidUiautomator2Driver@7fd0]&amp#27;[0m Using device: emulator-5554
&amp#27;[38;5;162m[c039cefa]&amp#27;[0m&amp#27;[38;5;229m[ADB]&amp#27;[0m Using 'adb.exe' from 'C:\Users\hmohammed25\AppData\Local\Android\Sdk\platform-tools\adb.exe'
&amp#27;[38;5;162m[c039cefa]&amp#27;[0m&amp#27;[38;5;229m[ADB]&amp#27;[0m Running 'C:\Users\hmohammed25\AppData\Local\Android\Sdk\platform-tools\adb.exe -P 5037 start-server'
&amp#27;[38;5;162m[c039cefa]&amp#27;[0m&amp#27;[38;5;229m[ADB]&amp#27;[0m Setting device id to emulator-5554
&amp#27;[38;5;162m[c039cefa]&amp#27;[0m&amp#27;[38;5;123m[BaseDriver]&amp#27;[0m Using local app 'C:\Users\hmohammed25\OneDrive - DXC Production\Documents\New folder\AppiumFrameWork/src/test/resources/General-Store.apk'
&amp#27;[38;5;162m[c039cefa]&amp#27;[0m&amp#27;[38;5;-44m[AndroidUiautomator2Driver@7fd0]&amp#27;[0m Checking whether app is actually present
&amp#27;[38;5;162m[c039cefa]&amp#27;[0m&amp#27;[38;5;229m[ADB]&amp#27;[0m Running 'C:\Users\hmohammed25\AppData\Local\Android\Sdk\platform-tools\adb.exe -P 5037 -s emulator-5554 shell getprop ro.build.version.sdk'
&amp#27;[38;5;162m[c039cefa]&amp#27;[0m&amp#27;[38;5;229m[ADB]&amp#27;[0m Current device property 'ro.build.version.sdk': 35
&amp#27;[38;5;162m[c039cefa]&amp#27;[0m&amp#27;[38;5;229m[ADB]&amp#27;[0m Getting device platform version
&amp#27;[38;5;162m[c039cefa]&amp#27;[0m&amp#27;[38;5;229m[ADB]&amp#27;[0m Running 'C:\Users\hmohammed25\AppData\Local\Android\Sdk\platform-tools\adb.exe -P 5037 -s emulator-5554 shell getprop ro.build.version.release'
&amp#27;[38;5;162m[c039cefa]&amp#27;[0m&amp#27;[38;5;229m[ADB]&amp#27;[0m Current device property 'ro.build.version.release': 15
&amp#27;[38;5;162m[c039cefa]&amp#27;[0m&amp#27;[38;5;229m[ADB]&amp#27;[0m Device API level: 35
&amp#27;[38;5;162m[c039cefa]&amp#27;[0m&amp#27;[38;5;-44m[AndroidUiautomator2Driver@7fd0]&amp#27;[0m Relaxing hidden api policy
&amp#27;[38;5;162m[c039cefa]&amp#27;[0m&amp#27;[38;5;229m[ADB]&amp#27;[0m Running 'C:\Users\hmohammed25\AppData\Local\Android\Sdk\platform-tools\adb.exe -P 5037 -s emulator-5554 shell 'settings put global hidden_api_policy_pre_p_apps 1;settings put global hidden_api_policy_p_apps 1;settings put global hidden_api_policy 1''
&amp#27;[38;5;162m[c039cefa]&amp#27;[0m&amp#27;[38;5;-44m[AndroidUiautomator2Driver@7fd0]&amp#27;[0m Parsing package and activity from app manifest
&amp#27;[38;5;162m[c039cefa]&amp#27;[0m&amp#27;[38;5;229m[ADB]&amp#27;[0m Running 'C:\Users\hmohammed25\AppData\Local\Android\Sdk\platform-tools\adb.exe -P 5037 -s emulator-5554 wait-for-device'
&amp#27;[38;5;162m[c039cefa]&amp#27;[0m&amp#27;[38;5;229m[ADB]&amp#27;[0m Using 'aapt2.exe' from 'C:\Users\hmohammed25\AppData\Local\Android\Sdk\build-tools\35.0.0\aapt2.exe'
&amp#27;[38;5;162m[c039cefa]&amp#27;[0m&amp#27;[38;5;229m[ADB]&amp#27;[0m Reading package manifest: 'C:\\Users\\hmohammed25\\AppData\\Local\\Android\\Sdk\\build-tools\\35.0.0\\aapt2.exe dump badging 'C:\\Users\\hmohammed25\\OneDrive - DXC Production\\Documents\\New folder\\AppiumFrameWork/src/test/resources/General-Store.apk''
&amp#27;[38;5;162m[c039cefa]&amp#27;[0m&amp#27;[38;5;229m[ADB]&amp#27;[0m Running 'C:\Users\hmohammed25\AppData\Local\Android\Sdk\platform-tools\adb.exe -P 5037 -s emulator-5554 shell echo ping'
&amp#27;[38;5;162m[c039cefa]&amp#27;[0m&amp#27;[38;5;229m[ADB]&amp#27;[0m Package name: 'com.androidsample.generalstore'
&amp#27;[38;5;162m[c039cefa]&amp#27;[0m&amp#27;[38;5;229m[ADB]&amp#27;[0m Main activity name: 'com.androidsample.generalstore.SplashActivity'
&amp#27;[38;5;162m[c039cefa]&amp#27;[0m&amp#27;[38;5;-44m[AndroidUiautomator2Driver@7fd0]&amp#27;[0m Parsed package and activity are: com.androidsample.generalstore/com.androidsample.generalstore.SplashActivity
&amp#27;[38;5;162m[c039cefa]&amp#27;[0m&amp#27;[38;5;-44m[AndroidUiautomator2Driver@7fd0]&amp#27;[0m Pushing settings apk to the device...
&amp#27;[38;5;162m[c039cefa]&amp#27;[0m&amp#27;[38;5;229m[ADB]&amp#27;[0m Getting package info for 'io.appium.settings'
&amp#27;[38;5;162m[c039cefa]&amp#27;[0m&amp#27;[38;5;229m[ADB]&amp#27;[0m Running 'C:\Users\hmohammed25\AppData\Local\Android\Sdk\platform-tools\adb.exe -P 5037 -s emulator-5554 shell dumpsys package io.appium.settings'
&amp#27;[38;5;162m[c039cefa]&amp#27;[0m&amp#27;[38;5;229m[ADB]&amp#27;[0m Reading package manifest: 'C:\\Users\\hmohammed25\\AppData\\Local\\Android\\Sdk\\build-tools\\35.0.0\\aapt2.exe dump badging C:\\Users\\hmohammed25\\.appium\\node_modules\\appium-uiautomator2-driver\\node_modules\\io.appium.settings\\apks\\settings_apk-debug.apk'
&amp#27;[38;5;162m[c039cefa]&amp#27;[0m&amp#27;[38;5;229m[ADB]&amp#27;[0m The version name of the installed 'io.appium.settings' is greater or equal to the application version name ('5.12.7' >= '5.12.7')
&amp#27;[38;5;162m[c039cefa]&amp#27;[0m&amp#27;[38;5;229m[ADB]&amp#27;[0m There is no need to install/upgrade 'C:\Users\hmohammed25\.appium\node_modules\appium-uiautomator2-driver\node_modules\io.appium.settings\apks\settings_apk-debug.apk'
&amp#27;[38;5;162m[c039cefa]&amp#27;[0m&amp#27;[38;5;229m[ADB]&amp#27;[0m Running 'C:\Users\hmohammed25\AppData\Local\Android\Sdk\platform-tools\adb.exe -P 5037 -s emulator-5554 shell dumpsys activity services io.appium.settings'
&amp#27;[38;5;162m[c039cefa]&amp#27;[0m&amp#27;[38;5;-44m[AndroidUiautomator2Driver@7fd0]&amp#27;[0m io.appium.settings is already running. There is no need to reset its permissions.
&amp#27;[38;5;162m[c039cefa]&amp#27;[0m&amp#27;[38;5;160m[Logcat]&amp#27;[0m Starting logs capture with command: C:\\Users\\hmohammed25\\AppData\\Local\\Android\\Sdk\\platform-tools\\adb.exe -P 5037 -s emulator-5554 logcat -v threadtime
&amp#27;[38;5;162m[c039cefa]&amp#27;[0m&amp#27;[38;5;-44m[AndroidUiautomator2Driver@7fd0]&amp#27;[0m Forwarding UiAutomator2 Server port 6790 to local port 8200
&amp#27;[38;5;162m[c039cefa]&amp#27;[0m&amp#27;[38;5;229m[ADB]&amp#27;[0m Forwarding system: 8200 to device: 6790
&amp#27;[38;5;162m[c039cefa]&amp#27;[0m&amp#27;[38;5;229m[ADB]&amp#27;[0m Running 'C:\Users\hmohammed25\AppData\Local\Android\Sdk\platform-tools\adb.exe -P 5037 -s emulator-5554 forward tcp:8200 tcp:6790'
&amp#27;[38;5;162m[c039cefa]&amp#27;[0m&amp#27;[38;5;229m[ADB]&amp#27;[0m Getting package info for 'io.appium.uiautomator2.server'
&amp#27;[38;5;162m[c039cefa]&amp#27;[0m&amp#27;[38;5;229m[ADB]&amp#27;[0m Running 'C:\Users\hmohammed25\AppData\Local\Android\Sdk\platform-tools\adb.exe -P 5037 -s emulator-5554 shell dumpsys package io.appium.uiautomator2.server'
&amp#27;[38;5;162m[c039cefa]&amp#27;[0m&amp#27;[38;5;229m[ADB]&amp#27;[0m Getting install status for io.appium.uiautomator2.server.test
&amp#27;[38;5;162m[c039cefa]&amp#27;[0m&amp#27;[38;5;229m[ADB]&amp#27;[0m Checking app cert for C:\Users\hmohammed25\OneDrive - DXC Production\Documents\New folder\AppiumFrameWork/src/test/resources/General-Store.apk
&amp#27;[38;5;162m[c039cefa]&amp#27;[0m&amp#27;[38;5;229m[ADB]&amp#27;[0m Running 'C:\Users\hmohammed25\AppData\Local\Android\Sdk\platform-tools\adb.exe -P 5037 -s emulator-5554 shell cmd package list packages'
&amp#27;[38;5;162m[c039cefa]&amp#27;[0m&amp#27;[38;5;229m[ADB]&amp#27;[0m Using 'apksigner.jar' from 'C:\Users\hmohammed25\AppData\Local\Android\Sdk\build-tools\35.0.0\lib\apksigner.jar'
&amp#27;[38;5;162m[c039cefa]&amp#27;[0m&amp#27;[38;5;229m[ADB]&amp#27;[0m Starting apksigner: 'C:\\Program Files\\Java\\jdk-21\\bin\\java.exe' -Xmx1024M -Xss1m -jar C:\\Users\\hmohammed25\\AppData\\Local\\Android\\Sdk\\build-tools\\35.0.0\\lib\\apksigner.jar verify --print-certs 'C:\\Users\\hmohammed25\\OneDrive - DXC Production\\Documents\\New folder\\AppiumFrameWork/src/test/resources/General-Store.apk'
&amp#27;[38;5;162m[c039cefa]&amp#27;[0m&amp#27;[38;5;229m[ADB]&amp#27;[0m Reading package manifest: 'C:\\Users\\hmohammed25\\AppData\\Local\\Android\\Sdk\\build-tools\\35.0.0\\aapt2.exe dump badging C:\\Users\\hmohammed25\\.appium\\node_modules\\appium-uiautomator2-driver\\node_modules\\appium-uiautomator2-server\\apks\\appium-uiautomator2-server-v7.0.20.apk'
&amp#27;[38;5;162m[c039cefa]&amp#27;[0m&amp#27;[38;5;229m[ADB]&amp#27;[0m 'io.appium.uiautomator2.server.test' is installed
&amp#27;[38;5;162m[c039cefa]&amp#27;[0m&amp#27;[38;5;229m[ADB]&amp#27;[0m The version name of the installed 'io.appium.uiautomator2.server' is greater or equal to the application version name ('7.0.20' >= '7.0.20')
&amp#27;[38;5;162m[c039cefa]&amp#27;[0m&amp#27;[38;5;-44m[AndroidUiautomator2Driver@7fd0]&amp#27;[0m Server packages status: [{"installState":"sameVersionInstalled","appPath":"C:\\Users\\hmohammed25\\.appium\\node_modules\\appium-uiautomator2-driver\\node_modules\\appium-uiautomator2-server\\apks\\appium-uiautomator2-server-v7.0.20.apk","appId":"io.appium.uiautomator2.server"},{"installState":"sameVersionInstalled","appPath":"C:\\Users\\hmohammed25\\.appium\\node_modules\\appium-uiautomator2-driver\\node_modules\\appium-uiautomator2-server\\apks\\appium-uiautomator2-server-debug-androidTest.apk","appId":"io.appium.uiautomator2.server.test"}]
&amp#27;[38;5;162m[c039cefa]&amp#27;[0m&amp#27;[38;5;-44m[AndroidUiautomator2Driver@7fd0]&amp#27;[0m Server packages are not going to be (re)installed
&amp#27;[38;5;162m[c039cefa]&amp#27;[0m&amp#27;[38;5;-44m[AndroidUiautomator2Driver@7fd0]&amp#27;[0m Waiting up to 30000ms for services to be available
&amp#27;[38;5;162m[c039cefa]&amp#27;[0m&amp#27;[38;5;229m[ADB]&amp#27;[0m Running 'C:\Users\hmohammed25\AppData\Local\Android\Sdk\platform-tools\adb.exe -P 5037 -s emulator-5554 shell pm list instrumentation'
&amp#27;[38;5;162m[c039cefa]&amp#27;[0m&amp#27;[38;5;-44m[AndroidUiautomator2Driver@7fd0]&amp#27;[0m Instrumentation target 'io.appium.uiautomator2.server.test/androidx.test.runner.AndroidJUnitRunner' is available
&amp#27;[38;5;162m[c039cefa]&amp#27;[0m&amp#27;[38;5;229m[ADB]&amp#27;[0m Adding packages ["io.appium.settings","io.appium.uiautomator2.server","io.appium.uiautomator2.server.test"] to Doze whitelist
&amp#27;[38;5;162m[c039cefa]&amp#27;[0m&amp#27;[38;5;229m[ADB]&amp#27;[0m Got the following command chunks to execute: [["dumpsys","deviceidle","whitelist","+io.appium.settings",";","dumpsys","deviceidle","whitelist","+io.appium.uiautomator2.server",";","dumpsys","deviceidle","whitelist","+io.appium.uiautomator2.server.test",";"]]
&amp#27;[38;5;162m[c039cefa]&amp#27;[0m&amp#27;[38;5;229m[ADB]&amp#27;[0m Running 'C:\Users\hmohammed25\AppData\Local\Android\Sdk\platform-tools\adb.exe -P 5037 -s emulator-5554 shell dumpsys deviceidle whitelist +io.appium.settings ; dumpsys deviceidle whitelist +io.appium.uiautomator2.server ; dumpsys deviceidle whitelist +io.appium.uiautomator2.server.test ;'
&amp#27;[38;5;162m[c039cefa]&amp#27;[0m&amp#27;[38;5;229m[ADB]&amp#27;[0m apksigner stdout: Signer #1 certificate DN: EMAILADDRESS=android@android.com, CN=Android, OU=Android, O=Android, L=Mountain View, ST=California, C=US
Signer #1 certificate SHA-256 digest: a40da80a59d170caa950cf15c18c454d47a39b26989d8b640ecd745ba71bf5dc
Signer #1 certificate SHA-1 digest: 61ed377e85d386a8dfee6b864bd85b0bfaa5af81
Signer #1 certificate MD5 digest: e89b158e4bcf988ebd09eb83f5378e87

&amp#27;[38;5;162m[c039cefa]&amp#27;[0m&amp#27;[38;5;229m[ADB]&amp#27;[0m sha256 hash did match for 'General-Store.apk'
&amp#27;[38;5;162m[c039cefa]&amp#27;[0m&amp#27;[38;5;229m[ADB]&amp#27;[0m 'C:\Users\hmohammed25\OneDrive - DXC Production\Documents\New folder\AppiumFrameWork/src/test/resources/General-Store.apk' is signed with the default certificate
&amp#27;[38;5;162m[c039cefa]&amp#27;[0m&amp#27;[38;5;229m[ADB]&amp#27;[0m Getting package info for 'com.androidsample.generalstore'
&amp#27;[38;5;162m[c039cefa]&amp#27;[0m&amp#27;[38;5;229m[ADB]&amp#27;[0m Running 'C:\Users\hmohammed25\AppData\Local\Android\Sdk\platform-tools\adb.exe -P 5037 -s emulator-5554 shell dumpsys package com.androidsample.generalstore'
&amp#27;[38;5;162m[c039cefa]&amp#27;[0m&amp#27;[38;5;229m[ADB]&amp#27;[0m Reading package manifest: 'C:\\Users\\hmohammed25\\AppData\\Local\\Android\\Sdk\\build-tools\\35.0.0\\aapt2.exe dump badging 'C:\\Users\\hmohammed25\\OneDrive - DXC Production\\Documents\\New folder\\AppiumFrameWork/src/test/resources/General-Store.apk''
&amp#27;[38;5;162m[c039cefa]&amp#27;[0m&amp#27;[38;5;229m[ADB]&amp#27;[0m The version name of the installed 'com.androidsample.generalstore' is greater or equal to the application version name ('1.0.0' >= '1.0.0')
&amp#27;[38;5;162m[c039cefa]&amp#27;[0m&amp#27;[38;5;229m[ADB]&amp#27;[0m There is no need to install/upgrade 'C:\Users\hmohammed25\OneDrive - DXC Production\Documents\New folder\AppiumFrameWork/src/test/resources/General-Store.apk'
&amp#27;[38;5;162m[c039cefa]&amp#27;[0m&amp#27;[38;5;-44m[AndroidUiautomator2Driver@7fd0]&amp#27;[0m Performing fast reset on 'com.androidsample.generalstore'
&amp#27;[38;5;162m[c039cefa]&amp#27;[0m&amp#27;[38;5;229m[ADB]&amp#27;[0m Getting install status for com.androidsample.generalstore
&amp#27;[38;5;162m[c039cefa]&amp#27;[0m&amp#27;[38;5;229m[ADB]&amp#27;[0m Running 'C:\Users\hmohammed25\AppData\Local\Android\Sdk\platform-tools\adb.exe -P 5037 -s emulator-5554 shell cmd package list packages'
&amp#27;[38;5;162m[c039cefa]&amp#27;[0m&amp#27;[38;5;229m[ADB]&amp#27;[0m 'com.androidsample.generalstore' is installed
&amp#27;[38;5;162m[c039cefa]&amp#27;[0m&amp#27;[38;5;229m[ADB]&amp#27;[0m Running 'C:\Users\hmohammed25\AppData\Local\Android\Sdk\platform-tools\adb.exe -P 5037 -s emulator-5554 shell am force-stop com.androidsample.generalstore'
&amp#27;[38;5;162m[c039cefa]&amp#27;[0m&amp#27;[38;5;229m[ADB]&amp#27;[0m Running 'C:\Users\hmohammed25\AppData\Local\Android\Sdk\platform-tools\adb.exe -P 5037 -s emulator-5554 shell pm clear com.androidsample.generalstore'
&amp#27;[38;5;162m[c039cefa]&amp#27;[0m&amp#27;[38;5;-44m[AndroidUiautomator2Driver@7fd0]&amp#27;[0m Performed fast reset on the installed 'com.androidsample.generalstore' application (stop and clear)
&amp#27;[38;5;162m[c039cefa]&amp#27;[0m&amp#27;[38;5;-44m[AndroidUiautomator2Driver@7fd0]&amp#27;[0m Performing shallow cleanup of automation leftovers
&amp#27;[38;5;162m[c039cefa]&amp#27;[0m&amp#27;[38;5;-44m[AndroidUiautomator2Driver@7fd0]&amp#27;[0m No obsolete sessions have been detected (socket hang up)
&amp#27;[38;5;162m[c039cefa]&amp#27;[0m&amp#27;[38;5;229m[ADB]&amp#27;[0m Running 'C:\Users\hmohammed25\AppData\Local\Android\Sdk\platform-tools\adb.exe -P 5037 -s emulator-5554 shell am force-stop io.appium.uiautomator2.server'
&amp#27;[38;5;162m[c039cefa]&amp#27;[0m&amp#27;[38;5;229m[ADB]&amp#27;[0m Running 'C:\Users\hmohammed25\AppData\Local\Android\Sdk\platform-tools\adb.exe -P 5037 -s emulator-5554 shell am force-stop io.appium.uiautomator2.server.test'
&amp#27;[38;5;162m[c039cefa]&amp#27;[0m&amp#27;[38;5;-44m[AndroidUiautomator2Driver@7fd0]&amp#27;[0m Starting UIAutomator2 server 7.0.20
&amp#27;[38;5;162m[c039cefa]&amp#27;[0m&amp#27;[38;5;-44m[AndroidUiautomator2Driver@7fd0]&amp#27;[0m Using UIAutomator2 server from 'C:\Users\hmohammed25\.appium\node_modules\appium-uiautomator2-driver\node_modules\appium-uiautomator2-server\apks\appium-uiautomator2-server-v7.0.20.apk' and test from 'C:\Users\hmohammed25\.appium\node_modules\appium-uiautomator2-driver\node_modules\appium-uiautomator2-server\apks\appium-uiautomator2-server-debug-androidTest.apk'
&amp#27;[38;5;162m[c039cefa]&amp#27;[0m&amp#27;[38;5;-44m[AndroidUiautomator2Driver@7fd0]&amp#27;[0m Waiting up to 30000ms for UiAutomator2 to be online...
&amp#27;[38;5;162m[c039cefa]&amp#27;[0m&amp#27;[38;5;229m[ADB]&amp#27;[0m Creating ADB subprocess with args: ["-P","5037","-s","emulator-5554","shell","am","instrument","-w","-e","disableAnalytics","true","io.appium.uiautomator2.server.test/androidx.test.runner.AndroidJUnitRunner"]
&amp#27;[38;5;162m[c039cefa]&amp#27;[0m&amp#27;[38;5;-44m[AndroidUiautomator2Driver@7fd0]&amp#27;[0m Matched '/status' to command name 'getStatus'
&amp#27;[38;5;162m[c039cefa]&amp#27;[0m&amp#27;[38;5;-44m[AndroidUiautomator2Driver@7fd0]&amp#27;[0m Proxying [GET /status] to [GET http://127.0.0.1:8200/status] with no body
&amp#27;[38;5;162m[c039cefa]&amp#27;[0m&amp#27;[38;5;-44m[AndroidUiautomator2Driver@7fd0]&amp#27;[0m socket hang up
&amp#27;[38;5;162m[c039cefa]&amp#27;[0m&amp#27;[38;5;-44m[AndroidUiautomator2Driver@7fd0]&amp#27;[0m Matched '/status' to command name 'getStatus'
&amp#27;[38;5;162m[c039cefa]&amp#27;[0m&amp#27;[38;5;-44m[AndroidUiautomator2Driver@7fd0]&amp#27;[0m Proxying [GET /status] to [GET http://127.0.0.1:8200/status] with no body
&amp#27;[38;5;162m[c039cefa]&amp#27;[0m&amp#27;[38;5;-44m[AndroidUiautomator2Driver@7fd0]&amp#27;[0m socket hang up
&amp#27;[38;5;162m[c039cefa]&amp#27;[0m&amp#27;[38;5;-44m[AndroidUiautomator2Driver@7fd0]&amp#27;[0m Matched '/status' to command name 'getStatus'
&amp#27;[38;5;162m[c039cefa]&amp#27;[0m&amp#27;[38;5;-44m[AndroidUiautomator2Driver@7fd0]&amp#27;[0m Proxying [GET /status] to [GET http://127.0.0.1:8200/status] with no body
&amp#27;[38;5;162m[c039cefa]&amp#27;[0m&amp#27;[38;5;-44m[AndroidUiautomator2Driver@7fd0]&amp#27;[0m socket hang up
&amp#27;[38;5;162m[c039cefa]&amp#27;[0m&amp#27;[38;5;-44m[AndroidUiautomator2Driver@7fd0]&amp#27;[0m Matched '/status' to command name 'getStatus'
&amp#27;[38;5;162m[c039cefa]&amp#27;[0m&amp#27;[38;5;-44m[AndroidUiautomator2Driver@7fd0]&amp#27;[0m Proxying [GET /status] to [GET http://127.0.0.1:8200/status] with no body
&amp#27;[38;5;162m[c039cefa]&amp#27;[0m&amp#27;[38;5;-44m[AndroidUiautomator2Driver@7fd0]&amp#27;[0m socket hang up
&amp#27;[38;5;162m[c039cefa]&amp#27;[0m&amp#27;[38;5;-44m[AndroidUiautomator2Driver@7fd0]&amp#27;[0m Matched '/status' to command name 'getStatus'
&amp#27;[38;5;162m[c039cefa]&amp#27;[0m&amp#27;[38;5;-44m[AndroidUiautomator2Driver@7fd0]&amp#27;[0m Proxying [GET /status] to [GET http://127.0.0.1:8200/status] with no body
&amp#27;[38;5;162m[c039cefa]&amp#27;[0m&amp#27;[38;5;-44m[AndroidUiautomator2Driver@7fd0]&amp#27;[0m socket hang up
&amp#27;[38;5;162m[c039cefa]&amp#27;[0m&amp#27;[38;5;-44m[AndroidUiautomator2Driver@7fd0]&amp#27;[0m Matched '/status' to command name 'getStatus'
&amp#27;[38;5;162m[c039cefa]&amp#27;[0m&amp#27;[38;5;-44m[AndroidUiautomator2Driver@7fd0]&amp#27;[0m Proxying [GET /status] to [GET http://127.0.0.1:8200/status] with no body
&amp#27;[38;5;162m[c039cefa]&amp#27;[0m&amp#27;[38;5;-44m[AndroidUiautomator2Driver@7fd0]&amp#27;[0m socket hang up
&amp#27;[38;5;162m[c039cefa]&amp#27;[0m&amp#27;[38;5;-44m[AndroidUiautomator2Driver@7fd0]&amp#27;[0m [Instrumentation] 
&amp#27;[38;5;162m[c039cefa]&amp#27;[0m&amp#27;[38;5;-44m[AndroidUiautomator2Driver@7fd0]&amp#27;[0m Matched '/status' to command name 'getStatus'
&amp#27;[38;5;162m[c039cefa]&amp#27;[0m&amp#27;[38;5;-44m[AndroidUiautomator2Driver@7fd0]&amp#27;[0m Proxying [GET /status] to [GET http://127.0.0.1:8200/status] with no body
&amp#27;[38;5;162m[c039cefa]&amp#27;[0m&amp#27;[38;5;-44m[AndroidUiautomator2Driver@7fd0]&amp#27;[0m socket hang up
&amp#27;[38;5;162m[c039cefa]&amp#27;[0m&amp#27;[38;5;-44m[AndroidUiautomator2Driver@7fd0]&amp#27;[0m Matched '/status' to command name 'getStatus'
&amp#27;[38;5;162m[c039cefa]&amp#27;[0m&amp#27;[38;5;-44m[AndroidUiautomator2Driver@7fd0]&amp#27;[0m Proxying [GET /status] to [GET http://127.0.0.1:8200/status] with no body
&amp#27;[38;5;162m[c039cefa]&amp#27;[0m&amp#27;[38;5;-44m[AndroidUiautomator2Driver@7fd0]&amp#27;[0m socket hang up
&amp#27;[38;5;162m[c039cefa]&amp#27;[0m&amp#27;[38;5;-44m[AndroidUiautomator2Driver@7fd0]&amp#27;[0m Matched '/status' to command name 'getStatus'
&amp#27;[38;5;162m[c039cefa]&amp#27;[0m&amp#27;[38;5;-44m[AndroidUiautomator2Driver@7fd0]&amp#27;[0m Proxying [GET /status] to [GET http://127.0.0.1:8200/status] with no body
&amp#27;[38;5;162m[c039cefa]&amp#27;[0m&amp#27;[38;5;-44m[AndroidUiautomator2Driver@7fd0]&amp#27;[0m socket hang up
&amp#27;[38;5;162m[c039cefa]&amp#27;[0m&amp#27;[38;5;-44m[AndroidUiautomator2Driver@7fd0]&amp#27;[0m Matched '/status' to command name 'getStatus'
&amp#27;[38;5;162m[c039cefa]&amp#27;[0m&amp#27;[38;5;-44m[AndroidUiautomator2Driver@7fd0]&amp#27;[0m Proxying [GET /status] to [GET http://127.0.0.1:8200/status] with no body
&amp#27;[38;5;162m[c039cefa]&amp#27;[0m&amp#27;[38;5;-44m[AndroidUiautomator2Driver@7fd0]&amp#27;[0m Got response with status 200: {"sessionId":"None","value":{"message":"UiAutomator2 Server is ready to accept commands","ready":true}}
&amp#27;[38;5;162m[c039cefa]&amp#27;[0m&amp#27;[38;5;-44m[AndroidUiautomator2Driver@7fd0]&amp#27;[0m The initialization of the instrumentation process took 9917ms
&amp#27;[38;5;162m[c039cefa]&amp#27;[0m&amp#27;[38;5;-44m[AndroidUiautomator2Driver@7fd0]&amp#27;[0m Matched '/session' to command name 'createSession'
&amp#27;[38;5;162m[c039cefa]&amp#27;[0m&amp#27;[38;5;-44m[AndroidUiautomator2Driver@7fd0]&amp#27;[0m Proxying [POST /session] to [POST http://127.0.0.1:8200/session] with body: {"capabilities":{"firstMatch":[{"platformName":"ANDROID","deviceName":"emulator-5554","automationName":"UIAutomator2","app":"C:\\Users\\hmohammed25\\OneDrive - DXC Production\\Documents\\New folder\\AppiumFrameWork/src/test/resources/General-Store.apk","platformVersion":"15","platform":"LINUX","webStorageEnabled":false,"takesScreenshot":true,"javascriptEnabled":true,"databaseEnabled":false,"networkConnectionEnabled":true,"locationContextEnabled":false,"warnings":{},"desired":{"platformName":"ANDROID","deviceName":"emulator-5554","automationName":"UIAutomator2","app":"C:\\Users\\hmohammed25\\OneDrive - DXC Production\\Documents\\New folder\\AppiumFrameWork/src/test/resources/General-Store.apk","platformVersion":"15"},"deviceUDID":"emulator-5554","appPackage":"com.androidsample.generalstore"}],"alwaysMatch":{}}}
&amp#27;[38;5;162m[c039cefa]&amp#27;[0m&amp#27;[38;5;-44m[AndroidUiautomator2Driver@7fd0]&amp#27;[0m Got response with status 200: {"sessionId":"abdef6a6-5960-49c7-a99c-6a39d00adea5","value":{"capabilities":{"firstMatch":[{"platformName":"ANDROID","deviceName":"emulator-5554","automationName":"UIAutomator2","app":"C:\\Users\\hmohammed25\\OneDrive - DXC Production\\Documents\\New folder\\AppiumFrameWork/src/test/resources/General-Store.apk","platformVersion":"15","platform":"LINUX","webStorageEnabled":false,"takesScreenshot":true,"javascriptEnabled":true,"databaseEnabled":false,"networkConnectionEnabled":true,"locationContextEnabled":false,"warnings":{},"desired":{"platformName":"ANDROID","deviceName":"emulator-5554","automationName":"UIAutomator2","app":"C:\\Users\\hmohammed25\\OneDrive - DXC Production\\Documents\\New folder\\AppiumFrameWork/src/test/resources/General-Store.apk","platformVersion":"15"},"deviceUDID":"emulator-5554","appPackage":"com.androidsample.generalstore"}],"alwaysMatch":{}},"sessionId":"abdef6a6-5960-49c7-a99c-6a39d00adea5"}}
&amp#27;[38;5;162m[c039cefa]&amp#27;[0m&amp#27;[38;5;-44m[AndroidUiautomator2Driver@7fd0]&amp#27;[0m Determined the downstream protocol as 'W3C'
&amp#27;[38;5;162m[c039cefa]&amp#27;[0m&amp#27;[38;5;-44m[AndroidUiautomator2Driver@7fd0]&amp#27;[0m Proxying [GET /appium/device/pixel_ratio] to [GET http://127.0.0.1:8200/session/abdef6a6-5960-49c7-a99c-6a39d00adea5/appium/device/pixel_ratio] with no body
&amp#27;[38;5;162m[c039cefa]&amp#27;[0m&amp#27;[38;5;-44m[AndroidUiautomator2Driver@7fd0]&amp#27;[0m Matched '/appium/device/system_bars' to command name 'getSystemBars'
&amp#27;[38;5;162m[c039cefa]&amp#27;[0m&amp#27;[38;5;-44m[AndroidUiautomator2Driver@7fd0]&amp#27;[0m Proxying [GET /appium/device/system_bars] to [GET http://127.0.0.1:8200/session/abdef6a6-5960-49c7-a99c-6a39d00adea5/appium/device/system_bars] with no body
&amp#27;[38;5;162m[c039cefa]&amp#27;[0m&amp#27;[38;5;-44m[AndroidUiautomator2Driver@7fd0]&amp#27;[0m Matched '/window/current/size' to command name 'getWindowSize'
&amp#27;[38;5;162m[c039cefa]&amp#27;[0m&amp#27;[38;5;-44m[AndroidUiautomator2Driver@7fd0]&amp#27;[0m Proxying [GET /window/current/size] to [GET http://127.0.0.1:8200/session/abdef6a6-5960-49c7-a99c-6a39d00adea5/window/current/size] with no body
&amp#27;[38;5;162m[c039cefa]&amp#27;[0m&amp#27;[38;5;-44m[AndroidUiautomator2Driver@7fd0]&amp#27;[0m Proxying [GET /appium/device/info] to [GET http://127.0.0.1:8200/session/abdef6a6-5960-49c7-a99c-6a39d00adea5/appium/device/info] with no body
&amp#27;[38;5;162m[c039cefa]&amp#27;[0m&amp#27;[38;5;229m[ADB]&amp#27;[0m Running 'C:\Users\hmohammed25\AppData\Local\Android\Sdk\platform-tools\adb.exe -P 5037 -s emulator-5554 shell dumpsys window'
&amp#27;[38;5;162m[c039cefa]&amp#27;[0m&amp#27;[38;5;229m[ADB]&amp#27;[0m Running 'C:\Users\hmohammed25\AppData\Local\Android\Sdk\platform-tools\adb.exe -P 5037 -s emulator-5554 shell dumpsys power'
&amp#27;[38;5;162m[c039cefa]&amp#27;[0m&amp#27;[38;5;-44m[AndroidUiautomator2Driver@7fd0]&amp#27;[0m Got response with status 200: {"sessionId":"abdef6a6-5960-49c7-a99c-6a39d00adea5","value":2.625}
&amp#27;[38;5;162m[c039cefa]&amp#27;[0m&amp#27;[38;5;-44m[AndroidUiautomator2Driver@7fd0]&amp#27;[0m Got response with status 200: {"sessionId":"abdef6a6-5960-49c7-a99c-6a39d00adea5","value":{"height":2400,"width":1080}}
&amp#27;[38;5;162m[c039cefa]&amp#27;[0m&amp#27;[38;5;-44m[AndroidUiautomator2Driver@7fd0]&amp#27;[0m Got response with status 200: {"sessionId":"abdef6a6-5960-49c7-a99c-6a39d00adea5","value":{"statusBar":63}}
&amp#27;[38;5;162m[c039cefa]&amp#27;[0m&amp#27;[38;5;-44m[AndroidUiautomator2Driver@7fd0]&amp#27;[0m Got response with status 200: {"sessionId":"abdef6a6-5960-49c7-a99c-6a39d00adea5","value":{"androidId":"c7ec5421954c5e99","apiVersion":"35","bluetooth":{"state":"OFF"},"brand":"google","carrierName":"T-Mobile","displayDensity":420,"locale":"en_US","manufacturer":"Google","model":"sdk_gphone16k_x86_64","networks":[{"capabilities":{"SSID":null,"linkDownBandwidthKbps":30000,"linkUpstreamBandwidthKbps":12000,"networkCapabilities":"NET_CAPABILITY_NOT_METERED,NET_CAPABILITY_INTERNET,NET_CAPABILITY_NOT_RESTRICTED,NET_CAPABILITY_TRUSTED,NET_CAPABILITY_NOT_VPN,NET_CAPABILITY_VALIDATED,NET_CAPABILITY_NOT_ROAMING,NET_CAPABILITY_FOREGROUND,NET_CAPABILITY_NOT_CONGESTED,NET_CAPABILITY_NOT_SUSPENDED","signalStrength":-50,"transportTypes":"TRANSPORT_WIFI"},"detailedState":"CONNECTED","extraInfo":"","isAvailable":true,"isConnected":true,"isFailover":false,"isRoaming":false,"state":"CONNECTED","subtype":-1,"subtypeName":"","type":1,"typeName":"WIFI"}],"platformVersion":"15","realDisplaySize":"1080x2400","timeZone":"Africa/Cairo"}}
&amp#27;[38;5;162m[c039cefa]&amp#27;[0m&amp#27;[38;5;-44m[AndroidUiautomator2Driver@7fd0]&amp#27;[0m Screen already unlocked, doing nothing
&amp#27;[38;5;162m[c039cefa]&amp#27;[0m&amp#27;[38;5;-44m[AndroidUiautomator2Driver@7fd0]&amp#27;[0m Starting 'com.androidsample.generalstore/com.androidsample.generalstore.SplashActivity and waiting for 'com.androidsample.generalstore/com.androidsample.generalstore.SplashActivity'
&amp#27;[38;5;162m[c039cefa]&amp#27;[0m&amp#27;[38;5;229m[ADB]&amp#27;[0m Running 'C:\Users\hmohammed25\AppData\Local\Android\Sdk\platform-tools\adb.exe -P 5037 -s emulator-5554 shell am start -W -n com.androidsample.generalstore/com.androidsample.generalstore.SplashActivity -S -a android.intent.action.MAIN -c android.intent.category.LAUNCHER -f 0x10200000'
&amp#27;[38;5;162m[c039cefa]&amp#27;[0m&amp#27;[38;5;229m[ADB]&amp#27;[0m Waiting up to 20000ms for activity matching pkg: 'com.androidsample.generalstore' and activity: 'com.androidsample.generalstore.SplashActivity' to be focused
&amp#27;[38;5;162m[c039cefa]&amp#27;[0m&amp#27;[38;5;229m[ADB]&amp#27;[0m Possible activities, to be checked: 'com.androidsample.generalstore.SplashActivity', 'com.androidsample.generalstore.com.androidsample.generalstore.SplashActivity'
&amp#27;[38;5;162m[c039cefa]&amp#27;[0m&amp#27;[38;5;229m[ADB]&amp#27;[0m Getting focused package and activity
&amp#27;[38;5;162m[c039cefa]&amp#27;[0m&amp#27;[38;5;229m[ADB]&amp#27;[0m Running 'C:\Users\hmohammed25\AppData\Local\Android\Sdk\platform-tools\adb.exe -P 5037 -s emulator-5554 shell dumpsys window displays'
&amp#27;[38;5;162m[c039cefa]&amp#27;[0m&amp#27;[38;5;229m[ADB]&amp#27;[0m Found package: 'com.androidsample.generalstore' and fully qualified activity name : 'com.androidsample.generalstore.SplashActivity'
&amp#27;[38;5;162m[c039cefa]&amp#27;[0m&amp#27;[38;5;27m[AppiumDriver@115d]&amp#27;[0m New AndroidUiautomator2Driver session created successfully, session c039cefa-a65a-4169-8bbf-0928ea5ebeaf added to master session list
&amp#27;[38;5;162m[c039cefa]&amp#27;[0m&amp#27;[38;5;27m[AppiumDriver@115d]&amp#27;[0m Event 'newSessionStarted' logged at 1723366509899 (11:55:09 GMT+0300 (Eastern European Summer Time))
&amp#27;[38;5;162m[c039cefa]&amp#27;[0m&amp#27;[38;5;-44m[AndroidUiautomator2Driver@7fd0]&amp#27;[0m Cached the protocol value 'W3C' for the new session c039cefa-a65a-4169-8bbf-0928ea5ebeaf
&amp#27;[38;5;162m[c039cefa]&amp#27;[0m&amp#27;[38;5;-44m[AndroidUiautomator2Driver@7fd0]&amp#27;[0m Responding to client with driver.createSession() result: {"capabilities":{"platformName":"ANDROID","deviceName":"emulator-5554","automationName":"UIAutomator2","app":"C:\\Users\\hmohammed25\\OneDrive - DXC Production\\Documents\\New folder\\AppiumFrameWork/src/test/resources/General-Store.apk","platformVersion":"15","platform":"LINUX","webStorageEnabled":false,"takesScreenshot":true,"javascriptEnabled":true,"databaseEnabled":false,"networkConnectionEnabled":true,"locationContextEnabled":false,"warnings":{},"desired":{"platformName":"ANDROID","deviceName":"emulator-5554","automationName":"UIAutomator2","app":"C:\\Users\\hmohammed25\\OneDrive - DXC Production\\Documents\\New folder\\AppiumFrameWork/src/test/resources/General-Store.apk","platformVersion":"15"},"deviceUDID":"emulator-5554","appPackage":"com.androidsample.generalstore","pixelRatio":"2.625","statBarHeight":63,"viewportRect":{"left":0,"top":63,"width":1080,"height":2337},"deviceApiLevel":35,"deviceManufacturer":"Google","deviceModel":"sdk_gphone16k_x86_64","deviceScreenSize":"1080x2400","deviceScreenDe...
&amp#27;[38;5;162m[c039cefa]&amp#27;[0m&amp#27;[38;5;86m[HTTP]&amp#27;[0m &amp#27;[37m<-- POST /session &amp#27;[39m&amp#27;[32m200&amp#27;[39m &amp#27;[90m20612 ms - 1094&amp#27;[39m &amp#27;[90m&amp#27;[39m
&amp#27;[38;5;162m[c039cefa]&amp#27;[0m&amp#27;[38;5;86m[HTTP]&amp#27;[0m &amp#27;[37m-->&amp#27;[39m &amp#27;[37mPOST&amp#27;[39m &amp#27;[37m/session/c039cefa-a65a-4169-8bbf-0928ea5ebeaf/timeouts&amp#27;[39m &amp#27;[90m{"implicit":10000}&amp#27;[39m
&amp#27;[38;5;162m[c039cefa]&amp#27;[0m&amp#27;[38;5;-44m[AndroidUiautomator2Driver@7fd0]&amp#27;[0m Calling AppiumDriver.timeouts() with args: [null,null,null,null,10000,"c039cefa-a65a-4169-8bbf-0928ea5ebeaf"]
&amp#27;[38;5;162m[c039cefa]&amp#27;[0m&amp#27;[38;5;-44m[AndroidUiautomator2Driver@7fd0]&amp#27;[0m W3C timeout argument: {"implicit":10000}}
&amp#27;[38;5;162m[c039cefa]&amp#27;[0m&amp#27;[38;5;-44m[AndroidUiautomator2Driver@7fd0]&amp#27;[0m Set implicit wait to 10000ms
&amp#27;[38;5;162m[c039cefa]&amp#27;[0m&amp#27;[38;5;-44m[AndroidUiautomator2Driver@7fd0]&amp#27;[0m Responding to client with driver.timeouts() result: null
&amp#27;[38;5;162m[c039cefa]&amp#27;[0m&amp#27;[38;5;86m[HTTP]&amp#27;[0m &amp#27;[37m<-- POST /session/c039cefa-a65a-4169-8bbf-0928ea5ebeaf/timeouts &amp#27;[39m&amp#27;[32m200&amp#27;[39m &amp#27;[90m6 ms - 14&amp#27;[39m &amp#27;[90m&amp#27;[39m
&amp#27;[38;5;162m[c039cefa]&amp#27;[0m&amp#27;[38;5;86m[HTTP]&amp#27;[0m &amp#27;[37m-->&amp#27;[39m &amp#27;[37mPOST&amp#27;[39m &amp#27;[37m/session/c039cefa-a65a-4169-8bbf-0928ea5ebeaf/element&amp#27;[39m &amp#27;[90m{"using":"id","value":"android:id/text1"}&amp#27;[39m
&amp#27;[38;5;162m[c039cefa]&amp#27;[0m&amp#27;[38;5;-44m[AndroidUiautomator2Driver@7fd0]&amp#27;[0m Calling AppiumDriver.findElement() with args: ["id","android:id/text1","c039cefa-a65a-4169-8bbf-0928ea5ebeaf"]
&amp#27;[38;5;162m[c039cefa]&amp#27;[0m&amp#27;[38;5;-44m[AndroidUiautomator2Driver@7fd0]&amp#27;[0m Valid locator strategies for this request: xpath, id, class name, accessibility id, css selector, -android uiautomator
&amp#27;[38;5;162m[c039cefa]&amp#27;[0m&amp#27;[38;5;-44m[AndroidUiautomator2Driver@7fd0]&amp#27;[0m Waiting up to 10000 ms for condition
&amp#27;[38;5;162m[c039cefa]&amp#27;[0m&amp#27;[38;5;-44m[AndroidUiautomator2Driver@7fd0]&amp#27;[0m Matched '/element' to command name 'findElement'
&amp#27;[38;5;162m[c039cefa]&amp#27;[0m&amp#27;[38;5;-44m[AndroidUiautomator2Driver@7fd0]&amp#27;[0m Proxying [POST /element] to [POST http://127.0.0.1:8200/session/abdef6a6-5960-49c7-a99c-6a39d00adea5/element] with body: {"strategy":"id","selector":"android:id/text1","context":"","multiple":false}
&amp#27;[38;5;162m[c039cefa]&amp#27;[0m&amp#27;[38;5;-44m[AndroidUiautomator2Driver@7fd0]&amp#27;[0m Got response with status 200: {"sessionId":"abdef6a6-5960-49c7-a99c-6a39d00adea5","value":{"ELEMENT":"00000000-0000-005f-ffff-ffff00000024","element-6066-11e4-a52e-4f735466cecf":"00000000-0000-005f-ffff-ffff00000024"}}
&amp#27;[38;5;162m[c039cefa]&amp#27;[0m&amp#27;[38;5;-44m[AndroidUiautomator2Driver@7fd0]&amp#27;[0m Responding to client with driver.findElement() result: {"element-6066-11e4-a52e-4f735466cecf":"00000000-0000-005f-ffff-ffff00000024","ELEMENT":"00000000-0000-005f-ffff-ffff00000024"}
&amp#27;[38;5;162m[c039cefa]&amp#27;[0m&amp#27;[38;5;86m[HTTP]&amp#27;[0m &amp#27;[37m<-- POST /session/c039cefa-a65a-4169-8bbf-0928ea5ebeaf/element &amp#27;[39m&amp#27;[32m200&amp#27;[39m &amp#27;[90m912 ms - 137&amp#27;[39m &amp#27;[90m&amp#27;[39m
&amp#27;[38;5;162m[c039cefa]&amp#27;[0m&amp#27;[38;5;86m[HTTP]&amp#27;[0m &amp#27;[37m-->&amp#27;[39m &amp#27;[37mPOST&amp#27;[39m &amp#27;[37m/session/c039cefa-a65a-4169-8bbf-0928ea5ebeaf/element/00000000-0000-005f-ffff-ffff00000024/click&amp#27;[39m &amp#27;[90m{"id":"00000000-0000-005f-ffff-ffff00000024"}&amp#27;[39m
&amp#27;[38;5;162m[c039cefa]&amp#27;[0m&amp#27;[38;5;-44m[AndroidUiautomator2Driver@7fd0]&amp#27;[0m Calling AppiumDriver.click() with args: ["00000000-0000-005f-ffff-ffff00000024","c039cefa-a65a-4169-8bbf-0928ea5ebeaf"]
&amp#27;[38;5;162m[c039cefa]&amp#27;[0m&amp#27;[38;5;-44m[AndroidUiautomator2Driver@7fd0]&amp#27;[0m Matched '/element/00000000-0000-005f-ffff-ffff00000024/click' to command name 'click'
&amp#27;[38;5;162m[c039cefa]&amp#27;[0m&amp#27;[38;5;-44m[AndroidUiautomator2Driver@7fd0]&amp#27;[0m Proxying [POST /element/00000000-0000-005f-ffff-ffff00000024/click] to [POST http://127.0.0.1:8200/session/abdef6a6-5960-49c7-a99c-6a39d00adea5/element/00000000-0000-005f-ffff-ffff00000024/click] with body: {"element":"00000000-0000-005f-ffff-ffff00000024"}
&amp#27;[38;5;162m[c039cefa]&amp#27;[0m&amp#27;[38;5;-44m[AndroidUiautomator2Driver@7fd0]&amp#27;[0m Got response with status 200: {"sessionId":"abdef6a6-5960-49c7-a99c-6a39d00adea5","value":null}
&amp#27;[38;5;162m[c039cefa]&amp#27;[0m&amp#27;[38;5;-44m[AndroidUiautomator2Driver@7fd0]&amp#27;[0m Responding to client with driver.click() result: null
&amp#27;[38;5;162m[c039cefa]&amp#27;[0m&amp#27;[38;5;86m[HTTP]&amp#27;[0m &amp#27;[37m<-- POST /session/c039cefa-a65a-4169-8bbf-0928ea5ebeaf/element/00000000-0000-005f-ffff-ffff00000024/click &amp#27;[39m&amp#27;[32m200&amp#27;[39m &amp#27;[90m135 ms - 14&amp#27;[39m &amp#27;[90m&amp#27;[39m
&amp#27;[38;5;162m[c039cefa]&amp#27;[0m&amp#27;[38;5;86m[HTTP]&amp#27;[0m &amp#27;[37m-->&amp#27;[39m &amp#27;[37mPOST&amp#27;[39m &amp#27;[37m/session/c039cefa-a65a-4169-8bbf-0928ea5ebeaf/element&amp#27;[39m &amp#27;[90m{"using":"-android uiautomator","value":"new UiScrollable(new UiSelector()).scrollIntoView(text(\"Argentina\"))"}&amp#27;[39m
&amp#27;[38;5;162m[c039cefa]&amp#27;[0m&amp#27;[38;5;-44m[AndroidUiautomator2Driver@7fd0]&amp#27;[0m Calling AppiumDriver.findElement() with args: ["-android uiautomator","new UiScrollable(new UiSelector()).scrollIntoView(text(\"Argentina\"))","c039cefa-a65a-4169-8bbf-0928ea5ebeaf"]
&amp#27;[38;5;162m[c039cefa]&amp#27;[0m&amp#27;[38;5;-44m[AndroidUiautomator2Driver@7fd0]&amp#27;[0m Valid locator strategies for this request: xpath, id, class name, accessibility id, css selector, -android uiautomator
&amp#27;[38;5;162m[c039cefa]&amp#27;[0m&amp#27;[38;5;-44m[AndroidUiautomator2Driver@7fd0]&amp#27;[0m Waiting up to 10000 ms for condition
&amp#27;[38;5;162m[c039cefa]&amp#27;[0m&amp#27;[38;5;-44m[AndroidUiautomator2Driver@7fd0]&amp#27;[0m Matched '/element' to command name 'findElement'
&amp#27;[38;5;162m[c039cefa]&amp#27;[0m&amp#27;[38;5;-44m[AndroidUiautomator2Driver@7fd0]&amp#27;[0m Proxying [POST /element] to [POST http://127.0.0.1:8200/session/abdef6a6-5960-49c7-a99c-6a39d00adea5/element] with body: {"strategy":"-android uiautomator","selector":"new UiScrollable(new UiSelector()).scrollIntoView(text(\"Argentina\"))","context":"","multiple":false}
&amp#27;[38;5;162m[c039cefa]&amp#27;[0m&amp#27;[38;5;-44m[AndroidUiautomator2Driver@7fd0]&amp#27;[0m Got response with status 200: {"sessionId":"abdef6a6-5960-49c7-a99c-6a39d00adea5","value":{"ELEMENT":"00000000-0000-0060-ffff-ffff00000032","element-6066-11e4-a52e-4f735466cecf":"00000000-0000-0060-ffff-ffff00000032"}}
&amp#27;[38;5;162m[c039cefa]&amp#27;[0m&amp#27;[38;5;-44m[AndroidUiautomator2Driver@7fd0]&amp#27;[0m Responding to client with driver.findElement() result: {"element-6066-11e4-a52e-4f735466cecf":"00000000-0000-0060-ffff-ffff00000032","ELEMENT":"00000000-0000-0060-ffff-ffff00000032"}
&amp#27;[38;5;162m[c039cefa]&amp#27;[0m&amp#27;[38;5;86m[HTTP]&amp#27;[0m &amp#27;[37m<-- POST /session/c039cefa-a65a-4169-8bbf-0928ea5ebeaf/element &amp#27;[39m&amp#27;[32m200&amp#27;[39m &amp#27;[90m1218 ms - 137&amp#27;[39m &amp#27;[90m&amp#27;[39m
&amp#27;[38;5;162m[c039cefa]&amp#27;[0m&amp#27;[38;5;86m[HTTP]&amp#27;[0m &amp#27;[37m-->&amp#27;[39m &amp#27;[37mPOST&amp#27;[39m &amp#27;[37m/session/c039cefa-a65a-4169-8bbf-0928ea5ebeaf/element&amp#27;[39m &amp#27;[90m{"using":"xpath","value":"//android.widget.TextView[@text=\"Argentina\"]"}&amp#27;[39m
&amp#27;[38;5;162m[c039cefa]&amp#27;[0m&amp#27;[38;5;-44m[AndroidUiautomator2Driver@7fd0]&amp#27;[0m Calling AppiumDriver.findElement() with args: ["xpath","//android.widget.TextView[@text=\"Argentina\"]","c039cefa-a65a-4169-8bbf-0928ea5ebeaf"]
&amp#27;[38;5;162m[c039cefa]&amp#27;[0m&amp#27;[38;5;-44m[AndroidUiautomator2Driver@7fd0]&amp#27;[0m Valid locator strategies for this request: xpath, id, class name, accessibility id, css selector, -android uiautomator
&amp#27;[38;5;162m[c039cefa]&amp#27;[0m&amp#27;[38;5;-44m[AndroidUiautomator2Driver@7fd0]&amp#27;[0m Waiting up to 10000 ms for condition
&amp#27;[38;5;162m[c039cefa]&amp#27;[0m&amp#27;[38;5;-44m[AndroidUiautomator2Driver@7fd0]&amp#27;[0m Matched '/element' to command name 'findElement'
&amp#27;[38;5;162m[c039cefa]&amp#27;[0m&amp#27;[38;5;-44m[AndroidUiautomator2Driver@7fd0]&amp#27;[0m Proxying [POST /element] to [POST http://127.0.0.1:8200/session/abdef6a6-5960-49c7-a99c-6a39d00adea5/element] with body: {"strategy":"xpath","selector":"//android.widget.TextView[@text=\"Argentina\"]","context":"","multiple":false}
&amp#27;[38;5;162m[c039cefa]&amp#27;[0m&amp#27;[38;5;-44m[AndroidUiautomator2Driver@7fd0]&amp#27;[0m Got response with status 200: {"sessionId":"abdef6a6-5960-49c7-a99c-6a39d00adea5","value":{"ELEMENT":"00000000-0000-0060-ffff-ffff00000032","element-6066-11e4-a52e-4f735466cecf":"00000000-0000-0060-ffff-ffff00000032"}}
&amp#27;[38;5;162m[c039cefa]&amp#27;[0m&amp#27;[38;5;-44m[AndroidUiautomator2Driver@7fd0]&amp#27;[0m Responding to client with driver.findElement() result: {"element-6066-11e4-a52e-4f735466cecf":"00000000-0000-0060-ffff-ffff00000032","ELEMENT":"00000000-0000-0060-ffff-ffff00000032"}
&amp#27;[38;5;162m[c039cefa]&amp#27;[0m&amp#27;[38;5;86m[HTTP]&amp#27;[0m &amp#27;[37m<-- POST /session/c039cefa-a65a-4169-8bbf-0928ea5ebeaf/element &amp#27;[39m&amp#27;[32m200&amp#27;[39m &amp#27;[90m1207 ms - 137&amp#27;[39m &amp#27;[90m&amp#27;[39m
&amp#27;[38;5;162m[c039cefa]&amp#27;[0m&amp#27;[38;5;86m[HTTP]&amp#27;[0m &amp#27;[37m-->&amp#27;[39m &amp#27;[37mPOST&amp#27;[39m &amp#27;[37m/session/c039cefa-a65a-4169-8bbf-0928ea5ebeaf/element/00000000-0000-0060-ffff-ffff00000032/click&amp#27;[39m &amp#27;[90m{"id":"00000000-0000-0060-ffff-ffff00000032"}&amp#27;[39m
&amp#27;[38;5;162m[c039cefa]&amp#27;[0m&amp#27;[38;5;-44m[AndroidUiautomator2Driver@7fd0]&amp#27;[0m Calling AppiumDriver.click() with args: ["00000000-0000-0060-ffff-ffff00000032","c039cefa-a65a-4169-8bbf-0928ea5ebeaf"]
&amp#27;[38;5;162m[c039cefa]&amp#27;[0m&amp#27;[38;5;-44m[AndroidUiautomator2Driver@7fd0]&amp#27;[0m Matched '/element/00000000-0000-0060-ffff-ffff00000032/click' to command name 'click'
&amp#27;[38;5;162m[c039cefa]&amp#27;[0m&amp#27;[38;5;-44m[AndroidUiautomator2Driver@7fd0]&amp#27;[0m Proxying [POST /element/00000000-0000-0060-ffff-ffff00000032/click] to [POST http://127.0.0.1:8200/session/abdef6a6-5960-49c7-a99c-6a39d00adea5/element/00000000-0000-0060-ffff-ffff00000032/click] with body: {"element":"00000000-0000-0060-ffff-ffff00000032"}
&amp#27;[38;5;162m[c039cefa]&amp#27;[0m&amp#27;[38;5;-44m[AndroidUiautomator2Driver@7fd0]&amp#27;[0m Got response with status 200: {"sessionId":"abdef6a6-5960-49c7-a99c-6a39d00adea5","value":null}
&amp#27;[38;5;162m[c039cefa]&amp#27;[0m&amp#27;[38;5;-44m[AndroidUiautomator2Driver@7fd0]&amp#27;[0m Responding to client with driver.click() result: null
&amp#27;[38;5;162m[c039cefa]&amp#27;[0m&amp#27;[38;5;86m[HTTP]&amp#27;[0m &amp#27;[37m<-- POST /session/c039cefa-a65a-4169-8bbf-0928ea5ebeaf/element/00000000-0000-0060-ffff-ffff00000032/click &amp#27;[39m&amp#27;[32m200&amp#27;[39m &amp#27;[90m88 ms - 14&amp#27;[39m &amp#27;[90m&amp#27;[39m
&amp#27;[38;5;162m[c039cefa]&amp#27;[0m&amp#27;[38;5;86m[HTTP]&amp#27;[0m &amp#27;[37m-->&amp#27;[39m &amp#27;[37mPOST&amp#27;[39m &amp#27;[37m/session/c039cefa-a65a-4169-8bbf-0928ea5ebeaf/element&amp#27;[39m &amp#27;[90m{"using":"id","value":"com.androidsample.generalstore:id/radioFemale"}&amp#27;[39m
&amp#27;[38;5;162m[c039cefa]&amp#27;[0m&amp#27;[38;5;-44m[AndroidUiautomator2Driver@7fd0]&amp#27;[0m Calling AppiumDriver.findElement() with args: ["id","com.androidsample.generalstore:id/radioFemale","c039cefa-a65a-4169-8bbf-0928ea5ebeaf"]
&amp#27;[38;5;162m[c039cefa]&amp#27;[0m&amp#27;[38;5;-44m[AndroidUiautomator2Driver@7fd0]&amp#27;[0m Valid locator strategies for this request: xpath, id, class name, accessibility id, css selector, -android uiautomator
&amp#27;[38;5;162m[c039cefa]&amp#27;[0m&amp#27;[38;5;-44m[AndroidUiautomator2Driver@7fd0]&amp#27;[0m Waiting up to 10000 ms for condition
&amp#27;[38;5;162m[c039cefa]&amp#27;[0m&amp#27;[38;5;-44m[AndroidUiautomator2Driver@7fd0]&amp#27;[0m Matched '/element' to command name 'findElement'
&amp#27;[38;5;162m[c039cefa]&amp#27;[0m&amp#27;[38;5;-44m[AndroidUiautomator2Driver@7fd0]&amp#27;[0m Proxying [POST /element] to [POST http://127.0.0.1:8200/session/abdef6a6-5960-49c7-a99c-6a39d00adea5/element] with body: {"strategy":"id","selector":"com.androidsample.generalstore:id/radioFemale","context":"","multiple":false}
&amp#27;[38;5;162m[c039cefa]&amp#27;[0m&amp#27;[38;5;-44m[AndroidUiautomator2Driver@7fd0]&amp#27;[0m Got response with status 200: {"sessionId":"abdef6a6-5960-49c7-a99c-6a39d00adea5","value":{"ELEMENT":"00000000-0000-005f-ffff-ffff00000020","element-6066-11e4-a52e-4f735466cecf":"00000000-0000-005f-ffff-ffff00000020"}}
&amp#27;[38;5;162m[c039cefa]&amp#27;[0m&amp#27;[38;5;-44m[AndroidUiautomator2Driver@7fd0]&amp#27;[0m Responding to client with driver.findElement() result: {"element-6066-11e4-a52e-4f735466cecf":"00000000-0000-005f-ffff-ffff00000020","ELEMENT":"00000000-0000-005f-ffff-ffff00000020"}
&amp#27;[38;5;162m[c039cefa]&amp#27;[0m&amp#27;[38;5;86m[HTTP]&amp#27;[0m &amp#27;[37m<-- POST /session/c039cefa-a65a-4169-8bbf-0928ea5ebeaf/element &amp#27;[39m&amp#27;[32m200&amp#27;[39m &amp#27;[90m1997 ms - 137&amp#27;[39m &amp#27;[90m&amp#27;[39m
&amp#27;[38;5;162m[c039cefa]&amp#27;[0m&amp#27;[38;5;86m[HTTP]&amp#27;[0m &amp#27;[37m-->&amp#27;[39m &amp#27;[37mPOST&amp#27;[39m &amp#27;[37m/session/c039cefa-a65a-4169-8bbf-0928ea5ebeaf/element/00000000-0000-005f-ffff-ffff00000020/click&amp#27;[39m &amp#27;[90m{"id":"00000000-0000-005f-ffff-ffff00000020"}&amp#27;[39m
&amp#27;[38;5;162m[c039cefa]&amp#27;[0m&amp#27;[38;5;-44m[AndroidUiautomator2Driver@7fd0]&amp#27;[0m Calling AppiumDriver.click() with args: ["00000000-0000-005f-ffff-ffff00000020","c039cefa-a65a-4169-8bbf-0928ea5ebeaf"]
&amp#27;[38;5;162m[c039cefa]&amp#27;[0m&amp#27;[38;5;-44m[AndroidUiautomator2Driver@7fd0]&amp#27;[0m Matched '/element/00000000-0000-005f-ffff-ffff00000020/click' to command name 'click'
&amp#27;[38;5;162m[c039cefa]&amp#27;[0m&amp#27;[38;5;-44m[AndroidUiautomator2Driver@7fd0]&amp#27;[0m Proxying [POST /element/00000000-0000-005f-ffff-ffff00000020/click] to [POST http://127.0.0.1:8200/session/abdef6a6-5960-49c7-a99c-6a39d00adea5/element/00000000-0000-005f-ffff-ffff00000020/click] with body: {"element":"00000000-0000-005f-ffff-ffff00000020"}
&amp#27;[38;5;162m[c039cefa]&amp#27;[0m&amp#27;[38;5;-44m[AndroidUiautomator2Driver@7fd0]&amp#27;[0m Got response with status 200: {"sessionId":"abdef6a6-5960-49c7-a99c-6a39d00adea5","value":null}
&amp#27;[38;5;162m[c039cefa]&amp#27;[0m&amp#27;[38;5;-44m[AndroidUiautomator2Driver@7fd0]&amp#27;[0m Responding to client with driver.click() result: null
&amp#27;[38;5;162m[c039cefa]&amp#27;[0m&amp#27;[38;5;86m[HTTP]&amp#27;[0m &amp#27;[37m<-- POST /session/c039cefa-a65a-4169-8bbf-0928ea5ebeaf/element/00000000-0000-005f-ffff-ffff00000020/click &amp#27;[39m&amp#27;[32m200&amp#27;[39m &amp#27;[90m230 ms - 14&amp#27;[39m &amp#27;[90m&amp#27;[39m
&amp#27;[38;5;162m[c039cefa]&amp#27;[0m&amp#27;[38;5;86m[HTTP]&amp#27;[0m &amp#27;[37m-->&amp#27;[39m &amp#27;[37mPOST&amp#27;[39m &amp#27;[37m/session/c039cefa-a65a-4169-8bbf-0928ea5ebeaf/element&amp#27;[39m &amp#27;[90m{"using":"id","value":"com.androidsample.generalstore:id/btnLetsShop"}&amp#27;[39m
&amp#27;[38;5;162m[c039cefa]&amp#27;[0m&amp#27;[38;5;-44m[AndroidUiautomator2Driver@7fd0]&amp#27;[0m Calling AppiumDriver.findElement() with args: ["id","com.androidsample.generalstore:id/btnLetsShop","c039cefa-a65a-4169-8bbf-0928ea5ebeaf"]
&amp#27;[38;5;162m[c039cefa]&amp#27;[0m&amp#27;[38;5;-44m[AndroidUiautomator2Driver@7fd0]&amp#27;[0m Valid locator strategies for this request: xpath, id, class name, accessibility id, css selector, -android uiautomator
&amp#27;[38;5;162m[c039cefa]&amp#27;[0m&amp#27;[38;5;-44m[AndroidUiautomator2Driver@7fd0]&amp#27;[0m Waiting up to 10000 ms for condition
&amp#27;[38;5;162m[c039cefa]&amp#27;[0m&amp#27;[38;5;-44m[AndroidUiautomator2Driver@7fd0]&amp#27;[0m Matched '/element' to command name 'findElement'
&amp#27;[38;5;162m[c039cefa]&amp#27;[0m&amp#27;[38;5;-44m[AndroidUiautomator2Driver@7fd0]&amp#27;[0m Proxying [POST /element] to [POST http://127.0.0.1:8200/session/abdef6a6-5960-49c7-a99c-6a39d00adea5/element] with body: {"strategy":"id","selector":"com.androidsample.generalstore:id/btnLetsShop","context":"","multiple":false}
&amp#27;[38;5;162m[c039cefa]&amp#27;[0m&amp#27;[38;5;-44m[AndroidUiautomator2Driver@7fd0]&amp#27;[0m Got response with status 200: {"sessionId":"abdef6a6-5960-49c7-a99c-6a39d00adea5","value":{"ELEMENT":"00000000-0000-005f-ffff-ffff00000021","element-6066-11e4-a52e-4f735466cecf":"00000000-0000-005f-ffff-ffff00000021"}}
&amp#27;[38;5;162m[c039cefa]&amp#27;[0m&amp#27;[38;5;-44m[AndroidUiautomator2Driver@7fd0]&amp#27;[0m Responding to client with driver.findElement() result: {"element-6066-11e4-a52e-4f735466cecf":"00000000-0000-005f-ffff-ffff00000021","ELEMENT":"00000000-0000-005f-ffff-ffff00000021"}
&amp#27;[38;5;162m[c039cefa]&amp#27;[0m&amp#27;[38;5;86m[HTTP]&amp#27;[0m &amp#27;[37m<-- POST /session/c039cefa-a65a-4169-8bbf-0928ea5ebeaf/element &amp#27;[39m&amp#27;[32m200&amp#27;[39m &amp#27;[90m112 ms - 137&amp#27;[39m &amp#27;[90m&amp#27;[39m
&amp#27;[38;5;162m[c039cefa]&amp#27;[0m&amp#27;[38;5;86m[HTTP]&amp#27;[0m &amp#27;[37m-->&amp#27;[39m &amp#27;[37mPOST&amp#27;[39m &amp#27;[37m/session/c039cefa-a65a-4169-8bbf-0928ea5ebeaf/element/00000000-0000-005f-ffff-ffff00000021/click&amp#27;[39m &amp#27;[90m{"id":"00000000-0000-005f-ffff-ffff00000021"}&amp#27;[39m
&amp#27;[38;5;162m[c039cefa]&amp#27;[0m&amp#27;[38;5;-44m[AndroidUiautomator2Driver@7fd0]&amp#27;[0m Calling AppiumDriver.click() with args: ["00000000-0000-005f-ffff-ffff00000021","c039cefa-a65a-4169-8bbf-0928ea5ebeaf"]
&amp#27;[38;5;162m[c039cefa]&amp#27;[0m&amp#27;[38;5;-44m[AndroidUiautomator2Driver@7fd0]&amp#27;[0m Matched '/element/00000000-0000-005f-ffff-ffff00000021/click' to command name 'click'
&amp#27;[38;5;162m[c039cefa]&amp#27;[0m&amp#27;[38;5;-44m[AndroidUiautomator2Driver@7fd0]&amp#27;[0m Proxying [POST /element/00000000-0000-005f-ffff-ffff00000021/click] to [POST http://127.0.0.1:8200/session/abdef6a6-5960-49c7-a99c-6a39d00adea5/element/00000000-0000-005f-ffff-ffff00000021/click] with body: {"element":"00000000-0000-005f-ffff-ffff00000021"}
&amp#27;[38;5;162m[c039cefa]&amp#27;[0m&amp#27;[38;5;-44m[AndroidUiautomator2Driver@7fd0]&amp#27;[0m Got response with status 200: {"sessionId":"abdef6a6-5960-49c7-a99c-6a39d00adea5","value":null}
&amp#27;[38;5;162m[c039cefa]&amp#27;[0m&amp#27;[38;5;-44m[AndroidUiautomator2Driver@7fd0]&amp#27;[0m Responding to client with driver.click() result: null
&amp#27;[38;5;162m[c039cefa]&amp#27;[0m&amp#27;[38;5;86m[HTTP]&amp#27;[0m &amp#27;[37m<-- POST /session/c039cefa-a65a-4169-8bbf-0928ea5ebeaf/element/00000000-0000-005f-ffff-ffff00000021/click &amp#27;[39m&amp#27;[32m200&amp#27;[39m &amp#27;[90m635 ms - 14&amp#27;[39m &amp#27;[90m&amp#27;[39m
&amp#27;[38;5;162m[c039cefa]&amp#27;[0m&amp#27;[38;5;86m[HTTP]&amp#27;[0m &amp#27;[37m-->&amp#27;[39m &amp#27;[37mPOST&amp#27;[39m &amp#27;[37m/session/c039cefa-a65a-4169-8bbf-0928ea5ebeaf/element&amp#27;[39m &amp#27;[90m{"using":"xpath","value":"//android.widget.Toast"}&amp#27;[39m
&amp#27;[38;5;162m[c039cefa]&amp#27;[0m&amp#27;[38;5;-44m[AndroidUiautomator2Driver@7fd0]&amp#27;[0m Calling AppiumDriver.findElement() with args: ["xpath","//android.widget.Toast","c039cefa-a65a-4169-8bbf-0928ea5ebeaf"]
&amp#27;[38;5;162m[c039cefa]&amp#27;[0m&amp#27;[38;5;-44m[AndroidUiautomator2Driver@7fd0]&amp#27;[0m Valid locator strategies for this request: xpath, id, class name, accessibility id, css selector, -android uiautomator
&amp#27;[38;5;162m[c039cefa]&amp#27;[0m&amp#27;[38;5;-44m[AndroidUiautomator2Driver@7fd0]&amp#27;[0m Waiting up to 10000 ms for condition
&amp#27;[38;5;162m[c039cefa]&amp#27;[0m&amp#27;[38;5;-44m[AndroidUiautomator2Driver@7fd0]&amp#27;[0m Matched '/element' to command name 'findElement'
&amp#27;[38;5;162m[c039cefa]&amp#27;[0m&amp#27;[38;5;-44m[AndroidUiautomator2Driver@7fd0]&amp#27;[0m Proxying [POST /element] to [POST http://127.0.0.1:8200/session/abdef6a6-5960-49c7-a99c-6a39d00adea5/element] with body: {"strategy":"xpath","selector":"//android.widget.Toast","context":"","multiple":false}
&amp#27;[38;5;162m[c039cefa]&amp#27;[0m&amp#27;[38;5;-44m[AndroidUiautomator2Driver@7fd0]&amp#27;[0m Got response with status 200: {"sessionId":"abdef6a6-5960-49c7-a99c-6a39d00adea5","value":{"ELEMENT":"9900b63c-6268-44ee-b68d-7b37c8c7b95a","element-6066-11e4-a52e-4f735466cecf":"9900b63c-6268-44ee-b68d-7b37c8c7b95a"}}
&amp#27;[38;5;162m[c039cefa]&amp#27;[0m&amp#27;[38;5;-44m[AndroidUiautomator2Driver@7fd0]&amp#27;[0m Responding to client with driver.findElement() result: {"element-6066-11e4-a52e-4f735466cecf":"9900b63c-6268-44ee-b68d-7b37c8c7b95a","ELEMENT":"9900b63c-6268-44ee-b68d-7b37c8c7b95a"}
&amp#27;[38;5;162m[c039cefa]&amp#27;[0m&amp#27;[38;5;86m[HTTP]&amp#27;[0m &amp#27;[37m<-- POST /session/c039cefa-a65a-4169-8bbf-0928ea5ebeaf/element &amp#27;[39m&amp#27;[32m200&amp#27;[39m &amp#27;[90m1158 ms - 137&amp#27;[39m &amp#27;[90m&amp#27;[39m
&amp#27;[38;5;162m[c039cefa]&amp#27;[0m&amp#27;[38;5;86m[HTTP]&amp#27;[0m &amp#27;[37m-->&amp#27;[39m &amp#27;[37mGET&amp#27;[39m &amp#27;[37m/session/c039cefa-a65a-4169-8bbf-0928ea5ebeaf/element/9900b63c-6268-44ee-b68d-7b37c8c7b95a/attribute/name&amp#27;[39m &amp#27;[90m{}&amp#27;[39m
&amp#27;[38;5;162m[c039cefa]&amp#27;[0m&amp#27;[38;5;-44m[AndroidUiautomator2Driver@7fd0]&amp#27;[0m Calling AppiumDriver.getAttribute() with args: ["name","9900b63c-6268-44ee-b68d-7b37c8c7b95a","c039cefa-a65a-4169-8bbf-0928ea5ebeaf"]
&amp#27;[38;5;162m[c039cefa]&amp#27;[0m&amp#27;[38;5;-44m[AndroidUiautomator2Driver@7fd0]&amp#27;[0m Matched '/element/9900b63c-6268-44ee-b68d-7b37c8c7b95a/attribute/name' to command name 'getAttribute'
&amp#27;[38;5;162m[c039cefa]&amp#27;[0m&amp#27;[38;5;-44m[AndroidUiautomator2Driver@7fd0]&amp#27;[0m Proxying [GET /element/9900b63c-6268-44ee-b68d-7b37c8c7b95a/attribute/name] to [GET http://127.0.0.1:8200/session/abdef6a6-5960-49c7-a99c-6a39d00adea5/element/9900b63c-6268-44ee-b68d-7b37c8c7b95a/attribute/name] with no body
&amp#27;[38;5;162m[c039cefa]&amp#27;[0m&amp#27;[38;5;-44m[AndroidUiautomator2Driver@7fd0]&amp#27;[0m Got response with status 200: {"sessionId":"abdef6a6-5960-49c7-a99c-6a39d00adea5","value":"Please enter your name"}
&amp#27;[38;5;162m[c039cefa]&amp#27;[0m&amp#27;[38;5;-44m[AndroidUiautomator2Driver@7fd0]&amp#27;[0m Responding to client with driver.getAttribute() result: "Please enter your name"
&amp#27;[38;5;162m[c039cefa]&amp#27;[0m&amp#27;[38;5;86m[HTTP]&amp#27;[0m &amp#27;[37m<-- GET /session/c039cefa-a65a-4169-8bbf-0928ea5ebeaf/element/9900b63c-6268-44ee-b68d-7b37c8c7b95a/attribute/name &amp#27;[39m&amp#27;[32m200&amp#27;[39m &amp#27;[90m157 ms - 34&amp#27;[39m &amp#27;[90m&amp#27;[39m
]]></system-out>
    <system-err><![CDATA[SLF4J(W): No SLF4J providers were found.
SLF4J(W): Defaulting to no-operation (NOP) logger implementation
SLF4J(W): See https://www.slf4j.org/codes.html#noProviders for further details.
]]></system-err>
  </testcase>
  <testcase name="validShoppingForm" classname="AddToCartTest" time="16.77">
    <failure message="The element &apos;By.id: com.androidsample.generalstore:id/productName&apos; does not exist in DOM anymore&#10;For documentation on this error, please visit: https://www.selenium.dev/documentation/webdriver/troubleshooting/errors#stale-element-reference-exception&#10;Build info: version: &apos;4.23.1&apos;, revision: &apos;656257d8e9&apos;&#10;System info: os.name: &apos;Windows 11&apos;, os.arch: &apos;amd64&apos;, os.version: &apos;10.0&apos;, java.version: &apos;21.0.2&apos;&#10;Driver info: io.appium.java_client.android.AndroidDriver&#10;Command: [c039cefa-a65a-4169-8bbf-0928ea5ebeaf, getElementText {id=00000000-0000-0063-ffff-ffff00000088}]&#10;Capabilities {appium:app: C:\Users\hmohammed25\OneDri..., appium:appPackage: com.androidsample.generalstore, appium:automationName: UIAutomator2, appium:databaseEnabled: false, appium:desired: {app: C:\Users\hmohammed25\OneDri..., automationName: UIAutomator2, deviceName: emulator-5554, platformName: ANDROID, platformVersion: 15}, appium:deviceApiLevel: 35, appium:deviceManufacturer: Google, appium:deviceModel: sdk_gphone16k_x86_64, appium:deviceName: emulator-5554, appium:deviceScreenDensity: 420, appium:deviceScreenSize: 1080x2400, appium:deviceUDID: emulator-5554, appium:javascriptEnabled: true, appium:locationContextEnabled: false, appium:networkConnectionEnabled: true, appium:pixelRatio: 2.625, appium:platformVersion: 15, appium:statBarHeight: 63, appium:takesScreenshot: true, appium:viewportRect: {height: 2337, left: 0, top: 63, width: 1080}, appium:warnings: {}, appium:webStorageEnabled: false, platformName: ANDROID}&#10;Element: [[AndroidDriver:  on ANDROID (c039cefa-a65a-4169-8bbf-0928ea5ebeaf)] -&gt; id: com.androidsample.generalstore:id/productName]&#10;Session ID: c039cefa-a65a-4169-8bbf-0928ea5ebeaf" type="org.openqa.selenium.StaleElementReferenceException"><![CDATA[org.openqa.selenium.StaleElementReferenceException: 
The element 'By.id: com.androidsample.generalstore:id/productName' does not exist in DOM anymore
For documentation on this error, please visit: https://www.selenium.dev/documentation/webdriver/troubleshooting/errors#stale-element-reference-exception
Build info: version: '4.23.1', revision: '656257d8e9'
System info: os.name: 'Windows 11', os.arch: 'amd64', os.version: '10.0', java.version: '21.0.2'
Driver info: io.appium.java_client.android.AndroidDriver
Command: [c039cefa-a65a-4169-8bbf-0928ea5ebeaf, getElementText {id=00000000-0000-0063-ffff-ffff00000088}]
Capabilities {appium:app: C:\Users\hmohammed25\OneDri..., appium:appPackage: com.androidsample.generalstore, appium:automationName: UIAutomator2, appium:databaseEnabled: false, appium:desired: {app: C:\Users\hmohammed25\OneDri..., automationName: UIAutomator2, deviceName: emulator-5554, platformName: ANDROID, platformVersion: 15}, appium:deviceApiLevel: 35, appium:deviceManufacturer: Google, appium:deviceModel: sdk_gphone16k_x86_64, appium:deviceName: emulator-5554, appium:deviceScreenDensity: 420, appium:deviceScreenSize: 1080x2400, appium:deviceUDID: emulator-5554, appium:javascriptEnabled: true, appium:locationContextEnabled: false, appium:networkConnectionEnabled: true, appium:pixelRatio: 2.625, appium:platformVersion: 15, appium:statBarHeight: 63, appium:takesScreenshot: true, appium:viewportRect: {height: 2337, left: 0, top: 63, width: 1080}, appium:warnings: {}, appium:webStorageEnabled: false, platformName: ANDROID}
Element: [[AndroidDriver:  on ANDROID (c039cefa-a65a-4169-8bbf-0928ea5ebeaf)] -> id: com.androidsample.generalstore:id/productName]
Session ID: c039cefa-a65a-4169-8bbf-0928ea5ebeaf
	at java.base/jdk.internal.reflect.DirectConstructorHandleAccessor.newInstance(DirectConstructorHandleAccessor.java:62)
	at java.base/java.lang.reflect.Constructor.newInstanceWithCaller(Constructor.java:502)
	at java.base/java.lang.reflect.Constructor.newInstance(Constructor.java:486)
	at org.openqa.selenium.remote.ErrorCodec.decode(ErrorCodec.java:167)
	at org.openqa.selenium.remote.codec.w3c.W3CHttpResponseCodec.decode(W3CHttpResponseCodec.java:138)
	at org.openqa.selenium.remote.codec.w3c.W3CHttpResponseCodec.decode(W3CHttpResponseCodec.java:50)
	at org.openqa.selenium.remote.HttpCommandExecutor.execute(HttpCommandExecutor.java:190)
	at io.appium.java_client.remote.AppiumCommandExecutor.execute(AppiumCommandExecutor.java:237)
	at org.openqa.selenium.remote.RemoteWebDriver.execute(RemoteWebDriver.java:545)
	at org.openqa.selenium.remote.RemoteWebElement.execute(RemoteWebElement.java:223)
	at org.openqa.selenium.remote.RemoteWebElement.getText(RemoteWebElement.java:191)
	at CartPage.checkProductExistInCart(CartPage.java:40)
	at AddToCartTest.validShoppingForm(AddToCartTest.java:32)
	at java.base/jdk.internal.reflect.DirectMethodHandleAccessor.invoke(DirectMethodHandleAccessor.java:103)
	at java.base/java.lang.reflect.Method.invoke(Method.java:580)
	at org.testng.internal.invokers.MethodInvocationHelper.invokeMethod(MethodInvocationHelper.java:141)
	at org.testng.internal.invokers.TestInvoker.invokeMethod(TestInvoker.java:686)
	at org.testng.internal.invokers.TestInvoker.invokeTestMethod(TestInvoker.java:230)
	at org.testng.internal.invokers.MethodRunner.runInSequence(MethodRunner.java:63)
	at org.testng.internal.invokers.TestInvoker$MethodInvocationAgent.invoke(TestInvoker.java:992)
	at org.testng.internal.invokers.TestInvoker.invokeTestMethods(TestInvoker.java:203)
	at org.testng.internal.invokers.TestMethodWorker.invokeTestMethods(TestMethodWorker.java:154)
	at org.testng.internal.invokers.TestMethodWorker.run(TestMethodWorker.java:134)
	at java.base/java.util.ArrayList.forEach(ArrayList.java:1596)
	at org.testng.TestRunner.privateRun(TestRunner.java:739)
	at org.testng.TestRunner.run(TestRunner.java:614)
	at org.testng.SuiteRunner.runTest(SuiteRunner.java:421)
	at org.testng.SuiteRunner.runSequentially(SuiteRunner.java:413)
	at org.testng.SuiteRunner.privateRun(SuiteRunner.java:373)
	at org.testng.SuiteRunner.run(SuiteRunner.java:312)
	at org.testng.SuiteRunnerWorker.runSuite(SuiteRunnerWorker.java:52)
	at org.testng.SuiteRunnerWorker.run(SuiteRunnerWorker.java:95)
	at org.testng.TestNG.runSuitesSequentially(TestNG.java:1274)
	at org.testng.TestNG.runSuitesLocally(TestNG.java:1208)
	at org.testng.TestNG.runSuites(TestNG.java:1112)
	at org.testng.TestNG.run(TestNG.java:1079)
	at org.apache.maven.surefire.testng.TestNGExecutor.run(TestNGExecutor.java:155)
	at org.apache.maven.surefire.testng.TestNGDirectoryTestSuite.executeMulti(TestNGDirectoryTestSuite.java:169)
	at org.apache.maven.surefire.testng.TestNGDirectoryTestSuite.execute(TestNGDirectoryTestSuite.java:88)
	at org.apache.maven.surefire.testng.TestNGProvider.invoke(TestNGProvider.java:137)
	at org.apache.maven.surefire.booter.ForkedBooter.runSuitesInProcess(ForkedBooter.java:385)
	at org.apache.maven.surefire.booter.ForkedBooter.execute(ForkedBooter.java:162)
	at org.apache.maven.surefire.booter.ForkedBooter.run(ForkedBooter.java:507)
	at org.apache.maven.surefire.booter.ForkedBooter.main(ForkedBooter.java:495)
]]></failure>
    <system-out><![CDATA[&amp#27;[38;5;162m[c039cefa]&amp#27;[0m&amp#27;[38;5;86m[HTTP]&amp#27;[0m &amp#27;[37m-->&amp#27;[39m &amp#27;[37mPOST&amp#27;[39m &amp#27;[37m/session/c039cefa-a65a-4169-8bbf-0928ea5ebeaf/element&amp#27;[39m &amp#27;[90m{"using":"id","value":"android:id/text1"}&amp#27;[39m
&amp#27;[38;5;162m[c039cefa]&amp#27;[0m&amp#27;[38;5;-44m[AndroidUiautomator2Driver@7fd0]&amp#27;[0m Calling AppiumDriver.findElement() with args: ["id","android:id/text1","c039cefa-a65a-4169-8bbf-0928ea5ebeaf"]
&amp#27;[38;5;162m[c039cefa]&amp#27;[0m&amp#27;[38;5;-44m[AndroidUiautomator2Driver@7fd0]&amp#27;[0m Valid locator strategies for this request: xpath, id, class name, accessibility id, css selector, -android uiautomator
&amp#27;[38;5;162m[c039cefa]&amp#27;[0m&amp#27;[38;5;-44m[AndroidUiautomator2Driver@7fd0]&amp#27;[0m Waiting up to 10000 ms for condition
&amp#27;[38;5;162m[c039cefa]&amp#27;[0m&amp#27;[38;5;-44m[AndroidUiautomator2Driver@7fd0]&amp#27;[0m Matched '/element' to command name 'findElement'
&amp#27;[38;5;162m[c039cefa]&amp#27;[0m&amp#27;[38;5;-44m[AndroidUiautomator2Driver@7fd0]&amp#27;[0m Proxying [POST /element] to [POST http://127.0.0.1:8200/session/abdef6a6-5960-49c7-a99c-6a39d00adea5/element] with body: {"strategy":"id","selector":"android:id/text1","context":"","multiple":false}
&amp#27;[38;5;162m[c039cefa]&amp#27;[0m&amp#27;[38;5;-44m[AndroidUiautomator2Driver@7fd0]&amp#27;[0m Got response with status 200: {"sessionId":"abdef6a6-5960-49c7-a99c-6a39d00adea5","value":{"ELEMENT":"00000000-0000-005f-ffff-ffff00000034","element-6066-11e4-a52e-4f735466cecf":"00000000-0000-005f-ffff-ffff00000034"}}
&amp#27;[38;5;162m[c039cefa]&amp#27;[0m&amp#27;[38;5;-44m[AndroidUiautomator2Driver@7fd0]&amp#27;[0m Responding to client with driver.findElement() result: {"element-6066-11e4-a52e-4f735466cecf":"00000000-0000-005f-ffff-ffff00000034","ELEMENT":"00000000-0000-005f-ffff-ffff00000034"}
&amp#27;[38;5;162m[c039cefa]&amp#27;[0m&amp#27;[38;5;86m[HTTP]&amp#27;[0m &amp#27;[37m<-- POST /session/c039cefa-a65a-4169-8bbf-0928ea5ebeaf/element &amp#27;[39m&amp#27;[32m200&amp#27;[39m &amp#27;[90m121 ms - 137&amp#27;[39m &amp#27;[90m&amp#27;[39m
&amp#27;[38;5;162m[c039cefa]&amp#27;[0m&amp#27;[38;5;86m[HTTP]&amp#27;[0m &amp#27;[37m-->&amp#27;[39m &amp#27;[37mPOST&amp#27;[39m &amp#27;[37m/session/c039cefa-a65a-4169-8bbf-0928ea5ebeaf/element/00000000-0000-005f-ffff-ffff00000034/click&amp#27;[39m &amp#27;[90m{"id":"00000000-0000-005f-ffff-ffff00000034"}&amp#27;[39m
&amp#27;[38;5;162m[c039cefa]&amp#27;[0m&amp#27;[38;5;-44m[AndroidUiautomator2Driver@7fd0]&amp#27;[0m Calling AppiumDriver.click() with args: ["00000000-0000-005f-ffff-ffff00000034","c039cefa-a65a-4169-8bbf-0928ea5ebeaf"]
&amp#27;[38;5;162m[c039cefa]&amp#27;[0m&amp#27;[38;5;-44m[AndroidUiautomator2Driver@7fd0]&amp#27;[0m Matched '/element/00000000-0000-005f-ffff-ffff00000034/click' to command name 'click'
&amp#27;[38;5;162m[c039cefa]&amp#27;[0m&amp#27;[38;5;-44m[AndroidUiautomator2Driver@7fd0]&amp#27;[0m Proxying [POST /element/00000000-0000-005f-ffff-ffff00000034/click] to [POST http://127.0.0.1:8200/session/abdef6a6-5960-49c7-a99c-6a39d00adea5/element/00000000-0000-005f-ffff-ffff00000034/click] with body: {"element":"00000000-0000-005f-ffff-ffff00000034"}
&amp#27;[38;5;162m[c039cefa]&amp#27;[0m&amp#27;[38;5;-44m[AndroidUiautomator2Driver@7fd0]&amp#27;[0m Got response with status 200: {"sessionId":"abdef6a6-5960-49c7-a99c-6a39d00adea5","value":null}
&amp#27;[38;5;162m[c039cefa]&amp#27;[0m&amp#27;[38;5;-44m[AndroidUiautomator2Driver@7fd0]&amp#27;[0m Responding to client with driver.click() result: null
&amp#27;[38;5;162m[c039cefa]&amp#27;[0m&amp#27;[38;5;86m[HTTP]&amp#27;[0m &amp#27;[37m<-- POST /session/c039cefa-a65a-4169-8bbf-0928ea5ebeaf/element/00000000-0000-005f-ffff-ffff00000034/click &amp#27;[39m&amp#27;[32m200&amp#27;[39m &amp#27;[90m1158 ms - 14&amp#27;[39m &amp#27;[90m&amp#27;[39m
&amp#27;[38;5;162m[c039cefa]&amp#27;[0m&amp#27;[38;5;86m[HTTP]&amp#27;[0m &amp#27;[37m-->&amp#27;[39m &amp#27;[37mPOST&amp#27;[39m &amp#27;[37m/session/c039cefa-a65a-4169-8bbf-0928ea5ebeaf/element&amp#27;[39m &amp#27;[90m{"using":"-android uiautomator","value":"new UiScrollable(new UiSelector()).scrollIntoView(text(\"Argentina\"))"}&amp#27;[39m
&amp#27;[38;5;162m[c039cefa]&amp#27;[0m&amp#27;[38;5;-44m[AndroidUiautomator2Driver@7fd0]&amp#27;[0m Calling AppiumDriver.findElement() with args: ["-android uiautomator","new UiScrollable(new UiSelector()).scrollIntoView(text(\"Argentina\"))","c039cefa-a65a-4169-8bbf-0928ea5ebeaf"]
&amp#27;[38;5;162m[c039cefa]&amp#27;[0m&amp#27;[38;5;-44m[AndroidUiautomator2Driver@7fd0]&amp#27;[0m Valid locator strategies for this request: xpath, id, class name, accessibility id, css selector, -android uiautomator
&amp#27;[38;5;162m[c039cefa]&amp#27;[0m&amp#27;[38;5;-44m[AndroidUiautomator2Driver@7fd0]&amp#27;[0m Waiting up to 10000 ms for condition
&amp#27;[38;5;162m[c039cefa]&amp#27;[0m&amp#27;[38;5;-44m[AndroidUiautomator2Driver@7fd0]&amp#27;[0m Matched '/element' to command name 'findElement'
&amp#27;[38;5;162m[c039cefa]&amp#27;[0m&amp#27;[38;5;-44m[AndroidUiautomator2Driver@7fd0]&amp#27;[0m Proxying [POST /element] to [POST http://127.0.0.1:8200/session/abdef6a6-5960-49c7-a99c-6a39d00adea5/element] with body: {"strategy":"-android uiautomator","selector":"new UiScrollable(new UiSelector()).scrollIntoView(text(\"Argentina\"))","context":"","multiple":false}
&amp#27;[38;5;162m[c039cefa]&amp#27;[0m&amp#27;[38;5;-44m[AndroidUiautomator2Driver@7fd0]&amp#27;[0m Got response with status 200: {"sessionId":"abdef6a6-5960-49c7-a99c-6a39d00adea5","value":{"ELEMENT":"00000000-0000-0062-ffff-ffff0000003b","element-6066-11e4-a52e-4f735466cecf":"00000000-0000-0062-ffff-ffff0000003b"}}
&amp#27;[38;5;162m[c039cefa]&amp#27;[0m&amp#27;[38;5;-44m[AndroidUiautomator2Driver@7fd0]&amp#27;[0m Responding to client with driver.findElement() result: {"element-6066-11e4-a52e-4f735466cecf":"00000000-0000-0062-ffff-ffff0000003b","ELEMENT":"00000000-0000-0062-ffff-ffff0000003b"}
&amp#27;[38;5;162m[c039cefa]&amp#27;[0m&amp#27;[38;5;86m[HTTP]&amp#27;[0m &amp#27;[37m<-- POST /session/c039cefa-a65a-4169-8bbf-0928ea5ebeaf/element &amp#27;[39m&amp#27;[32m200&amp#27;[39m &amp#27;[90m75 ms - 137&amp#27;[39m &amp#27;[90m&amp#27;[39m
&amp#27;[38;5;162m[c039cefa]&amp#27;[0m&amp#27;[38;5;86m[HTTP]&amp#27;[0m &amp#27;[37m-->&amp#27;[39m &amp#27;[37mPOST&amp#27;[39m &amp#27;[37m/session/c039cefa-a65a-4169-8bbf-0928ea5ebeaf/element&amp#27;[39m &amp#27;[90m{"using":"xpath","value":"//android.widget.TextView[@text=\"Argentina\"]"}&amp#27;[39m
&amp#27;[38;5;162m[c039cefa]&amp#27;[0m&amp#27;[38;5;-44m[AndroidUiautomator2Driver@7fd0]&amp#27;[0m Calling AppiumDriver.findElement() with args: ["xpath","//android.widget.TextView[@text=\"Argentina\"]","c039cefa-a65a-4169-8bbf-0928ea5ebeaf"]
&amp#27;[38;5;162m[c039cefa]&amp#27;[0m&amp#27;[38;5;-44m[AndroidUiautomator2Driver@7fd0]&amp#27;[0m Valid locator strategies for this request: xpath, id, class name, accessibility id, css selector, -android uiautomator
&amp#27;[38;5;162m[c039cefa]&amp#27;[0m&amp#27;[38;5;-44m[AndroidUiautomator2Driver@7fd0]&amp#27;[0m Waiting up to 10000 ms for condition
&amp#27;[38;5;162m[c039cefa]&amp#27;[0m&amp#27;[38;5;-44m[AndroidUiautomator2Driver@7fd0]&amp#27;[0m Matched '/element' to command name 'findElement'
&amp#27;[38;5;162m[c039cefa]&amp#27;[0m&amp#27;[38;5;-44m[AndroidUiautomator2Driver@7fd0]&amp#27;[0m Proxying [POST /element] to [POST http://127.0.0.1:8200/session/abdef6a6-5960-49c7-a99c-6a39d00adea5/element] with body: {"strategy":"xpath","selector":"//android.widget.TextView[@text=\"Argentina\"]","context":"","multiple":false}
&amp#27;[38;5;162m[c039cefa]&amp#27;[0m&amp#27;[38;5;-44m[AndroidUiautomator2Driver@7fd0]&amp#27;[0m Got response with status 200: {"sessionId":"abdef6a6-5960-49c7-a99c-6a39d00adea5","value":{"ELEMENT":"00000000-0000-0062-ffff-ffff0000003b","element-6066-11e4-a52e-4f735466cecf":"00000000-0000-0062-ffff-ffff0000003b"}}
&amp#27;[38;5;162m[c039cefa]&amp#27;[0m&amp#27;[38;5;-44m[AndroidUiautomator2Driver@7fd0]&amp#27;[0m Responding to client with driver.findElement() result: {"element-6066-11e4-a52e-4f735466cecf":"00000000-0000-0062-ffff-ffff0000003b","ELEMENT":"00000000-0000-0062-ffff-ffff0000003b"}
&amp#27;[38;5;162m[c039cefa]&amp#27;[0m&amp#27;[38;5;86m[HTTP]&amp#27;[0m &amp#27;[37m<-- POST /session/c039cefa-a65a-4169-8bbf-0928ea5ebeaf/element &amp#27;[39m&amp#27;[32m200&amp#27;[39m &amp#27;[90m78 ms - 137&amp#27;[39m &amp#27;[90m&amp#27;[39m
&amp#27;[38;5;162m[c039cefa]&amp#27;[0m&amp#27;[38;5;86m[HTTP]&amp#27;[0m &amp#27;[37m-->&amp#27;[39m &amp#27;[37mPOST&amp#27;[39m &amp#27;[37m/session/c039cefa-a65a-4169-8bbf-0928ea5ebeaf/element/00000000-0000-0062-ffff-ffff0000003b/click&amp#27;[39m &amp#27;[90m{"id":"00000000-0000-0062-ffff-ffff0000003b"}&amp#27;[39m
&amp#27;[38;5;162m[c039cefa]&amp#27;[0m&amp#27;[38;5;-44m[AndroidUiautomator2Driver@7fd0]&amp#27;[0m Calling AppiumDriver.click() with args: ["00000000-0000-0062-ffff-ffff0000003b","c039cefa-a65a-4169-8bbf-0928ea5ebeaf"]
&amp#27;[38;5;162m[c039cefa]&amp#27;[0m&amp#27;[38;5;-44m[AndroidUiautomator2Driver@7fd0]&amp#27;[0m Matched '/element/00000000-0000-0062-ffff-ffff0000003b/click' to command name 'click'
&amp#27;[38;5;162m[c039cefa]&amp#27;[0m&amp#27;[38;5;-44m[AndroidUiautomator2Driver@7fd0]&amp#27;[0m Proxying [POST /element/00000000-0000-0062-ffff-ffff0000003b/click] to [POST http://127.0.0.1:8200/session/abdef6a6-5960-49c7-a99c-6a39d00adea5/element/00000000-0000-0062-ffff-ffff0000003b/click] with body: {"element":"00000000-0000-0062-ffff-ffff0000003b"}
&amp#27;[38;5;162m[c039cefa]&amp#27;[0m&amp#27;[38;5;-44m[AndroidUiautomator2Driver@7fd0]&amp#27;[0m Got response with status 200: {"sessionId":"abdef6a6-5960-49c7-a99c-6a39d00adea5","value":null}
&amp#27;[38;5;162m[c039cefa]&amp#27;[0m&amp#27;[38;5;-44m[AndroidUiautomator2Driver@7fd0]&amp#27;[0m Responding to client with driver.click() result: null
&amp#27;[38;5;162m[c039cefa]&amp#27;[0m&amp#27;[38;5;86m[HTTP]&amp#27;[0m &amp#27;[37m<-- POST /session/c039cefa-a65a-4169-8bbf-0928ea5ebeaf/element/00000000-0000-0062-ffff-ffff0000003b/click &amp#27;[39m&amp#27;[32m200&amp#27;[39m &amp#27;[90m778 ms - 14&amp#27;[39m &amp#27;[90m&amp#27;[39m
&amp#27;[38;5;162m[c039cefa]&amp#27;[0m&amp#27;[38;5;86m[HTTP]&amp#27;[0m &amp#27;[37m-->&amp#27;[39m &amp#27;[37mPOST&amp#27;[39m &amp#27;[37m/session/c039cefa-a65a-4169-8bbf-0928ea5ebeaf/element&amp#27;[39m &amp#27;[90m{"using":"id","value":"com.androidsample.generalstore:id/nameField"}&amp#27;[39m
&amp#27;[38;5;162m[c039cefa]&amp#27;[0m&amp#27;[38;5;-44m[AndroidUiautomator2Driver@7fd0]&amp#27;[0m Calling AppiumDriver.findElement() with args: ["id","com.androidsample.generalstore:id/nameField","c039cefa-a65a-4169-8bbf-0928ea5ebeaf"]
&amp#27;[38;5;162m[c039cefa]&amp#27;[0m&amp#27;[38;5;-44m[AndroidUiautomator2Driver@7fd0]&amp#27;[0m Valid locator strategies for this request: xpath, id, class name, accessibility id, css selector, -android uiautomator
&amp#27;[38;5;162m[c039cefa]&amp#27;[0m&amp#27;[38;5;-44m[AndroidUiautomator2Driver@7fd0]&amp#27;[0m Waiting up to 10000 ms for condition
&amp#27;[38;5;162m[c039cefa]&amp#27;[0m&amp#27;[38;5;-44m[AndroidUiautomator2Driver@7fd0]&amp#27;[0m Matched '/element' to command name 'findElement'
&amp#27;[38;5;162m[c039cefa]&amp#27;[0m&amp#27;[38;5;-44m[AndroidUiautomator2Driver@7fd0]&amp#27;[0m Proxying [POST /element] to [POST http://127.0.0.1:8200/session/abdef6a6-5960-49c7-a99c-6a39d00adea5/element] with body: {"strategy":"id","selector":"com.androidsample.generalstore:id/nameField","context":"","multiple":false}
&amp#27;[38;5;162m[c039cefa]&amp#27;[0m&amp#27;[38;5;-44m[AndroidUiautomator2Driver@7fd0]&amp#27;[0m Got response with status 200: {"sessionId":"abdef6a6-5960-49c7-a99c-6a39d00adea5","value":{"ELEMENT":"00000000-0000-005f-ffff-ffff0000001c","element-6066-11e4-a52e-4f735466cecf":"00000000-0000-005f-ffff-ffff0000001c"}}
&amp#27;[38;5;162m[c039cefa]&amp#27;[0m&amp#27;[38;5;-44m[AndroidUiautomator2Driver@7fd0]&amp#27;[0m Responding to client with driver.findElement() result: {"element-6066-11e4-a52e-4f735466cecf":"00000000-0000-005f-ffff-ffff0000001c","ELEMENT":"00000000-0000-005f-ffff-ffff0000001c"}
&amp#27;[38;5;162m[c039cefa]&amp#27;[0m&amp#27;[38;5;86m[HTTP]&amp#27;[0m &amp#27;[37m<-- POST /session/c039cefa-a65a-4169-8bbf-0928ea5ebeaf/element &amp#27;[39m&amp#27;[32m200&amp#27;[39m &amp#27;[90m32 ms - 137&amp#27;[39m &amp#27;[90m&amp#27;[39m
&amp#27;[38;5;162m[c039cefa]&amp#27;[0m&amp#27;[38;5;86m[HTTP]&amp#27;[0m &amp#27;[37m-->&amp#27;[39m &amp#27;[37mPOST&amp#27;[39m &amp#27;[37m/session/c039cefa-a65a-4169-8bbf-0928ea5ebeaf/element/00000000-0000-005f-ffff-ffff0000001c/value&amp#27;[39m &amp#27;[90m{"id":"00000000-0000-005f-ffff-ffff0000001c","text":"Habiba","value":["H","a","b","i","b","a"]}&amp#27;[39m
&amp#27;[38;5;162m[c039cefa]&amp#27;[0m&amp#27;[38;5;-44m[AndroidUiautomator2Driver@7fd0]&amp#27;[0m Calling AppiumDriver.setValue() with args: [["H","a","b","i","b","a"],"00000000-0000-005f-ffff-ffff0000001c","c039cefa-a65a-4169-8bbf-0928ea5ebeaf"]
&amp#27;[38;5;162m[c039cefa]&amp#27;[0m&amp#27;[38;5;-44m[AndroidUiautomator2Driver@7fd0]&amp#27;[0m Matched '/element/00000000-0000-005f-ffff-ffff0000001c/value' to command name 'setValue'
&amp#27;[38;5;162m[c039cefa]&amp#27;[0m&amp#27;[38;5;-44m[AndroidUiautomator2Driver@7fd0]&amp#27;[0m Added 'value' property ["H","a","b","i","b","a"] to 'setValue' request body
&amp#27;[38;5;162m[c039cefa]&amp#27;[0m&amp#27;[38;5;-44m[AndroidUiautomator2Driver@7fd0]&amp#27;[0m Proxying [POST /element/00000000-0000-005f-ffff-ffff0000001c/value] to [POST http://127.0.0.1:8200/session/abdef6a6-5960-49c7-a99c-6a39d00adea5/element/00000000-0000-005f-ffff-ffff0000001c/value] with body: {"elementId":"00000000-0000-005f-ffff-ffff0000001c","text":"Habiba","replace":false,"value":["H","a","b","i","b","a"]}
&amp#27;[38;5;162m[c039cefa]&amp#27;[0m&amp#27;[38;5;-44m[AndroidUiautomator2Driver@7fd0]&amp#27;[0m Got response with status 200: {"sessionId":"abdef6a6-5960-49c7-a99c-6a39d00adea5","value":null}
&amp#27;[38;5;162m[c039cefa]&amp#27;[0m&amp#27;[38;5;-44m[AndroidUiautomator2Driver@7fd0]&amp#27;[0m Responding to client with driver.setValue() result: null
&amp#27;[38;5;162m[c039cefa]&amp#27;[0m&amp#27;[38;5;86m[HTTP]&amp#27;[0m &amp#27;[37m<-- POST /session/c039cefa-a65a-4169-8bbf-0928ea5ebeaf/element/00000000-0000-005f-ffff-ffff0000001c/value &amp#27;[39m&amp#27;[32m200&amp#27;[39m &amp#27;[90m834 ms - 14&amp#27;[39m &amp#27;[90m&amp#27;[39m
&amp#27;[38;5;162m[c039cefa]&amp#27;[0m&amp#27;[38;5;86m[HTTP]&amp#27;[0m &amp#27;[37m-->&amp#27;[39m &amp#27;[37mPOST&amp#27;[39m &amp#27;[37m/session/c039cefa-a65a-4169-8bbf-0928ea5ebeaf/element&amp#27;[39m &amp#27;[90m{"using":"id","value":"com.androidsample.generalstore:id/radioFemale"}&amp#27;[39m
&amp#27;[38;5;162m[c039cefa]&amp#27;[0m&amp#27;[38;5;-44m[AndroidUiautomator2Driver@7fd0]&amp#27;[0m Calling AppiumDriver.findElement() with args: ["id","com.androidsample.generalstore:id/radioFemale","c039cefa-a65a-4169-8bbf-0928ea5ebeaf"]
&amp#27;[38;5;162m[c039cefa]&amp#27;[0m&amp#27;[38;5;-44m[AndroidUiautomator2Driver@7fd0]&amp#27;[0m Valid locator strategies for this request: xpath, id, class name, accessibility id, css selector, -android uiautomator
&amp#27;[38;5;162m[c039cefa]&amp#27;[0m&amp#27;[38;5;-44m[AndroidUiautomator2Driver@7fd0]&amp#27;[0m Waiting up to 10000 ms for condition
&amp#27;[38;5;162m[c039cefa]&amp#27;[0m&amp#27;[38;5;-44m[AndroidUiautomator2Driver@7fd0]&amp#27;[0m Matched '/element' to command name 'findElement'
&amp#27;[38;5;162m[c039cefa]&amp#27;[0m&amp#27;[38;5;-44m[AndroidUiautomator2Driver@7fd0]&amp#27;[0m Proxying [POST /element] to [POST http://127.0.0.1:8200/session/abdef6a6-5960-49c7-a99c-6a39d00adea5/element] with body: {"strategy":"id","selector":"com.androidsample.generalstore:id/radioFemale","context":"","multiple":false}
&amp#27;[38;5;162m[c039cefa]&amp#27;[0m&amp#27;[38;5;-44m[AndroidUiautomator2Driver@7fd0]&amp#27;[0m Got response with status 200: {"sessionId":"abdef6a6-5960-49c7-a99c-6a39d00adea5","value":{"ELEMENT":"00000000-0000-005f-ffff-ffff00000020","element-6066-11e4-a52e-4f735466cecf":"00000000-0000-005f-ffff-ffff00000020"}}
&amp#27;[38;5;162m[c039cefa]&amp#27;[0m&amp#27;[38;5;-44m[AndroidUiautomator2Driver@7fd0]&amp#27;[0m Responding to client with driver.findElement() result: {"element-6066-11e4-a52e-4f735466cecf":"00000000-0000-005f-ffff-ffff00000020","ELEMENT":"00000000-0000-005f-ffff-ffff00000020"}
&amp#27;[38;5;162m[c039cefa]&amp#27;[0m&amp#27;[38;5;86m[HTTP]&amp#27;[0m &amp#27;[37m<-- POST /session/c039cefa-a65a-4169-8bbf-0928ea5ebeaf/element &amp#27;[39m&amp#27;[32m200&amp#27;[39m &amp#27;[90m506 ms - 137&amp#27;[39m &amp#27;[90m&amp#27;[39m
&amp#27;[38;5;162m[c039cefa]&amp#27;[0m&amp#27;[38;5;86m[HTTP]&amp#27;[0m &amp#27;[37m-->&amp#27;[39m &amp#27;[37mPOST&amp#27;[39m &amp#27;[37m/session/c039cefa-a65a-4169-8bbf-0928ea5ebeaf/element/00000000-0000-005f-ffff-ffff00000020/click&amp#27;[39m &amp#27;[90m{"id":"00000000-0000-005f-ffff-ffff00000020"}&amp#27;[39m
&amp#27;[38;5;162m[c039cefa]&amp#27;[0m&amp#27;[38;5;-44m[AndroidUiautomator2Driver@7fd0]&amp#27;[0m Calling AppiumDriver.click() with args: ["00000000-0000-005f-ffff-ffff00000020","c039cefa-a65a-4169-8bbf-0928ea5ebeaf"]
&amp#27;[38;5;162m[c039cefa]&amp#27;[0m&amp#27;[38;5;-44m[AndroidUiautomator2Driver@7fd0]&amp#27;[0m Matched '/element/00000000-0000-005f-ffff-ffff00000020/click' to command name 'click'
&amp#27;[38;5;162m[c039cefa]&amp#27;[0m&amp#27;[38;5;-44m[AndroidUiautomator2Driver@7fd0]&amp#27;[0m Proxying [POST /element/00000000-0000-005f-ffff-ffff00000020/click] to [POST http://127.0.0.1:8200/session/abdef6a6-5960-49c7-a99c-6a39d00adea5/element/00000000-0000-005f-ffff-ffff00000020/click] with body: {"element":"00000000-0000-005f-ffff-ffff00000020"}
&amp#27;[38;5;162m[c039cefa]&amp#27;[0m&amp#27;[38;5;-44m[AndroidUiautomator2Driver@7fd0]&amp#27;[0m Got response with status 200: {"sessionId":"abdef6a6-5960-49c7-a99c-6a39d00adea5","value":null}
&amp#27;[38;5;162m[c039cefa]&amp#27;[0m&amp#27;[38;5;-44m[AndroidUiautomator2Driver@7fd0]&amp#27;[0m Responding to client with driver.click() result: null
&amp#27;[38;5;162m[c039cefa]&amp#27;[0m&amp#27;[38;5;86m[HTTP]&amp#27;[0m &amp#27;[37m<-- POST /session/c039cefa-a65a-4169-8bbf-0928ea5ebeaf/element/00000000-0000-005f-ffff-ffff00000020/click &amp#27;[39m&amp#27;[32m200&amp#27;[39m &amp#27;[90m94 ms - 14&amp#27;[39m &amp#27;[90m&amp#27;[39m
&amp#27;[38;5;162m[c039cefa]&amp#27;[0m&amp#27;[38;5;86m[HTTP]&amp#27;[0m &amp#27;[37m-->&amp#27;[39m &amp#27;[37mPOST&amp#27;[39m &amp#27;[37m/session/c039cefa-a65a-4169-8bbf-0928ea5ebeaf/element&amp#27;[39m &amp#27;[90m{"using":"id","value":"com.androidsample.generalstore:id/btnLetsShop"}&amp#27;[39m
&amp#27;[38;5;162m[c039cefa]&amp#27;[0m&amp#27;[38;5;-44m[AndroidUiautomator2Driver@7fd0]&amp#27;[0m Calling AppiumDriver.findElement() with args: ["id","com.androidsample.generalstore:id/btnLetsShop","c039cefa-a65a-4169-8bbf-0928ea5ebeaf"]
&amp#27;[38;5;162m[c039cefa]&amp#27;[0m&amp#27;[38;5;-44m[AndroidUiautomator2Driver@7fd0]&amp#27;[0m Valid locator strategies for this request: xpath, id, class name, accessibility id, css selector, -android uiautomator
&amp#27;[38;5;162m[c039cefa]&amp#27;[0m&amp#27;[38;5;-44m[AndroidUiautomator2Driver@7fd0]&amp#27;[0m Waiting up to 10000 ms for condition
&amp#27;[38;5;162m[c039cefa]&amp#27;[0m&amp#27;[38;5;-44m[AndroidUiautomator2Driver@7fd0]&amp#27;[0m Matched '/element' to command name 'findElement'
&amp#27;[38;5;162m[c039cefa]&amp#27;[0m&amp#27;[38;5;-44m[AndroidUiautomator2Driver@7fd0]&amp#27;[0m Proxying [POST /element] to [POST http://127.0.0.1:8200/session/abdef6a6-5960-49c7-a99c-6a39d00adea5/element] with body: {"strategy":"id","selector":"com.androidsample.generalstore:id/btnLetsShop","context":"","multiple":false}
&amp#27;[38;5;162m[c039cefa]&amp#27;[0m&amp#27;[38;5;-44m[AndroidUiautomator2Driver@7fd0]&amp#27;[0m Got response with status 200: {"sessionId":"abdef6a6-5960-49c7-a99c-6a39d00adea5","value":{"ELEMENT":"00000000-0000-005f-ffff-ffff00000021","element-6066-11e4-a52e-4f735466cecf":"00000000-0000-005f-ffff-ffff00000021"}}
&amp#27;[38;5;162m[c039cefa]&amp#27;[0m&amp#27;[38;5;-44m[AndroidUiautomator2Driver@7fd0]&amp#27;[0m Responding to client with driver.findElement() result: {"element-6066-11e4-a52e-4f735466cecf":"00000000-0000-005f-ffff-ffff00000021","ELEMENT":"00000000-0000-005f-ffff-ffff00000021"}
&amp#27;[38;5;162m[c039cefa]&amp#27;[0m&amp#27;[38;5;86m[HTTP]&amp#27;[0m &amp#27;[37m<-- POST /session/c039cefa-a65a-4169-8bbf-0928ea5ebeaf/element &amp#27;[39m&amp#27;[32m200&amp#27;[39m &amp#27;[90m535 ms - 137&amp#27;[39m &amp#27;[90m&amp#27;[39m
&amp#27;[38;5;162m[c039cefa]&amp#27;[0m&amp#27;[38;5;86m[HTTP]&amp#27;[0m &amp#27;[37m-->&amp#27;[39m &amp#27;[37mPOST&amp#27;[39m &amp#27;[37m/session/c039cefa-a65a-4169-8bbf-0928ea5ebeaf/element/00000000-0000-005f-ffff-ffff00000021/click&amp#27;[39m &amp#27;[90m{"id":"00000000-0000-005f-ffff-ffff00000021"}&amp#27;[39m
&amp#27;[38;5;162m[c039cefa]&amp#27;[0m&amp#27;[38;5;-44m[AndroidUiautomator2Driver@7fd0]&amp#27;[0m Calling AppiumDriver.click() with args: ["00000000-0000-005f-ffff-ffff00000021","c039cefa-a65a-4169-8bbf-0928ea5ebeaf"]
&amp#27;[38;5;162m[c039cefa]&amp#27;[0m&amp#27;[38;5;-44m[AndroidUiautomator2Driver@7fd0]&amp#27;[0m Matched '/element/00000000-0000-005f-ffff-ffff00000021/click' to command name 'click'
&amp#27;[38;5;162m[c039cefa]&amp#27;[0m&amp#27;[38;5;-44m[AndroidUiautomator2Driver@7fd0]&amp#27;[0m Proxying [POST /element/00000000-0000-005f-ffff-ffff00000021/click] to [POST http://127.0.0.1:8200/session/abdef6a6-5960-49c7-a99c-6a39d00adea5/element/00000000-0000-005f-ffff-ffff00000021/click] with body: {"element":"00000000-0000-005f-ffff-ffff00000021"}
&amp#27;[38;5;162m[c039cefa]&amp#27;[0m&amp#27;[38;5;-44m[AndroidUiautomator2Driver@7fd0]&amp#27;[0m Got response with status 200: {"sessionId":"abdef6a6-5960-49c7-a99c-6a39d00adea5","value":null}
&amp#27;[38;5;162m[c039cefa]&amp#27;[0m&amp#27;[38;5;-44m[AndroidUiautomator2Driver@7fd0]&amp#27;[0m Responding to client with driver.click() result: null
&amp#27;[38;5;162m[c039cefa]&amp#27;[0m&amp#27;[38;5;86m[HTTP]&amp#27;[0m &amp#27;[37m<-- POST /session/c039cefa-a65a-4169-8bbf-0928ea5ebeaf/element/00000000-0000-005f-ffff-ffff00000021/click &amp#27;[39m&amp#27;[32m200&amp#27;[39m &amp#27;[90m184 ms - 14&amp#27;[39m &amp#27;[90m&amp#27;[39m
&amp#27;[38;5;162m[c039cefa]&amp#27;[0m&amp#27;[38;5;86m[HTTP]&amp#27;[0m &amp#27;[37m-->&amp#27;[39m &amp#27;[37mPOST&amp#27;[39m &amp#27;[37m/session/c039cefa-a65a-4169-8bbf-0928ea5ebeaf/element&amp#27;[39m &amp#27;[90m{"using":"-android uiautomator","value":"new UiScrollable(new UiSelector()).scrollIntoView(text(\"Jordan 6 Rings\"))"}&amp#27;[39m
&amp#27;[38;5;162m[c039cefa]&amp#27;[0m&amp#27;[38;5;-44m[AndroidUiautomator2Driver@7fd0]&amp#27;[0m Calling AppiumDriver.findElement() with args: ["-android uiautomator","new UiScrollable(new UiSelector()).scrollIntoView(text(\"Jordan 6 Rings\"))","c039cefa-a65a-4169-8bbf-0928ea5ebeaf"]
&amp#27;[38;5;162m[c039cefa]&amp#27;[0m&amp#27;[38;5;-44m[AndroidUiautomator2Driver@7fd0]&amp#27;[0m Valid locator strategies for this request: xpath, id, class name, accessibility id, css selector, -android uiautomator
&amp#27;[38;5;162m[c039cefa]&amp#27;[0m&amp#27;[38;5;-44m[AndroidUiautomator2Driver@7fd0]&amp#27;[0m Waiting up to 10000 ms for condition
&amp#27;[38;5;162m[c039cefa]&amp#27;[0m&amp#27;[38;5;-44m[AndroidUiautomator2Driver@7fd0]&amp#27;[0m Matched '/element' to command name 'findElement'
&amp#27;[38;5;162m[c039cefa]&amp#27;[0m&amp#27;[38;5;-44m[AndroidUiautomator2Driver@7fd0]&amp#27;[0m Proxying [POST /element] to [POST http://127.0.0.1:8200/session/abdef6a6-5960-49c7-a99c-6a39d00adea5/element] with body: {"strategy":"-android uiautomator","selector":"new UiScrollable(new UiSelector()).scrollIntoView(text(\"Jordan 6 Rings\"))","context":"","multiple":false}
&amp#27;[38;5;162m[c039cefa]&amp#27;[0m&amp#27;[38;5;-44m[AndroidUiautomator2Driver@7fd0]&amp#27;[0m Got response with status 200: {"sessionId":"abdef6a6-5960-49c7-a99c-6a39d00adea5","value":{"ELEMENT":"00000000-0000-0063-ffff-ffff00000088","element-6066-11e4-a52e-4f735466cecf":"00000000-0000-0063-ffff-ffff00000088"}}
&amp#27;[38;5;162m[c039cefa]&amp#27;[0m&amp#27;[38;5;-44m[AndroidUiautomator2Driver@7fd0]&amp#27;[0m Responding to client with driver.findElement() result: {"element-6066-11e4-a52e-4f735466cecf":"00000000-0000-0063-ffff-ffff00000088","ELEMENT":"00000000-0000-0063-ffff-ffff00000088"}
&amp#27;[38;5;162m[c039cefa]&amp#27;[0m&amp#27;[38;5;86m[HTTP]&amp#27;[0m &amp#27;[37m<-- POST /session/c039cefa-a65a-4169-8bbf-0928ea5ebeaf/element &amp#27;[39m&amp#27;[32m200&amp#27;[39m &amp#27;[90m9319 ms - 137&amp#27;[39m &amp#27;[90m&amp#27;[39m
&amp#27;[38;5;162m[c039cefa]&amp#27;[0m&amp#27;[38;5;86m[HTTP]&amp#27;[0m &amp#27;[37m-->&amp#27;[39m &amp#27;[37mPOST&amp#27;[39m &amp#27;[37m/session/c039cefa-a65a-4169-8bbf-0928ea5ebeaf/elements&amp#27;[39m &amp#27;[90m{"using":"id","value":"com.androidsample.generalstore:id/productName"}&amp#27;[39m
&amp#27;[38;5;162m[c039cefa]&amp#27;[0m&amp#27;[38;5;-44m[AndroidUiautomator2Driver@7fd0]&amp#27;[0m Calling AppiumDriver.findElements() with args: ["id","com.androidsample.generalstore:id/productName","c039cefa-a65a-4169-8bbf-0928ea5ebeaf"]
&amp#27;[38;5;162m[c039cefa]&amp#27;[0m&amp#27;[38;5;-44m[AndroidUiautomator2Driver@7fd0]&amp#27;[0m Valid locator strategies for this request: xpath, id, class name, accessibility id, css selector, -android uiautomator
&amp#27;[38;5;162m[c039cefa]&amp#27;[0m&amp#27;[38;5;-44m[AndroidUiautomator2Driver@7fd0]&amp#27;[0m Waiting up to 10000 ms for condition
&amp#27;[38;5;162m[c039cefa]&amp#27;[0m&amp#27;[38;5;-44m[AndroidUiautomator2Driver@7fd0]&amp#27;[0m Matched '/elements' to command name 'findElements'
&amp#27;[38;5;162m[c039cefa]&amp#27;[0m&amp#27;[38;5;-44m[AndroidUiautomator2Driver@7fd0]&amp#27;[0m Proxying [POST /elements] to [POST http://127.0.0.1:8200/session/abdef6a6-5960-49c7-a99c-6a39d00adea5/elements] with body: {"strategy":"id","selector":"com.androidsample.generalstore:id/productName","context":"","multiple":true}
&amp#27;[38;5;162m[c039cefa]&amp#27;[0m&amp#27;[38;5;-44m[AndroidUiautomator2Driver@7fd0]&amp#27;[0m Got response with status 200: {"sessionId":"abdef6a6-5960-49c7-a99c-6a39d00adea5","value":[{"ELEMENT":"00000000-0000-0063-ffff-ffff00000088","element-6066-11e4-a52e-4f735466cecf":"00000000-0000-0063-ffff-ffff00000088"},{"ELEMENT":"00000000-0000-0063-ffff-ffff00000090","element-6066-11e4-a52e-4f735466cecf":"00000000-0000-0063-ffff-ffff00000090"},{"ELEMENT":"00000000-0000-0063-ffff-ffff0000005f","element-6066-11e4-a52e-4f735466cecf":"00000000-0000-0063-ffff-ffff0000005f"}]}
&amp#27;[38;5;162m[c039cefa]&amp#27;[0m&amp#27;[38;5;-44m[AndroidUiautomator2Driver@7fd0]&amp#27;[0m Responding to client with driver.findElements() result: [{"element-6066-11e4-a52e-4f735466cecf":"00000000-0000-0063-ffff-ffff00000088","ELEMENT":"00000000-0000-0063-ffff-ffff00000088"},{"element-6066-11e4-a52e-4f735466cecf":"00000000-0000-0063-ffff-ffff00000090","ELEMENT":"00000000-0000-0063-ffff-ffff00000090"},{"element-6066-11e4-a52e-4f735466cecf":"00000000-0000-0063-ffff-ffff0000005f","ELEMENT":"00000000-0000-0063-ffff-ffff0000005f"}]
&amp#27;[38;5;162m[c039cefa]&amp#27;[0m&amp#27;[38;5;86m[HTTP]&amp#27;[0m &amp#27;[37m<-- POST /session/c039cefa-a65a-4169-8bbf-0928ea5ebeaf/elements &amp#27;[39m&amp#27;[32m200&amp#27;[39m &amp#27;[90m41 ms - 395&amp#27;[39m &amp#27;[90m&amp#27;[39m
&amp#27;[38;5;162m[c039cefa]&amp#27;[0m&amp#27;[38;5;86m[HTTP]&amp#27;[0m &amp#27;[37m-->&amp#27;[39m &amp#27;[37mPOST&amp#27;[39m &amp#27;[37m/session/c039cefa-a65a-4169-8bbf-0928ea5ebeaf/elements&amp#27;[39m &amp#27;[90m{"using":"id","value":"com.androidsample.generalstore:id/productName"}&amp#27;[39m
&amp#27;[38;5;162m[c039cefa]&amp#27;[0m&amp#27;[38;5;-44m[AndroidUiautomator2Driver@7fd0]&amp#27;[0m Calling AppiumDriver.findElements() with args: ["id","com.androidsample.generalstore:id/productName","c039cefa-a65a-4169-8bbf-0928ea5ebeaf"]
&amp#27;[38;5;162m[c039cefa]&amp#27;[0m&amp#27;[38;5;-44m[AndroidUiautomator2Driver@7fd0]&amp#27;[0m Valid locator strategies for this request: xpath, id, class name, accessibility id, css selector, -android uiautomator
&amp#27;[38;5;162m[c039cefa]&amp#27;[0m&amp#27;[38;5;-44m[AndroidUiautomator2Driver@7fd0]&amp#27;[0m Waiting up to 10000 ms for condition
&amp#27;[38;5;162m[c039cefa]&amp#27;[0m&amp#27;[38;5;-44m[AndroidUiautomator2Driver@7fd0]&amp#27;[0m Matched '/elements' to command name 'findElements'
&amp#27;[38;5;162m[c039cefa]&amp#27;[0m&amp#27;[38;5;-44m[AndroidUiautomator2Driver@7fd0]&amp#27;[0m Proxying [POST /elements] to [POST http://127.0.0.1:8200/session/abdef6a6-5960-49c7-a99c-6a39d00adea5/elements] with body: {"strategy":"id","selector":"com.androidsample.generalstore:id/productName","context":"","multiple":true}
&amp#27;[38;5;162m[c039cefa]&amp#27;[0m&amp#27;[38;5;-44m[AndroidUiautomator2Driver@7fd0]&amp#27;[0m Got response with status 200: {"sessionId":"abdef6a6-5960-49c7-a99c-6a39d00adea5","value":[{"ELEMENT":"00000000-0000-0063-ffff-ffff00000088","element-6066-11e4-a52e-4f735466cecf":"00000000-0000-0063-ffff-ffff00000088"},{"ELEMENT":"00000000-0000-0063-ffff-ffff00000090","element-6066-11e4-a52e-4f735466cecf":"00000000-0000-0063-ffff-ffff00000090"},{"ELEMENT":"00000000-0000-0063-ffff-ffff0000005f","element-6066-11e4-a52e-4f735466cecf":"00000000-0000-0063-ffff-ffff0000005f"}]}
&amp#27;[38;5;162m[c039cefa]&amp#27;[0m&amp#27;[38;5;-44m[AndroidUiautomator2Driver@7fd0]&amp#27;[0m Responding to client with driver.findElements() result: [{"element-6066-11e4-a52e-4f735466cecf":"00000000-0000-0063-ffff-ffff00000088","ELEMENT":"00000000-0000-0063-ffff-ffff00000088"},{"element-6066-11e4-a52e-4f735466cecf":"00000000-0000-0063-ffff-ffff00000090","ELEMENT":"00000000-0000-0063-ffff-ffff00000090"},{"element-6066-11e4-a52e-4f735466cecf":"00000000-0000-0063-ffff-ffff0000005f","ELEMENT":"00000000-0000-0063-ffff-ffff0000005f"}]
&amp#27;[38;5;162m[c039cefa]&amp#27;[0m&amp#27;[38;5;86m[HTTP]&amp#27;[0m &amp#27;[37m<-- POST /session/c039cefa-a65a-4169-8bbf-0928ea5ebeaf/elements &amp#27;[39m&amp#27;[32m200&amp#27;[39m &amp#27;[90m52 ms - 395&amp#27;[39m &amp#27;[90m&amp#27;[39m
&amp#27;[38;5;162m[c039cefa]&amp#27;[0m&amp#27;[38;5;86m[HTTP]&amp#27;[0m &amp#27;[37m-->&amp#27;[39m &amp#27;[37mGET&amp#27;[39m &amp#27;[37m/session/c039cefa-a65a-4169-8bbf-0928ea5ebeaf/element/00000000-0000-0063-ffff-ffff00000088/text&amp#27;[39m &amp#27;[90m{}&amp#27;[39m
&amp#27;[38;5;162m[c039cefa]&amp#27;[0m&amp#27;[38;5;-44m[AndroidUiautomator2Driver@7fd0]&amp#27;[0m Driver proxy active, passing request on via HTTP proxy
&amp#27;[38;5;162m[c039cefa]&amp#27;[0m&amp#27;[38;5;-44m[AndroidUiautomator2Driver@7fd0]&amp#27;[0m Matched '/session/c039cefa-a65a-4169-8bbf-0928ea5ebeaf/element/00000000-0000-0063-ffff-ffff00000088/text' to command name 'getText'
&amp#27;[38;5;162m[c039cefa]&amp#27;[0m&amp#27;[38;5;-44m[AndroidUiautomator2Driver@7fd0]&amp#27;[0m Proxying [GET /session/c039cefa-a65a-4169-8bbf-0928ea5ebeaf/element/00000000-0000-0063-ffff-ffff00000088/text] to [GET http://127.0.0.1:8200/session/abdef6a6-5960-49c7-a99c-6a39d00adea5/element/00000000-0000-0063-ffff-ffff00000088/text] with no body
&amp#27;[38;5;162m[c039cefa]&amp#27;[0m&amp#27;[38;5;-44m[AndroidUiautomator2Driver@7fd0]&amp#27;[0m Got response with status 200: {"sessionId":"abdef6a6-5960-49c7-a99c-6a39d00adea5","value":"Jordan 6 Rings"}
&amp#27;[38;5;162m[c039cefa]&amp#27;[0m&amp#27;[38;5;-44m[AndroidUiautomator2Driver@7fd0]&amp#27;[0m Replacing sessionId abdef6a6-5960-49c7-a99c-6a39d00adea5 with c039cefa-a65a-4169-8bbf-0928ea5ebeaf
&amp#27;[38;5;162m[c039cefa]&amp#27;[0m&amp#27;[38;5;86m[HTTP]&amp#27;[0m &amp#27;[37m<-- GET /session/c039cefa-a65a-4169-8bbf-0928ea5ebeaf/element/00000000-0000-0063-ffff-ffff00000088/text &amp#27;[39m&amp#27;[32m200&amp#27;[39m &amp#27;[90m32 ms - 77&amp#27;[39m &amp#27;[90m&amp#27;[39m
&amp#27;[38;5;162m[c039cefa]&amp#27;[0m&amp#27;[38;5;86m[HTTP]&amp#27;[0m &amp#27;[37m-->&amp#27;[39m &amp#27;[37mPOST&amp#27;[39m &amp#27;[37m/session/c039cefa-a65a-4169-8bbf-0928ea5ebeaf/elements&amp#27;[39m &amp#27;[90m{"using":"id","value":"com.androidsample.generalstore:id/productAddCart"}&amp#27;[39m
&amp#27;[38;5;162m[c039cefa]&amp#27;[0m&amp#27;[38;5;-44m[AndroidUiautomator2Driver@7fd0]&amp#27;[0m Calling AppiumDriver.findElements() with args: ["id","com.androidsample.generalstore:id/productAddCart","c039cefa-a65a-4169-8bbf-0928ea5ebeaf"]
&amp#27;[38;5;162m[c039cefa]&amp#27;[0m&amp#27;[38;5;-44m[AndroidUiautomator2Driver@7fd0]&amp#27;[0m Valid locator strategies for this request: xpath, id, class name, accessibility id, css selector, -android uiautomator
&amp#27;[38;5;162m[c039cefa]&amp#27;[0m&amp#27;[38;5;-44m[AndroidUiautomator2Driver@7fd0]&amp#27;[0m Waiting up to 10000 ms for condition
&amp#27;[38;5;162m[c039cefa]&amp#27;[0m&amp#27;[38;5;-44m[AndroidUiautomator2Driver@7fd0]&amp#27;[0m Matched '/elements' to command name 'findElements'
&amp#27;[38;5;162m[c039cefa]&amp#27;[0m&amp#27;[38;5;-44m[AndroidUiautomator2Driver@7fd0]&amp#27;[0m Proxying [POST /elements] to [POST http://127.0.0.1:8200/session/abdef6a6-5960-49c7-a99c-6a39d00adea5/elements] with body: {"strategy":"id","selector":"com.androidsample.generalstore:id/productAddCart","context":"","multiple":true}
&amp#27;[38;5;162m[c039cefa]&amp#27;[0m&amp#27;[38;5;-44m[AndroidUiautomator2Driver@7fd0]&amp#27;[0m Got response with status 200: {"sessionId":"abdef6a6-5960-49c7-a99c-6a39d00adea5","value":[{"ELEMENT":"00000000-0000-0063-ffff-ffff0000008c","element-6066-11e4-a52e-4f735466cecf":"00000000-0000-0063-ffff-ffff0000008c"},{"ELEMENT":"00000000-0000-0063-ffff-ffff00000094","element-6066-11e4-a52e-4f735466cecf":"00000000-0000-0063-ffff-ffff00000094"}]}
&amp#27;[38;5;162m[c039cefa]&amp#27;[0m&amp#27;[38;5;-44m[AndroidUiautomator2Driver@7fd0]&amp#27;[0m Responding to client with driver.findElements() result: [{"element-6066-11e4-a52e-4f735466cecf":"00000000-0000-0063-ffff-ffff0000008c","ELEMENT":"00000000-0000-0063-ffff-ffff0000008c"},{"element-6066-11e4-a52e-4f735466cecf":"00000000-0000-0063-ffff-ffff00000094","ELEMENT":"00000000-0000-0063-ffff-ffff00000094"}]
&amp#27;[38;5;162m[c039cefa]&amp#27;[0m&amp#27;[38;5;86m[HTTP]&amp#27;[0m &amp#27;[37m<-- POST /session/c039cefa-a65a-4169-8bbf-0928ea5ebeaf/elements &amp#27;[39m&amp#27;[32m200&amp#27;[39m &amp#27;[90m23 ms - 267&amp#27;[39m &amp#27;[90m&amp#27;[39m
&amp#27;[38;5;162m[c039cefa]&amp#27;[0m&amp#27;[38;5;86m[HTTP]&amp#27;[0m &amp#27;[37m-->&amp#27;[39m &amp#27;[37mPOST&amp#27;[39m &amp#27;[37m/session/c039cefa-a65a-4169-8bbf-0928ea5ebeaf/element/00000000-0000-0063-ffff-ffff0000008c/click&amp#27;[39m &amp#27;[90m{"id":"00000000-0000-0063-ffff-ffff0000008c"}&amp#27;[39m
&amp#27;[38;5;162m[c039cefa]&amp#27;[0m&amp#27;[38;5;-44m[AndroidUiautomator2Driver@7fd0]&amp#27;[0m Calling AppiumDriver.click() with args: ["00000000-0000-0063-ffff-ffff0000008c","c039cefa-a65a-4169-8bbf-0928ea5ebeaf"]
&amp#27;[38;5;162m[c039cefa]&amp#27;[0m&amp#27;[38;5;-44m[AndroidUiautomator2Driver@7fd0]&amp#27;[0m Matched '/element/00000000-0000-0063-ffff-ffff0000008c/click' to command name 'click'
&amp#27;[38;5;162m[c039cefa]&amp#27;[0m&amp#27;[38;5;-44m[AndroidUiautomator2Driver@7fd0]&amp#27;[0m Proxying [POST /element/00000000-0000-0063-ffff-ffff0000008c/click] to [POST http://127.0.0.1:8200/session/abdef6a6-5960-49c7-a99c-6a39d00adea5/element/00000000-0000-0063-ffff-ffff0000008c/click] with body: {"element":"00000000-0000-0063-ffff-ffff0000008c"}
&amp#27;[38;5;162m[c039cefa]&amp#27;[0m&amp#27;[38;5;-44m[AndroidUiautomator2Driver@7fd0]&amp#27;[0m Got response with status 200: {"sessionId":"abdef6a6-5960-49c7-a99c-6a39d00adea5","value":null}
&amp#27;[38;5;162m[c039cefa]&amp#27;[0m&amp#27;[38;5;-44m[AndroidUiautomator2Driver@7fd0]&amp#27;[0m Responding to client with driver.click() result: null
&amp#27;[38;5;162m[c039cefa]&amp#27;[0m&amp#27;[38;5;86m[HTTP]&amp#27;[0m &amp#27;[37m<-- POST /session/c039cefa-a65a-4169-8bbf-0928ea5ebeaf/element/00000000-0000-0063-ffff-ffff0000008c/click &amp#27;[39m&amp#27;[32m200&amp#27;[39m &amp#27;[90m566 ms - 14&amp#27;[39m &amp#27;[90m&amp#27;[39m
&amp#27;[38;5;162m[c039cefa]&amp#27;[0m&amp#27;[38;5;86m[HTTP]&amp#27;[0m &amp#27;[37m-->&amp#27;[39m &amp#27;[37mPOST&amp#27;[39m &amp#27;[37m/session/c039cefa-a65a-4169-8bbf-0928ea5ebeaf/elements&amp#27;[39m &amp#27;[90m{"using":"id","value":"com.androidsample.generalstore:id/productName"}&amp#27;[39m
&amp#27;[38;5;162m[c039cefa]&amp#27;[0m&amp#27;[38;5;-44m[AndroidUiautomator2Driver@7fd0]&amp#27;[0m Calling AppiumDriver.findElements() with args: ["id","com.androidsample.generalstore:id/productName","c039cefa-a65a-4169-8bbf-0928ea5ebeaf"]
&amp#27;[38;5;162m[c039cefa]&amp#27;[0m&amp#27;[38;5;-44m[AndroidUiautomator2Driver@7fd0]&amp#27;[0m Valid locator strategies for this request: xpath, id, class name, accessibility id, css selector, -android uiautomator
&amp#27;[38;5;162m[c039cefa]&amp#27;[0m&amp#27;[38;5;-44m[AndroidUiautomator2Driver@7fd0]&amp#27;[0m Waiting up to 10000 ms for condition
&amp#27;[38;5;162m[c039cefa]&amp#27;[0m&amp#27;[38;5;-44m[AndroidUiautomator2Driver@7fd0]&amp#27;[0m Matched '/elements' to command name 'findElements'
&amp#27;[38;5;162m[c039cefa]&amp#27;[0m&amp#27;[38;5;-44m[AndroidUiautomator2Driver@7fd0]&amp#27;[0m Proxying [POST /elements] to [POST http://127.0.0.1:8200/session/abdef6a6-5960-49c7-a99c-6a39d00adea5/elements] with body: {"strategy":"id","selector":"com.androidsample.generalstore:id/productName","context":"","multiple":true}
&amp#27;[38;5;162m[c039cefa]&amp#27;[0m&amp#27;[38;5;-44m[AndroidUiautomator2Driver@7fd0]&amp#27;[0m Got response with status 200: {"sessionId":"abdef6a6-5960-49c7-a99c-6a39d00adea5","value":[{"ELEMENT":"00000000-0000-0063-ffff-ffff00000088","element-6066-11e4-a52e-4f735466cecf":"00000000-0000-0063-ffff-ffff00000088"},{"ELEMENT":"00000000-0000-0063-ffff-ffff00000090","element-6066-11e4-a52e-4f735466cecf":"00000000-0000-0063-ffff-ffff00000090"},{"ELEMENT":"00000000-0000-0063-ffff-ffff0000005f","element-6066-11e4-a52e-4f735466cecf":"00000000-0000-0063-ffff-ffff0000005f"}]}
&amp#27;[38;5;162m[c039cefa]&amp#27;[0m&amp#27;[38;5;-44m[AndroidUiautomator2Driver@7fd0]&amp#27;[0m Responding to client with driver.findElements() result: [{"element-6066-11e4-a52e-4f735466cecf":"00000000-0000-0063-ffff-ffff00000088","ELEMENT":"00000000-0000-0063-ffff-ffff00000088"},{"element-6066-11e4-a52e-4f735466cecf":"00000000-0000-0063-ffff-ffff00000090","ELEMENT":"00000000-0000-0063-ffff-ffff00000090"},{"element-6066-11e4-a52e-4f735466cecf":"00000000-0000-0063-ffff-ffff0000005f","ELEMENT":"00000000-0000-0063-ffff-ffff0000005f"}]
&amp#27;[38;5;162m[c039cefa]&amp#27;[0m&amp#27;[38;5;86m[HTTP]&amp#27;[0m &amp#27;[37m<-- POST /session/c039cefa-a65a-4169-8bbf-0928ea5ebeaf/elements &amp#27;[39m&amp#27;[32m200&amp#27;[39m &amp#27;[90m34 ms - 395&amp#27;[39m &amp#27;[90m&amp#27;[39m
&amp#27;[38;5;162m[c039cefa]&amp#27;[0m&amp#27;[38;5;86m[HTTP]&amp#27;[0m &amp#27;[37m-->&amp#27;[39m &amp#27;[37mGET&amp#27;[39m &amp#27;[37m/session/c039cefa-a65a-4169-8bbf-0928ea5ebeaf/element/00000000-0000-0063-ffff-ffff00000090/text&amp#27;[39m &amp#27;[90m{}&amp#27;[39m
&amp#27;[38;5;162m[c039cefa]&amp#27;[0m&amp#27;[38;5;-44m[AndroidUiautomator2Driver@7fd0]&amp#27;[0m Driver proxy active, passing request on via HTTP proxy
&amp#27;[38;5;162m[c039cefa]&amp#27;[0m&amp#27;[38;5;-44m[AndroidUiautomator2Driver@7fd0]&amp#27;[0m Matched '/session/c039cefa-a65a-4169-8bbf-0928ea5ebeaf/element/00000000-0000-0063-ffff-ffff00000090/text' to command name 'getText'
&amp#27;[38;5;162m[c039cefa]&amp#27;[0m&amp#27;[38;5;-44m[AndroidUiautomator2Driver@7fd0]&amp#27;[0m Proxying [GET /session/c039cefa-a65a-4169-8bbf-0928ea5ebeaf/element/00000000-0000-0063-ffff-ffff00000090/text] to [GET http://127.0.0.1:8200/session/abdef6a6-5960-49c7-a99c-6a39d00adea5/element/00000000-0000-0063-ffff-ffff00000090/text] with no body
&amp#27;[38;5;162m[c039cefa]&amp#27;[0m&amp#27;[38;5;-44m[AndroidUiautomator2Driver@7fd0]&amp#27;[0m Got response with status 200: {"sessionId":"abdef6a6-5960-49c7-a99c-6a39d00adea5","value":"Jordan Lift Off"}
&amp#27;[38;5;162m[c039cefa]&amp#27;[0m&amp#27;[38;5;-44m[AndroidUiautomator2Driver@7fd0]&amp#27;[0m Replacing sessionId abdef6a6-5960-49c7-a99c-6a39d00adea5 with c039cefa-a65a-4169-8bbf-0928ea5ebeaf
&amp#27;[38;5;162m[c039cefa]&amp#27;[0m&amp#27;[38;5;86m[HTTP]&amp#27;[0m &amp#27;[37m<-- GET /session/c039cefa-a65a-4169-8bbf-0928ea5ebeaf/element/00000000-0000-0063-ffff-ffff00000090/text &amp#27;[39m&amp#27;[32m200&amp#27;[39m &amp#27;[90m18 ms - 78&amp#27;[39m &amp#27;[90m&amp#27;[39m
&amp#27;[38;5;162m[c039cefa]&amp#27;[0m&amp#27;[38;5;86m[HTTP]&amp#27;[0m &amp#27;[37m-->&amp#27;[39m &amp#27;[37mPOST&amp#27;[39m &amp#27;[37m/session/c039cefa-a65a-4169-8bbf-0928ea5ebeaf/elements&amp#27;[39m &amp#27;[90m{"using":"id","value":"com.androidsample.generalstore:id/productName"}&amp#27;[39m
&amp#27;[38;5;162m[c039cefa]&amp#27;[0m&amp#27;[38;5;-44m[AndroidUiautomator2Driver@7fd0]&amp#27;[0m Calling AppiumDriver.findElements() with args: ["id","com.androidsample.generalstore:id/productName","c039cefa-a65a-4169-8bbf-0928ea5ebeaf"]
&amp#27;[38;5;162m[c039cefa]&amp#27;[0m&amp#27;[38;5;-44m[AndroidUiautomator2Driver@7fd0]&amp#27;[0m Valid locator strategies for this request: xpath, id, class name, accessibility id, css selector, -android uiautomator
&amp#27;[38;5;162m[c039cefa]&amp#27;[0m&amp#27;[38;5;-44m[AndroidUiautomator2Driver@7fd0]&amp#27;[0m Waiting up to 10000 ms for condition
&amp#27;[38;5;162m[c039cefa]&amp#27;[0m&amp#27;[38;5;-44m[AndroidUiautomator2Driver@7fd0]&amp#27;[0m Matched '/elements' to command name 'findElements'
&amp#27;[38;5;162m[c039cefa]&amp#27;[0m&amp#27;[38;5;-44m[AndroidUiautomator2Driver@7fd0]&amp#27;[0m Proxying [POST /elements] to [POST http://127.0.0.1:8200/session/abdef6a6-5960-49c7-a99c-6a39d00adea5/elements] with body: {"strategy":"id","selector":"com.androidsample.generalstore:id/productName","context":"","multiple":true}
&amp#27;[38;5;162m[c039cefa]&amp#27;[0m&amp#27;[38;5;-44m[AndroidUiautomator2Driver@7fd0]&amp#27;[0m Got response with status 200: {"sessionId":"abdef6a6-5960-49c7-a99c-6a39d00adea5","value":[{"ELEMENT":"00000000-0000-0063-ffff-ffff00000088","element-6066-11e4-a52e-4f735466cecf":"00000000-0000-0063-ffff-ffff00000088"},{"ELEMENT":"00000000-0000-0063-ffff-ffff00000090","element-6066-11e4-a52e-4f735466cecf":"00000000-0000-0063-ffff-ffff00000090"},{"ELEMENT":"00000000-0000-0063-ffff-ffff0000005f","element-6066-11e4-a52e-4f735466cecf":"00000000-0000-0063-ffff-ffff0000005f"}]}
&amp#27;[38;5;162m[c039cefa]&amp#27;[0m&amp#27;[38;5;-44m[AndroidUiautomator2Driver@7fd0]&amp#27;[0m Responding to client with driver.findElements() result: [{"element-6066-11e4-a52e-4f735466cecf":"00000000-0000-0063-ffff-ffff00000088","ELEMENT":"00000000-0000-0063-ffff-ffff00000088"},{"element-6066-11e4-a52e-4f735466cecf":"00000000-0000-0063-ffff-ffff00000090","ELEMENT":"00000000-0000-0063-ffff-ffff00000090"},{"element-6066-11e4-a52e-4f735466cecf":"00000000-0000-0063-ffff-ffff0000005f","ELEMENT":"00000000-0000-0063-ffff-ffff0000005f"}]
&amp#27;[38;5;162m[c039cefa]&amp#27;[0m&amp#27;[38;5;86m[HTTP]&amp#27;[0m &amp#27;[37m<-- POST /session/c039cefa-a65a-4169-8bbf-0928ea5ebeaf/elements &amp#27;[39m&amp#27;[32m200&amp#27;[39m &amp#27;[90m31 ms - 395&amp#27;[39m &amp#27;[90m&amp#27;[39m
&amp#27;[38;5;162m[c039cefa]&amp#27;[0m&amp#27;[38;5;86m[HTTP]&amp#27;[0m &amp#27;[37m-->&amp#27;[39m &amp#27;[37mGET&amp#27;[39m &amp#27;[37m/session/c039cefa-a65a-4169-8bbf-0928ea5ebeaf/element/00000000-0000-0063-ffff-ffff0000005f/text&amp#27;[39m &amp#27;[90m{}&amp#27;[39m
&amp#27;[38;5;162m[c039cefa]&amp#27;[0m&amp#27;[38;5;-44m[AndroidUiautomator2Driver@7fd0]&amp#27;[0m Driver proxy active, passing request on via HTTP proxy
&amp#27;[38;5;162m[c039cefa]&amp#27;[0m&amp#27;[38;5;-44m[AndroidUiautomator2Driver@7fd0]&amp#27;[0m Matched '/session/c039cefa-a65a-4169-8bbf-0928ea5ebeaf/element/00000000-0000-0063-ffff-ffff0000005f/text' to command name 'getText'
&amp#27;[38;5;162m[c039cefa]&amp#27;[0m&amp#27;[38;5;-44m[AndroidUiautomator2Driver@7fd0]&amp#27;[0m Proxying [GET /session/c039cefa-a65a-4169-8bbf-0928ea5ebeaf/element/00000000-0000-0063-ffff-ffff0000005f/text] to [GET http://127.0.0.1:8200/session/abdef6a6-5960-49c7-a99c-6a39d00adea5/element/00000000-0000-0063-ffff-ffff0000005f/text] with no body
&amp#27;[38;5;162m[c039cefa]&amp#27;[0m&amp#27;[38;5;-44m[AndroidUiautomator2Driver@7fd0]&amp#27;[0m Got response with status 200: {"sessionId":"abdef6a6-5960-49c7-a99c-6a39d00adea5","value":"LeBron Soldier 12 "}
&amp#27;[38;5;162m[c039cefa]&amp#27;[0m&amp#27;[38;5;-44m[AndroidUiautomator2Driver@7fd0]&amp#27;[0m Replacing sessionId abdef6a6-5960-49c7-a99c-6a39d00adea5 with c039cefa-a65a-4169-8bbf-0928ea5ebeaf
&amp#27;[38;5;162m[c039cefa]&amp#27;[0m&amp#27;[38;5;86m[HTTP]&amp#27;[0m &amp#27;[37m<-- GET /session/c039cefa-a65a-4169-8bbf-0928ea5ebeaf/element/00000000-0000-0063-ffff-ffff0000005f/text &amp#27;[39m&amp#27;[32m200&amp#27;[39m &amp#27;[90m27 ms - 81&amp#27;[39m &amp#27;[90m&amp#27;[39m
&amp#27;[38;5;162m[c039cefa]&amp#27;[0m&amp#27;[38;5;86m[HTTP]&amp#27;[0m &amp#27;[37m-->&amp#27;[39m &amp#27;[37mPOST&amp#27;[39m &amp#27;[37m/session/c039cefa-a65a-4169-8bbf-0928ea5ebeaf/element&amp#27;[39m &amp#27;[90m{"using":"id","value":"com.androidsample.generalstore:id/appbar_btn_cart"}&amp#27;[39m
&amp#27;[38;5;162m[c039cefa]&amp#27;[0m&amp#27;[38;5;-44m[AndroidUiautomator2Driver@7fd0]&amp#27;[0m Calling AppiumDriver.findElement() with args: ["id","com.androidsample.generalstore:id/appbar_btn_cart","c039cefa-a65a-4169-8bbf-0928ea5ebeaf"]
&amp#27;[38;5;162m[c039cefa]&amp#27;[0m&amp#27;[38;5;-44m[AndroidUiautomator2Driver@7fd0]&amp#27;[0m Valid locator strategies for this request: xpath, id, class name, accessibility id, css selector, -android uiautomator
&amp#27;[38;5;162m[c039cefa]&amp#27;[0m&amp#27;[38;5;-44m[AndroidUiautomator2Driver@7fd0]&amp#27;[0m Waiting up to 10000 ms for condition
&amp#27;[38;5;162m[c039cefa]&amp#27;[0m&amp#27;[38;5;-44m[AndroidUiautomator2Driver@7fd0]&amp#27;[0m Matched '/element' to command name 'findElement'
&amp#27;[38;5;162m[c039cefa]&amp#27;[0m&amp#27;[38;5;-44m[AndroidUiautomator2Driver@7fd0]&amp#27;[0m Proxying [POST /element] to [POST http://127.0.0.1:8200/session/abdef6a6-5960-49c7-a99c-6a39d00adea5/element] with body: {"strategy":"id","selector":"com.androidsample.generalstore:id/appbar_btn_cart","context":"","multiple":false}
&amp#27;[38;5;162m[c039cefa]&amp#27;[0m&amp#27;[38;5;-44m[AndroidUiautomator2Driver@7fd0]&amp#27;[0m Got response with status 200: {"sessionId":"abdef6a6-5960-49c7-a99c-6a39d00adea5","value":{"ELEMENT":"00000000-0000-0063-ffff-ffff00000056","element-6066-11e4-a52e-4f735466cecf":"00000000-0000-0063-ffff-ffff00000056"}}
&amp#27;[38;5;162m[c039cefa]&amp#27;[0m&amp#27;[38;5;-44m[AndroidUiautomator2Driver@7fd0]&amp#27;[0m Responding to client with driver.findElement() result: {"element-6066-11e4-a52e-4f735466cecf":"00000000-0000-0063-ffff-ffff00000056","ELEMENT":"00000000-0000-0063-ffff-ffff00000056"}
&amp#27;[38;5;162m[c039cefa]&amp#27;[0m&amp#27;[38;5;86m[HTTP]&amp#27;[0m &amp#27;[37m<-- POST /session/c039cefa-a65a-4169-8bbf-0928ea5ebeaf/element &amp#27;[39m&amp#27;[32m200&amp#27;[39m &amp#27;[90m32 ms - 137&amp#27;[39m &amp#27;[90m&amp#27;[39m
&amp#27;[38;5;162m[c039cefa]&amp#27;[0m&amp#27;[38;5;86m[HTTP]&amp#27;[0m &amp#27;[37m-->&amp#27;[39m &amp#27;[37mGET&amp#27;[39m &amp#27;[37m/session/c039cefa-a65a-4169-8bbf-0928ea5ebeaf/element/00000000-0000-0063-ffff-ffff00000056/displayed&amp#27;[39m &amp#27;[90m{}&amp#27;[39m
&amp#27;[38;5;162m[c039cefa]&amp#27;[0m&amp#27;[38;5;-44m[AndroidUiautomator2Driver@7fd0]&amp#27;[0m Calling AppiumDriver.elementDisplayed() with args: ["00000000-0000-0063-ffff-ffff00000056","c039cefa-a65a-4169-8bbf-0928ea5ebeaf"]
&amp#27;[38;5;162m[c039cefa]&amp#27;[0m&amp#27;[38;5;-44m[AndroidUiautomator2Driver@7fd0]&amp#27;[0m Matched '/element/00000000-0000-0063-ffff-ffff00000056/attribute/displayed' to command name 'getAttribute'
&amp#27;[38;5;162m[c039cefa]&amp#27;[0m&amp#27;[38;5;-44m[AndroidUiautomator2Driver@7fd0]&amp#27;[0m Proxying [GET /element/00000000-0000-0063-ffff-ffff00000056/attribute/displayed] to [GET http://127.0.0.1:8200/session/abdef6a6-5960-49c7-a99c-6a39d00adea5/element/00000000-0000-0063-ffff-ffff00000056/attribute/displayed] with no body
&amp#27;[38;5;162m[c039cefa]&amp#27;[0m&amp#27;[38;5;-44m[AndroidUiautomator2Driver@7fd0]&amp#27;[0m Got response with status 200: {"sessionId":"abdef6a6-5960-49c7-a99c-6a39d00adea5","value":"true"}
&amp#27;[38;5;162m[c039cefa]&amp#27;[0m&amp#27;[38;5;-44m[AndroidUiautomator2Driver@7fd0]&amp#27;[0m Responding to client with driver.elementDisplayed() result: true
&amp#27;[38;5;162m[c039cefa]&amp#27;[0m&amp#27;[38;5;86m[HTTP]&amp#27;[0m &amp#27;[37m<-- GET /session/c039cefa-a65a-4169-8bbf-0928ea5ebeaf/element/00000000-0000-0063-ffff-ffff00000056/displayed &amp#27;[39m&amp#27;[32m200&amp#27;[39m &amp#27;[90m19 ms - 14&amp#27;[39m &amp#27;[90m&amp#27;[39m
&amp#27;[38;5;162m[c039cefa]&amp#27;[0m&amp#27;[38;5;86m[HTTP]&amp#27;[0m &amp#27;[37m-->&amp#27;[39m &amp#27;[37mGET&amp#27;[39m &amp#27;[37m/session/c039cefa-a65a-4169-8bbf-0928ea5ebeaf/element/00000000-0000-0063-ffff-ffff00000056/enabled&amp#27;[39m &amp#27;[90m{}&amp#27;[39m
&amp#27;[38;5;162m[c039cefa]&amp#27;[0m&amp#27;[38;5;-44m[AndroidUiautomator2Driver@7fd0]&amp#27;[0m Calling AppiumDriver.elementEnabled() with args: ["00000000-0000-0063-ffff-ffff00000056","c039cefa-a65a-4169-8bbf-0928ea5ebeaf"]
&amp#27;[38;5;162m[c039cefa]&amp#27;[0m&amp#27;[38;5;-44m[AndroidUiautomator2Driver@7fd0]&amp#27;[0m Matched '/element/00000000-0000-0063-ffff-ffff00000056/attribute/enabled' to command name 'getAttribute'
&amp#27;[38;5;162m[c039cefa]&amp#27;[0m&amp#27;[38;5;-44m[AndroidUiautomator2Driver@7fd0]&amp#27;[0m Proxying [GET /element/00000000-0000-0063-ffff-ffff00000056/attribute/enabled] to [GET http://127.0.0.1:8200/session/abdef6a6-5960-49c7-a99c-6a39d00adea5/element/00000000-0000-0063-ffff-ffff00000056/attribute/enabled] with no body
&amp#27;[38;5;162m[c039cefa]&amp#27;[0m&amp#27;[38;5;-44m[AndroidUiautomator2Driver@7fd0]&amp#27;[0m Got response with status 200: {"sessionId":"abdef6a6-5960-49c7-a99c-6a39d00adea5","value":"true"}
&amp#27;[38;5;162m[c039cefa]&amp#27;[0m&amp#27;[38;5;-44m[AndroidUiautomator2Driver@7fd0]&amp#27;[0m Responding to client with driver.elementEnabled() result: true
&amp#27;[38;5;162m[c039cefa]&amp#27;[0m&amp#27;[38;5;86m[HTTP]&amp#27;[0m &amp#27;[37m<-- GET /session/c039cefa-a65a-4169-8bbf-0928ea5ebeaf/element/00000000-0000-0063-ffff-ffff00000056/enabled &amp#27;[39m&amp#27;[32m200&amp#27;[39m &amp#27;[90m28 ms - 14&amp#27;[39m &amp#27;[90m&amp#27;[39m
&amp#27;[38;5;162m[c039cefa]&amp#27;[0m&amp#27;[38;5;86m[HTTP]&amp#27;[0m &amp#27;[37m-->&amp#27;[39m &amp#27;[37mPOST&amp#27;[39m &amp#27;[37m/session/c039cefa-a65a-4169-8bbf-0928ea5ebeaf/element&amp#27;[39m &amp#27;[90m{"using":"id","value":"com.androidsample.generalstore:id/appbar_btn_cart"}&amp#27;[39m
&amp#27;[38;5;162m[c039cefa]&amp#27;[0m&amp#27;[38;5;-44m[AndroidUiautomator2Driver@7fd0]&amp#27;[0m Calling AppiumDriver.findElement() with args: ["id","com.androidsample.generalstore:id/appbar_btn_cart","c039cefa-a65a-4169-8bbf-0928ea5ebeaf"]
&amp#27;[38;5;162m[c039cefa]&amp#27;[0m&amp#27;[38;5;-44m[AndroidUiautomator2Driver@7fd0]&amp#27;[0m Valid locator strategies for this request: xpath, id, class name, accessibility id, css selector, -android uiautomator
&amp#27;[38;5;162m[c039cefa]&amp#27;[0m&amp#27;[38;5;-44m[AndroidUiautomator2Driver@7fd0]&amp#27;[0m Waiting up to 10000 ms for condition
&amp#27;[38;5;162m[c039cefa]&amp#27;[0m&amp#27;[38;5;-44m[AndroidUiautomator2Driver@7fd0]&amp#27;[0m Matched '/element' to command name 'findElement'
&amp#27;[38;5;162m[c039cefa]&amp#27;[0m&amp#27;[38;5;-44m[AndroidUiautomator2Driver@7fd0]&amp#27;[0m Proxying [POST /element] to [POST http://127.0.0.1:8200/session/abdef6a6-5960-49c7-a99c-6a39d00adea5/element] with body: {"strategy":"id","selector":"com.androidsample.generalstore:id/appbar_btn_cart","context":"","multiple":false}
&amp#27;[38;5;162m[c039cefa]&amp#27;[0m&amp#27;[38;5;-44m[AndroidUiautomator2Driver@7fd0]&amp#27;[0m Got response with status 200: {"sessionId":"abdef6a6-5960-49c7-a99c-6a39d00adea5","value":{"ELEMENT":"00000000-0000-0063-ffff-ffff00000056","element-6066-11e4-a52e-4f735466cecf":"00000000-0000-0063-ffff-ffff00000056"}}
&amp#27;[38;5;162m[c039cefa]&amp#27;[0m&amp#27;[38;5;-44m[AndroidUiautomator2Driver@7fd0]&amp#27;[0m Responding to client with driver.findElement() result: {"element-6066-11e4-a52e-4f735466cecf":"00000000-0000-0063-ffff-ffff00000056","ELEMENT":"00000000-0000-0063-ffff-ffff00000056"}
&amp#27;[38;5;162m[c039cefa]&amp#27;[0m&amp#27;[38;5;86m[HTTP]&amp#27;[0m &amp#27;[37m<-- POST /session/c039cefa-a65a-4169-8bbf-0928ea5ebeaf/element &amp#27;[39m&amp#27;[32m200&amp#27;[39m &amp#27;[90m52 ms - 137&amp#27;[39m &amp#27;[90m&amp#27;[39m
&amp#27;[38;5;162m[c039cefa]&amp#27;[0m&amp#27;[38;5;86m[HTTP]&amp#27;[0m &amp#27;[37m-->&amp#27;[39m &amp#27;[37mPOST&amp#27;[39m &amp#27;[37m/session/c039cefa-a65a-4169-8bbf-0928ea5ebeaf/element/00000000-0000-0063-ffff-ffff00000056/click&amp#27;[39m &amp#27;[90m{"id":"00000000-0000-0063-ffff-ffff00000056"}&amp#27;[39m
&amp#27;[38;5;162m[c039cefa]&amp#27;[0m&amp#27;[38;5;-44m[AndroidUiautomator2Driver@7fd0]&amp#27;[0m Calling AppiumDriver.click() with args: ["00000000-0000-0063-ffff-ffff00000056","c039cefa-a65a-4169-8bbf-0928ea5ebeaf"]
&amp#27;[38;5;162m[c039cefa]&amp#27;[0m&amp#27;[38;5;-44m[AndroidUiautomator2Driver@7fd0]&amp#27;[0m Matched '/element/00000000-0000-0063-ffff-ffff00000056/click' to command name 'click'
&amp#27;[38;5;162m[c039cefa]&amp#27;[0m&amp#27;[38;5;-44m[AndroidUiautomator2Driver@7fd0]&amp#27;[0m Proxying [POST /element/00000000-0000-0063-ffff-ffff00000056/click] to [POST http://127.0.0.1:8200/session/abdef6a6-5960-49c7-a99c-6a39d00adea5/element/00000000-0000-0063-ffff-ffff00000056/click] with body: {"element":"00000000-0000-0063-ffff-ffff00000056"}
&amp#27;[38;5;162m[c039cefa]&amp#27;[0m&amp#27;[38;5;-44m[AndroidUiautomator2Driver@7fd0]&amp#27;[0m Got response with status 200: {"sessionId":"abdef6a6-5960-49c7-a99c-6a39d00adea5","value":null}
&amp#27;[38;5;162m[c039cefa]&amp#27;[0m&amp#27;[38;5;-44m[AndroidUiautomator2Driver@7fd0]&amp#27;[0m Responding to client with driver.click() result: null
&amp#27;[38;5;162m[c039cefa]&amp#27;[0m&amp#27;[38;5;86m[HTTP]&amp#27;[0m &amp#27;[37m<-- POST /session/c039cefa-a65a-4169-8bbf-0928ea5ebeaf/element/00000000-0000-0063-ffff-ffff00000056/click &amp#27;[39m&amp#27;[32m200&amp#27;[39m &amp#27;[90m93 ms - 14&amp#27;[39m &amp#27;[90m&amp#27;[39m
&amp#27;[38;5;162m[c039cefa]&amp#27;[0m&amp#27;[38;5;86m[HTTP]&amp#27;[0m &amp#27;[37m-->&amp#27;[39m &amp#27;[37mPOST&amp#27;[39m &amp#27;[37m/session/c039cefa-a65a-4169-8bbf-0928ea5ebeaf/element&amp#27;[39m &amp#27;[90m{"using":"id","value":"com.androidsample.generalstore:id/productName"}&amp#27;[39m
&amp#27;[38;5;162m[c039cefa]&amp#27;[0m&amp#27;[38;5;-44m[AndroidUiautomator2Driver@7fd0]&amp#27;[0m Calling AppiumDriver.findElement() with args: ["id","com.androidsample.generalstore:id/productName","c039cefa-a65a-4169-8bbf-0928ea5ebeaf"]
&amp#27;[38;5;162m[c039cefa]&amp#27;[0m&amp#27;[38;5;-44m[AndroidUiautomator2Driver@7fd0]&amp#27;[0m Valid locator strategies for this request: xpath, id, class name, accessibility id, css selector, -android uiautomator
&amp#27;[38;5;162m[c039cefa]&amp#27;[0m&amp#27;[38;5;-44m[AndroidUiautomator2Driver@7fd0]&amp#27;[0m Waiting up to 10000 ms for condition
&amp#27;[38;5;162m[c039cefa]&amp#27;[0m&amp#27;[38;5;-44m[AndroidUiautomator2Driver@7fd0]&amp#27;[0m Matched '/element' to command name 'findElement'
&amp#27;[38;5;162m[c039cefa]&amp#27;[0m&amp#27;[38;5;-44m[AndroidUiautomator2Driver@7fd0]&amp#27;[0m Proxying [POST /element] to [POST http://127.0.0.1:8200/session/abdef6a6-5960-49c7-a99c-6a39d00adea5/element] with body: {"strategy":"id","selector":"com.androidsample.generalstore:id/productName","context":"","multiple":false}
&amp#27;[38;5;162m[c039cefa]&amp#27;[0m&amp#27;[38;5;-44m[AndroidUiautomator2Driver@7fd0]&amp#27;[0m Got response with status 200: {"sessionId":"abdef6a6-5960-49c7-a99c-6a39d00adea5","value":{"ELEMENT":"00000000-0000-0063-ffff-ffff00000088","element-6066-11e4-a52e-4f735466cecf":"00000000-0000-0063-ffff-ffff00000088"}}
&amp#27;[38;5;162m[c039cefa]&amp#27;[0m&amp#27;[38;5;-44m[AndroidUiautomator2Driver@7fd0]&amp#27;[0m Responding to client with driver.findElement() result: {"element-6066-11e4-a52e-4f735466cecf":"00000000-0000-0063-ffff-ffff00000088","ELEMENT":"00000000-0000-0063-ffff-ffff00000088"}
&amp#27;[38;5;162m[c039cefa]&amp#27;[0m&amp#27;[38;5;86m[HTTP]&amp#27;[0m &amp#27;[37m<-- POST /session/c039cefa-a65a-4169-8bbf-0928ea5ebeaf/element &amp#27;[39m&amp#27;[32m200&amp#27;[39m &amp#27;[90m258 ms - 137&amp#27;[39m &amp#27;[90m&amp#27;[39m
&amp#27;[38;5;162m[c039cefa]&amp#27;[0m&amp#27;[38;5;86m[HTTP]&amp#27;[0m &amp#27;[37m-->&amp#27;[39m &amp#27;[37mGET&amp#27;[39m &amp#27;[37m/session/c039cefa-a65a-4169-8bbf-0928ea5ebeaf/element/00000000-0000-0063-ffff-ffff00000088/text&amp#27;[39m &amp#27;[90m{}&amp#27;[39m
&amp#27;[38;5;162m[c039cefa]&amp#27;[0m&amp#27;[38;5;-44m[AndroidUiautomator2Driver@7fd0]&amp#27;[0m Driver proxy active, passing request on via HTTP proxy
&amp#27;[38;5;162m[c039cefa]&amp#27;[0m&amp#27;[38;5;-44m[AndroidUiautomator2Driver@7fd0]&amp#27;[0m Matched '/session/c039cefa-a65a-4169-8bbf-0928ea5ebeaf/element/00000000-0000-0063-ffff-ffff00000088/text' to command name 'getText'
&amp#27;[38;5;162m[c039cefa]&amp#27;[0m&amp#27;[38;5;-44m[AndroidUiautomator2Driver@7fd0]&amp#27;[0m Proxying [GET /session/c039cefa-a65a-4169-8bbf-0928ea5ebeaf/element/00000000-0000-0063-ffff-ffff00000088/text] to [GET http://127.0.0.1:8200/session/abdef6a6-5960-49c7-a99c-6a39d00adea5/element/00000000-0000-0063-ffff-ffff00000088/text] with no body
&amp#27;[38;5;162m[c039cefa]&amp#27;[0m&amp#27;[38;5;-44m[AndroidUiautomator2Driver@7fd0]&amp#27;[0m Got response with status 404: {"sessionId":"abdef6a6-5960-49c7-a99c-6a39d00adea5","value":{"error":"stale element reference","message":"The element 'By.id: com.androidsample.generalstore:id/productName' does not exist in DOM anymore","stacktrace":"io.appium.uiautomator2.common.exceptions.StaleElementReferenceException: The element 'By.id: com.androidsample.generalstore:id/productName' does not exist in DOM anymore\n\tat io.appium.uiautomator2.model.ElementsCache.restore(ElementsCache.java:117)\n\tat io.appium.uiautomator2.model.ElementsCache.get(ElementsCache.java:153)\n\tat io.appium.uiautomator2.handler.GetText.safeHandle(GetText.java:20)\n\tat io.appium.uiautomator2.handler.request.SafeRequestHandler.handle(SafeRequestHandler.java:59)\n\tat io.appium.uiautomator2.server.AppiumServlet.handleRequest(AppiumServlet.java:259)\n\tat io.appium.uiautomator2.server.AppiumServlet.handleHttpRequest(AppiumServlet.java:253)\n\tat io.appium.uiautomator2.http.ServerHandler.channelRead(ServerHandler.java:77)\n\tat io.netty.channel.AbstractChannelHa...
&amp#27;[38;5;162m[c039cefa]&amp#27;[0m&amp#27;[38;5;123m[W3C]&amp#27;[0m Matched W3C error code 'stale element reference' to StaleElementReferenceError
&amp#27;[38;5;162m[c039cefa]&amp#27;[0m&amp#27;[38;5;86m[HTTP]&amp#27;[0m &amp#27;[37m<-- GET /session/c039cefa-a65a-4169-8bbf-0928ea5ebeaf/element/00000000-0000-0063-ffff-ffff00000088/text &amp#27;[39m&amp#27;[33m404&amp#27;[39m &amp#27;[90m1556 ms - 3979&amp#27;[39m &amp#27;[90m&amp#27;[39m
]]></system-out>
  </testcase>
  <testcase name="browserTest" classname="BrowserTest" time="16.964">
    <system-out><![CDATA[&amp#27;[38;5;162m[c039cefa]&amp#27;[0m&amp#27;[38;5;86m[HTTP]&amp#27;[0m &amp#27;[37m-->&amp#27;[39m &amp#27;[37mDELETE&amp#27;[39m &amp#27;[37m/session/c039cefa-a65a-4169-8bbf-0928ea5ebeaf&amp#27;[39m &amp#27;[90m{}&amp#27;[39m
&amp#27;[38;5;162m[c039cefa]&amp#27;[0m&amp#27;[38;5;-44m[AndroidUiautomator2Driver@7fd0]&amp#27;[0m Calling AppiumDriver.deleteSession() with args: ["c039cefa-a65a-4169-8bbf-0928ea5ebeaf"]
&amp#27;[38;5;162m[c039cefa]&amp#27;[0m&amp#27;[38;5;27m[AppiumDriver@115d]&amp#27;[0m Event 'quitSessionRequested' logged at 1723366538338 (11:55:38 GMT+0300 (Eastern European Summer Time))
&amp#27;[38;5;162m[c039cefa]&amp#27;[0m&amp#27;[38;5;27m[AppiumDriver@115d]&amp#27;[0m Removing session c039cefa-a65a-4169-8bbf-0928ea5ebeaf from our master session list
&amp#27;[38;5;162m[c039cefa]&amp#27;[0m&amp#27;[38;5;-44m[AndroidUiautomator2Driver@7fd0]&amp#27;[0m Deleting UiAutomator2 session
&amp#27;[38;5;162m[c039cefa]&amp#27;[0m&amp#27;[38;5;-44m[AndroidUiautomator2Driver@7fd0]&amp#27;[0m Deleting UiAutomator2 server session
&amp#27;[38;5;162m[c039cefa]&amp#27;[0m&amp#27;[38;5;-44m[AndroidUiautomator2Driver@7fd0]&amp#27;[0m Matched '/' to command name 'deleteSession'
&amp#27;[38;5;162m[c039cefa]&amp#27;[0m&amp#27;[38;5;-44m[AndroidUiautomator2Driver@7fd0]&amp#27;[0m Proxying [DELETE /] to [DELETE http://127.0.0.1:8200/session/abdef6a6-5960-49c7-a99c-6a39d00adea5] with no body
&amp#27;[38;5;162m[c039cefa]&amp#27;[0m&amp#27;[38;5;-44m[AndroidUiautomator2Driver@7fd0]&amp#27;[0m Got response with status 200: {"sessionId":"abdef6a6-5960-49c7-a99c-6a39d00adea5","value":null}
&amp#27;[38;5;162m[c039cefa]&amp#27;[0m&amp#27;[38;5;-44m[AndroidUiautomator2Driver@7fd0]&amp#27;[0m [Instrumentation] io.appium.uiautomator2.server.test.AppiumUiAutomator2Server:
&amp#27;[38;5;162m[c039cefa]&amp#27;[0m&amp#27;[38;5;-44m[AndroidUiautomator2Driver@7fd0]&amp#27;[0m [Instrumentation] The process has exited with code null, signal SIGTERM
&amp#27;[38;5;162m[c039cefa]&amp#27;[0m&amp#27;[38;5;229m[ADB]&amp#27;[0m Running 'C:\Users\hmohammed25\AppData\Local\Android\Sdk\platform-tools\adb.exe -P 5037 -s emulator-5554 shell dumpsys activity services io.appium.settings/.recorder.RecorderService'
&amp#27;[38;5;162m[c039cefa]&amp#27;[0m&amp#27;[38;5;229m[ADB]&amp#27;[0m Running 'C:\Users\hmohammed25\AppData\Local\Android\Sdk\platform-tools\adb.exe -P 5037 -s emulator-5554 shell am force-stop com.androidsample.generalstore'
&amp#27;[38;5;162m[c039cefa]&amp#27;[0m&amp#27;[38;5;229m[ADB]&amp#27;[0m Removing forwarded port socket connection: 8200 
&amp#27;[38;5;162m[c039cefa]&amp#27;[0m&amp#27;[38;5;229m[ADB]&amp#27;[0m Running 'C:\Users\hmohammed25\AppData\Local\Android\Sdk\platform-tools\adb.exe -P 5037 -s emulator-5554 forward --remove tcp:8200'
&amp#27;[38;5;162m[c039cefa]&amp#27;[0m&amp#27;[38;5;-44m[AndroidUiautomator2Driver@7fd0]&amp#27;[0m Restoring hidden api policy to the device default configuration
&amp#27;[38;5;162m[c039cefa]&amp#27;[0m&amp#27;[38;5;229m[ADB]&amp#27;[0m Running 'C:\Users\hmohammed25\AppData\Local\Android\Sdk\platform-tools\adb.exe -P 5037 -s emulator-5554 shell 'settings delete global hidden_api_policy_pre_p_apps;settings delete global hidden_api_policy_p_apps;settings delete global hidden_api_policy''
&amp#27;[38;5;162m[c039cefa]&amp#27;[0m&amp#27;[38;5;160m[Logcat]&amp#27;[0m Stopping logcat capture
&amp#27;[38;5;162m[c039cefa]&amp#27;[0m&amp#27;[38;5;27m[AppiumDriver@115d]&amp#27;[0m Event 'quitSessionFinished' logged at 1723366539480 (11:55:39 GMT+0300 (Eastern European Summer Time))
&amp#27;[38;5;162m[c039cefa]&amp#27;[0m&amp#27;[38;5;27m[AppiumDriver@115d]&amp#27;[0m Received response: null
&amp#27;[38;5;162m[c039cefa]&amp#27;[0m&amp#27;[38;5;27m[AppiumDriver@115d]&amp#27;[0m But deleting session, so not returning
&amp#27;[38;5;162m[c039cefa]&amp#27;[0m&amp#27;[38;5;27m[AppiumDriver@115d]&amp#27;[0m Responding to client with driver.deleteSession() result: null
&amp#27;[38;5;162m[c039cefa]&amp#27;[0m&amp#27;[38;5;86m[HTTP]&amp#27;[0m &amp#27;[37m<-- DELETE /session/c039cefa-a65a-4169-8bbf-0928ea5ebeaf &amp#27;[39m&amp#27;[32m200&amp#27;[39m &amp#27;[90m1144 ms - 14&amp#27;[39m &amp#27;[90m&amp#27;[39m
&amp#27;[38;5;112m[Appium]&amp#27;[0m Welcome to Appium v2.11.2
&amp#27;[38;5;112m[Appium]&amp#27;[0m Non-default server args:
&amp#27;[38;5;112m[Appium]&amp#27;[0m { address: &amp#27;[32m'127.0.0.1'&amp#27;[39m }
&amp#27;[38;5;112m[Appium]&amp#27;[0m The APPIUM_HOME environment variable: C:\Users\hmohammed25\.appium
&amp#27;[38;5;112m[Appium]&amp#27;[0m Attempting to load driver uiautomator2...
&amp#27;[38;5;112m[Appium]&amp#27;[0m Requiring driver at C:\Users\hmohammed25\.appium\node_modules\appium-uiautomator2-driver\build\index.js
&amp#27;[38;5;112m[Appium]&amp#27;[0m AndroidUiautomator2Driver has been successfully loaded in 1.665s
&amp#27;[38;5;112m[Appium]&amp#27;[0m Appium REST http interface listener started on http://127.0.0.1:4723
&amp#27;[38;5;112m[Appium]&amp#27;[0m Available drivers:
&amp#27;[38;5;112m[Appium]&amp#27;[0m   - uiautomator2@3.7.4 (automationName 'UiAutomator2')
&amp#27;[38;5;112m[Appium]&amp#27;[0m No plugins have been installed. Use the "appium plugin" command to install the one(s) you want to use.
&amp#27;[38;5;86m[HTTP]&amp#27;[0m &amp#27;[37m-->&amp#27;[39m &amp#27;[37mGET&amp#27;[39m &amp#27;[37m/status&amp#27;[39m &amp#27;[90m{}&amp#27;[39m
&amp#27;[38;5;154m[AppiumDriver@6688]&amp#27;[0m Calling AppiumDriver.getStatus() with args: []
&amp#27;[38;5;154m[AppiumDriver@6688]&amp#27;[0m Responding to client with driver.getStatus() result: {"ready":true,"message":"The server is ready to accept new connections","build":{"version":"2.11.2"}}
&amp#27;[38;5;86m[HTTP]&amp#27;[0m &amp#27;[37m<-- GET /status &amp#27;[39m&amp#27;[32m200&amp#27;[39m &amp#27;[90m8 ms - 111&amp#27;[39m &amp#27;[90m&amp#27;[39m
&amp#27;[38;5;86m[HTTP]&amp#27;[0m Request idempotency key: bb9fcf50-47e8-4f27-bef1-85e7bdb9a231
&amp#27;[38;5;86m[HTTP]&amp#27;[0m &amp#27;[37m-->&amp#27;[39m &amp#27;[37mPOST&amp#27;[39m &amp#27;[37m/session&amp#27;[39m &amp#27;[90m{"capabilities":{"firstMatch":[{"browserName":"Chrome","appium:deviceName":"emulator-5554","platformName":"ANDROID","appium:automationName":"UIAutomator2","appium:platformVersion":"15"}]}}&amp#27;[39m
&amp#27;[38;5;154m[AppiumDriver@6688]&amp#27;[0m Calling AppiumDriver.createSession() with args: [null,null,{"firstMatch":[{"browserName":"Chrome","appium:deviceName":"emulator-5554","platformName":"ANDROID","appium:automationName":"UIAutomator2","appium:platformVersion":"15"}]}]
&amp#27;[38;5;154m[AppiumDriver@6688]&amp#27;[0m Event 'newSessionRequested' logged at 1723366544205 (11:55:44 GMT+0300 (Eastern European Summer Time))
&amp#27;[38;5;112m[Appium]&amp#27;[0m Attempting to find matching driver for automationName 'UIAutomator2' and platformName 'ANDROID'
&amp#27;[38;5;112m[Appium]&amp#27;[0m The 'uiautomator2' driver was installed and matched caps.
&amp#27;[38;5;112m[Appium]&amp#27;[0m Will require it at C:\Users\hmohammed25\.appium\node_modules\appium-uiautomator2-driver
&amp#27;[38;5;112m[Appium]&amp#27;[0m Requiring driver at C:\Users\hmohammed25\.appium\node_modules\appium-uiautomator2-driver\build\index.js
&amp#27;[38;5;154m[AppiumDriver@6688]&amp#27;[0m Appium v2.11.2 creating new AndroidUiautomator2Driver (v3.7.4) session
&amp#27;[38;5;154m[AppiumDriver@6688]&amp#27;[0m Checking BaseDriver versions for Appium and AndroidUiautomator2Driver
&amp#27;[38;5;154m[AppiumDriver@6688]&amp#27;[0m Appium's BaseDriver version is 9.11.2
&amp#27;[38;5;154m[AppiumDriver@6688]&amp#27;[0m AndroidUiautomator2Driver's BaseDriver version is 9.11.2
&amp#27;[38;5;-122m[AndroidUiautomator2Driver@340f]&amp#27;[0m undefined
&amp#27;[38;5;-122m[AndroidUiautomator2Driver@340f]&amp#27;[0m Creating session with W3C capabilities: {
  "alwaysMatch": {
    "browserName": "Chrome",
    "platformName": "ANDROID",
    "appium:deviceName": "emulator-5554",
    "appium:automationName": "UIAutomator2",
    "appium:platformVersion": "15"
  },
  "firstMatch": [
    {}
  ]
}
&amp#27;[38;5;214m[d692380d]&amp#27;[0m&amp#27;[38;5;-122m[AndroidUiautomator2Driver@340f]&amp#27;[0m Session created with session id: d692380d-3816-469f-a9df-0e47dd1211d6
&amp#27;[38;5;214m[d692380d]&amp#27;[0m&amp#27;[38;5;229m[ADB]&amp#27;[0m Found 1 'build-tools' folders under 'C:\Users\hmohammed25\AppData\Local\Android\Sdk' (newest first):
&amp#27;[38;5;214m[d692380d]&amp#27;[0m&amp#27;[38;5;229m[ADB]&amp#27;[0m     C:\Users\hmohammed25\AppData\Local\Android\Sdk\build-tools\35.0.0
&amp#27;[38;5;214m[d692380d]&amp#27;[0m&amp#27;[38;5;229m[ADB]&amp#27;[0m Using 'adb.exe' from 'C:\Users\hmohammed25\AppData\Local\Android\Sdk\platform-tools\adb.exe'
&amp#27;[38;5;214m[d692380d]&amp#27;[0m&amp#27;[38;5;229m[ADB]&amp#27;[0m Running 'C:\Users\hmohammed25\AppData\Local\Android\Sdk\platform-tools\adb.exe -P 5037 start-server'
&amp#27;[38;5;214m[d692380d]&amp#27;[0m&amp#27;[38;5;-122m[AndroidUiautomator2Driver@340f]&amp#27;[0m Retrieving device list
&amp#27;[38;5;214m[d692380d]&amp#27;[0m&amp#27;[38;5;229m[ADB]&amp#27;[0m Trying to find connected Android devices
&amp#27;[38;5;214m[d692380d]&amp#27;[0m&amp#27;[38;5;229m[ADB]&amp#27;[0m Getting connected devices
&amp#27;[38;5;214m[d692380d]&amp#27;[0m&amp#27;[38;5;229m[ADB]&amp#27;[0m Connected devices: [{"udid":"emulator-5554","state":"device"}]
&amp#27;[38;5;214m[d692380d]&amp#27;[0m&amp#27;[38;5;-122m[AndroidUiautomator2Driver@340f]&amp#27;[0m Looking for a device with Android '15.0.0'
&amp#27;[38;5;214m[d692380d]&amp#27;[0m&amp#27;[38;5;229m[ADB]&amp#27;[0m Setting device id to emulator-5554
&amp#27;[38;5;214m[d692380d]&amp#27;[0m&amp#27;[38;5;229m[ADB]&amp#27;[0m Getting device platform version
&amp#27;[38;5;214m[d692380d]&amp#27;[0m&amp#27;[38;5;229m[ADB]&amp#27;[0m Running 'C:\Users\hmohammed25\AppData\Local\Android\Sdk\platform-tools\adb.exe -P 5037 -s emulator-5554 shell getprop ro.build.version.release'
&amp#27;[38;5;214m[d692380d]&amp#27;[0m&amp#27;[38;5;229m[ADB]&amp#27;[0m Current device property 'ro.build.version.release': 15
&amp#27;[38;5;214m[d692380d]&amp#27;[0m&amp#27;[38;5;-122m[AndroidUiautomator2Driver@340f]&amp#27;[0m Using device: emulator-5554
&amp#27;[38;5;214m[d692380d]&amp#27;[0m&amp#27;[38;5;229m[ADB]&amp#27;[0m Using 'adb.exe' from 'C:\Users\hmohammed25\AppData\Local\Android\Sdk\platform-tools\adb.exe'
&amp#27;[38;5;214m[d692380d]&amp#27;[0m&amp#27;[38;5;229m[ADB]&amp#27;[0m Running 'C:\Users\hmohammed25\AppData\Local\Android\Sdk\platform-tools\adb.exe -P 5037 start-server'
&amp#27;[38;5;214m[d692380d]&amp#27;[0m&amp#27;[38;5;229m[ADB]&amp#27;[0m Setting device id to emulator-5554
&amp#27;[38;5;214m[d692380d]&amp#27;[0m&amp#27;[38;5;-122m[AndroidUiautomator2Driver@340f]&amp#27;[0m We're going to run a Chrome-based session
&amp#27;[38;5;214m[d692380d]&amp#27;[0m&amp#27;[38;5;229m[ADB]&amp#27;[0m Running 'C:\Users\hmohammed25\AppData\Local\Android\Sdk\platform-tools\adb.exe -P 5037 -s emulator-5554 shell getprop ro.build.version.sdk'
&amp#27;[38;5;214m[d692380d]&amp#27;[0m&amp#27;[38;5;229m[ADB]&amp#27;[0m Current device property 'ro.build.version.sdk': 35
&amp#27;[38;5;214m[d692380d]&amp#27;[0m&amp#27;[38;5;229m[ADB]&amp#27;[0m Getting device platform version
&amp#27;[38;5;214m[d692380d]&amp#27;[0m&amp#27;[38;5;229m[ADB]&amp#27;[0m Running 'C:\Users\hmohammed25\AppData\Local\Android\Sdk\platform-tools\adb.exe -P 5037 -s emulator-5554 shell getprop ro.build.version.release'
&amp#27;[38;5;214m[d692380d]&amp#27;[0m&amp#27;[38;5;229m[ADB]&amp#27;[0m Current device property 'ro.build.version.release': 15
&amp#27;[38;5;214m[d692380d]&amp#27;[0m&amp#27;[38;5;229m[ADB]&amp#27;[0m Device API level: 35
&amp#27;[38;5;214m[d692380d]&amp#27;[0m&amp#27;[38;5;229m[ADB]&amp#27;[0m Running 'C:\Users\hmohammed25\AppData\Local\Android\Sdk\platform-tools\adb.exe -P 5037 -s emulator-5554 shell cmd package resolve-activity --brief com.android.chrome'
&amp#27;[38;5;214m[d692380d]&amp#27;[0m&amp#27;[38;5;-122m[AndroidUiautomator2Driver@340f]&amp#27;[0m Chrome-type package and activity are com.android.chrome and com.android.chrome/com.google.android.apps.chrome.Main
&amp#27;[38;5;214m[d692380d]&amp#27;[0m&amp#27;[38;5;-122m[AndroidUiautomator2Driver@340f]&amp#27;[0m Starting 'com.android.chrome' directly on the device
&amp#27;[38;5;214m[d692380d]&amp#27;[0m&amp#27;[38;5;-122m[AndroidUiautomator2Driver@340f]&amp#27;[0m Relaxing hidden api policy
&amp#27;[38;5;214m[d692380d]&amp#27;[0m&amp#27;[38;5;229m[ADB]&amp#27;[0m Running 'C:\Users\hmohammed25\AppData\Local\Android\Sdk\platform-tools\adb.exe -P 5037 -s emulator-5554 shell 'settings put global hidden_api_policy_pre_p_apps 1;settings put global hidden_api_policy_p_apps 1;settings put global hidden_api_policy 1''
&amp#27;[38;5;214m[d692380d]&amp#27;[0m&amp#27;[38;5;-122m[AndroidUiautomator2Driver@340f]&amp#27;[0m No app sent in, not parsing package/activity
&amp#27;[38;5;214m[d692380d]&amp#27;[0m&amp#27;[38;5;229m[ADB]&amp#27;[0m Running 'C:\Users\hmohammed25\AppData\Local\Android\Sdk\platform-tools\adb.exe -P 5037 -s emulator-5554 wait-for-device'
&amp#27;[38;5;214m[d692380d]&amp#27;[0m&amp#27;[38;5;229m[ADB]&amp#27;[0m Running 'C:\Users\hmohammed25\AppData\Local\Android\Sdk\platform-tools\adb.exe -P 5037 -s emulator-5554 shell echo ping'
&amp#27;[38;5;214m[d692380d]&amp#27;[0m&amp#27;[38;5;-122m[AndroidUiautomator2Driver@340f]&amp#27;[0m Pushing settings apk to the device...
&amp#27;[38;5;214m[d692380d]&amp#27;[0m&amp#27;[38;5;229m[ADB]&amp#27;[0m Getting package info for 'io.appium.settings'
&amp#27;[38;5;214m[d692380d]&amp#27;[0m&amp#27;[38;5;229m[ADB]&amp#27;[0m Running 'C:\Users\hmohammed25\AppData\Local\Android\Sdk\platform-tools\adb.exe -P 5037 -s emulator-5554 shell dumpsys package io.appium.settings'
&amp#27;[38;5;214m[d692380d]&amp#27;[0m&amp#27;[38;5;229m[ADB]&amp#27;[0m Using 'aapt2.exe' from 'C:\Users\hmohammed25\AppData\Local\Android\Sdk\build-tools\35.0.0\aapt2.exe'
&amp#27;[38;5;214m[d692380d]&amp#27;[0m&amp#27;[38;5;229m[ADB]&amp#27;[0m Reading package manifest: 'C:\\Users\\hmohammed25\\AppData\\Local\\Android\\Sdk\\build-tools\\35.0.0\\aapt2.exe dump badging C:\\Users\\hmohammed25\\.appium\\node_modules\\appium-uiautomator2-driver\\node_modules\\io.appium.settings\\apks\\settings_apk-debug.apk'
&amp#27;[38;5;214m[d692380d]&amp#27;[0m&amp#27;[38;5;229m[ADB]&amp#27;[0m The version name of the installed 'io.appium.settings' is greater or equal to the application version name ('5.12.7' >= '5.12.7')
&amp#27;[38;5;214m[d692380d]&amp#27;[0m&amp#27;[38;5;229m[ADB]&amp#27;[0m There is no need to install/upgrade 'C:\Users\hmohammed25\.appium\node_modules\appium-uiautomator2-driver\node_modules\io.appium.settings\apks\settings_apk-debug.apk'
&amp#27;[38;5;214m[d692380d]&amp#27;[0m&amp#27;[38;5;229m[ADB]&amp#27;[0m Running 'C:\Users\hmohammed25\AppData\Local\Android\Sdk\platform-tools\adb.exe -P 5037 -s emulator-5554 shell dumpsys activity services io.appium.settings'
&amp#27;[38;5;214m[d692380d]&amp#27;[0m&amp#27;[38;5;-122m[AndroidUiautomator2Driver@340f]&amp#27;[0m io.appium.settings is already running. There is no need to reset its permissions.
&amp#27;[38;5;214m[d692380d]&amp#27;[0m&amp#27;[38;5;160m[Logcat]&amp#27;[0m Starting logs capture with command: C:\\Users\\hmohammed25\\AppData\\Local\\Android\\Sdk\\platform-tools\\adb.exe -P 5037 -s emulator-5554 logcat -v threadtime
&amp#27;[38;5;214m[d692380d]&amp#27;[0m&amp#27;[38;5;-122m[AndroidUiautomator2Driver@340f]&amp#27;[0m Forwarding UiAutomator2 Server port 6790 to local port 8200
&amp#27;[38;5;214m[d692380d]&amp#27;[0m&amp#27;[38;5;229m[ADB]&amp#27;[0m Forwarding system: 8200 to device: 6790
&amp#27;[38;5;214m[d692380d]&amp#27;[0m&amp#27;[38;5;229m[ADB]&amp#27;[0m Running 'C:\Users\hmohammed25\AppData\Local\Android\Sdk\platform-tools\adb.exe -P 5037 -s emulator-5554 forward tcp:8200 tcp:6790'
&amp#27;[38;5;214m[d692380d]&amp#27;[0m&amp#27;[38;5;229m[ADB]&amp#27;[0m Getting package info for 'io.appium.uiautomator2.server'
&amp#27;[38;5;214m[d692380d]&amp#27;[0m&amp#27;[38;5;229m[ADB]&amp#27;[0m Running 'C:\Users\hmohammed25\AppData\Local\Android\Sdk\platform-tools\adb.exe -P 5037 -s emulator-5554 shell dumpsys package io.appium.uiautomator2.server'
&amp#27;[38;5;214m[d692380d]&amp#27;[0m&amp#27;[38;5;229m[ADB]&amp#27;[0m Getting install status for io.appium.uiautomator2.server.test
&amp#27;[38;5;214m[d692380d]&amp#27;[0m&amp#27;[38;5;-122m[AndroidUiautomator2Driver@340f]&amp#27;[0m No app capability. Assuming it is already on the device
&amp#27;[38;5;214m[d692380d]&amp#27;[0m&amp#27;[38;5;229m[ADB]&amp#27;[0m Getting install status for com.android.chrome
&amp#27;[38;5;214m[d692380d]&amp#27;[0m&amp#27;[38;5;229m[ADB]&amp#27;[0m Running 'C:\Users\hmohammed25\AppData\Local\Android\Sdk\platform-tools\adb.exe -P 5037 -s emulator-5554 shell cmd package list packages'
&amp#27;[38;5;214m[d692380d]&amp#27;[0m&amp#27;[38;5;229m[ADB]&amp#27;[0m Running 'C:\Users\hmohammed25\AppData\Local\Android\Sdk\platform-tools\adb.exe -P 5037 -s emulator-5554 shell cmd package list packages'
&amp#27;[38;5;214m[d692380d]&amp#27;[0m&amp#27;[38;5;229m[ADB]&amp#27;[0m 'com.android.chrome' is installed
&amp#27;[38;5;214m[d692380d]&amp#27;[0m&amp#27;[38;5;229m[ADB]&amp#27;[0m Running 'C:\Users\hmohammed25\AppData\Local\Android\Sdk\platform-tools\adb.exe -P 5037 -s emulator-5554 shell am force-stop com.android.chrome'
&amp#27;[38;5;214m[d692380d]&amp#27;[0m&amp#27;[38;5;229m[ADB]&amp#27;[0m Reading package manifest: 'C:\\Users\\hmohammed25\\AppData\\Local\\Android\\Sdk\\build-tools\\35.0.0\\aapt2.exe dump badging C:\\Users\\hmohammed25\\.appium\\node_modules\\appium-uiautomator2-driver\\node_modules\\appium-uiautomator2-server\\apks\\appium-uiautomator2-server-v7.0.20.apk'
&amp#27;[38;5;214m[d692380d]&amp#27;[0m&amp#27;[38;5;229m[ADB]&amp#27;[0m 'io.appium.uiautomator2.server.test' is installed
&amp#27;[38;5;214m[d692380d]&amp#27;[0m&amp#27;[38;5;229m[ADB]&amp#27;[0m The version name of the installed 'io.appium.uiautomator2.server' is greater or equal to the application version name ('7.0.20' >= '7.0.20')
&amp#27;[38;5;214m[d692380d]&amp#27;[0m&amp#27;[38;5;-122m[AndroidUiautomator2Driver@340f]&amp#27;[0m Server packages status: [{"installState":"sameVersionInstalled","appPath":"C:\\Users\\hmohammed25\\.appium\\node_modules\\appium-uiautomator2-driver\\node_modules\\appium-uiautomator2-server\\apks\\appium-uiautomator2-server-v7.0.20.apk","appId":"io.appium.uiautomator2.server"},{"installState":"sameVersionInstalled","appPath":"C:\\Users\\hmohammed25\\.appium\\node_modules\\appium-uiautomator2-driver\\node_modules\\appium-uiautomator2-server\\apks\\appium-uiautomator2-server-debug-androidTest.apk","appId":"io.appium.uiautomator2.server.test"}]
&amp#27;[38;5;214m[d692380d]&amp#27;[0m&amp#27;[38;5;-122m[AndroidUiautomator2Driver@340f]&amp#27;[0m Server packages are not going to be (re)installed
&amp#27;[38;5;214m[d692380d]&amp#27;[0m&amp#27;[38;5;-122m[AndroidUiautomator2Driver@340f]&amp#27;[0m Waiting up to 30000ms for services to be available
&amp#27;[38;5;214m[d692380d]&amp#27;[0m&amp#27;[38;5;229m[ADB]&amp#27;[0m Running 'C:\Users\hmohammed25\AppData\Local\Android\Sdk\platform-tools\adb.exe -P 5037 -s emulator-5554 shell pm list instrumentation'
&amp#27;[38;5;214m[d692380d]&amp#27;[0m&amp#27;[38;5;-122m[AndroidUiautomator2Driver@340f]&amp#27;[0m Instrumentation target 'io.appium.uiautomator2.server.test/androidx.test.runner.AndroidJUnitRunner' is available
&amp#27;[38;5;214m[d692380d]&amp#27;[0m&amp#27;[38;5;229m[ADB]&amp#27;[0m Adding packages ["io.appium.settings","io.appium.uiautomator2.server","io.appium.uiautomator2.server.test"] to Doze whitelist
&amp#27;[38;5;214m[d692380d]&amp#27;[0m&amp#27;[38;5;229m[ADB]&amp#27;[0m Got the following command chunks to execute: [["dumpsys","deviceidle","whitelist","+io.appium.settings",";","dumpsys","deviceidle","whitelist","+io.appium.uiautomator2.server",";","dumpsys","deviceidle","whitelist","+io.appium.uiautomator2.server.test",";"]]
&amp#27;[38;5;214m[d692380d]&amp#27;[0m&amp#27;[38;5;229m[ADB]&amp#27;[0m Running 'C:\Users\hmohammed25\AppData\Local\Android\Sdk\platform-tools\adb.exe -P 5037 -s emulator-5554 shell dumpsys deviceidle whitelist +io.appium.settings ; dumpsys deviceidle whitelist +io.appium.uiautomator2.server ; dumpsys deviceidle whitelist +io.appium.uiautomator2.server.test ;'
&amp#27;[38;5;214m[d692380d]&amp#27;[0m&amp#27;[38;5;229m[ADB]&amp#27;[0m Running 'C:\Users\hmohammed25\AppData\Local\Android\Sdk\platform-tools\adb.exe -P 5037 -s emulator-5554 shell pm clear com.android.chrome'
&amp#27;[38;5;214m[d692380d]&amp#27;[0m&amp#27;[38;5;-122m[AndroidUiautomator2Driver@340f]&amp#27;[0m Performed fast reset on the installed 'com.android.chrome' application (stop and clear)
&amp#27;[38;5;214m[d692380d]&amp#27;[0m&amp#27;[38;5;-122m[AndroidUiautomator2Driver@340f]&amp#27;[0m Performing shallow cleanup of automation leftovers
&amp#27;[38;5;214m[d692380d]&amp#27;[0m&amp#27;[38;5;-122m[AndroidUiautomator2Driver@340f]&amp#27;[0m No obsolete sessions have been detected (socket hang up)
&amp#27;[38;5;214m[d692380d]&amp#27;[0m&amp#27;[38;5;229m[ADB]&amp#27;[0m Running 'C:\Users\hmohammed25\AppData\Local\Android\Sdk\platform-tools\adb.exe -P 5037 -s emulator-5554 shell am force-stop io.appium.uiautomator2.server'
&amp#27;[38;5;214m[d692380d]&amp#27;[0m&amp#27;[38;5;229m[ADB]&amp#27;[0m Running 'C:\Users\hmohammed25\AppData\Local\Android\Sdk\platform-tools\adb.exe -P 5037 -s emulator-5554 shell am force-stop io.appium.uiautomator2.server.test'
&amp#27;[38;5;214m[d692380d]&amp#27;[0m&amp#27;[38;5;-122m[AndroidUiautomator2Driver@340f]&amp#27;[0m Starting UIAutomator2 server 7.0.20
&amp#27;[38;5;214m[d692380d]&amp#27;[0m&amp#27;[38;5;-122m[AndroidUiautomator2Driver@340f]&amp#27;[0m Using UIAutomator2 server from 'C:\Users\hmohammed25\.appium\node_modules\appium-uiautomator2-driver\node_modules\appium-uiautomator2-server\apks\appium-uiautomator2-server-v7.0.20.apk' and test from 'C:\Users\hmohammed25\.appium\node_modules\appium-uiautomator2-driver\node_modules\appium-uiautomator2-server\apks\appium-uiautomator2-server-debug-androidTest.apk'
&amp#27;[38;5;214m[d692380d]&amp#27;[0m&amp#27;[38;5;-122m[AndroidUiautomator2Driver@340f]&amp#27;[0m Waiting up to 30000ms for UiAutomator2 to be online...
&amp#27;[38;5;214m[d692380d]&amp#27;[0m&amp#27;[38;5;229m[ADB]&amp#27;[0m Creating ADB subprocess with args: ["-P","5037","-s","emulator-5554","shell","am","instrument","-w","-e","disableAnalytics","true","io.appium.uiautomator2.server.test/androidx.test.runner.AndroidJUnitRunner"]
&amp#27;[38;5;214m[d692380d]&amp#27;[0m&amp#27;[38;5;-122m[AndroidUiautomator2Driver@340f]&amp#27;[0m Matched '/status' to command name 'getStatus'
&amp#27;[38;5;214m[d692380d]&amp#27;[0m&amp#27;[38;5;-122m[AndroidUiautomator2Driver@340f]&amp#27;[0m Proxying [GET /status] to [GET http://127.0.0.1:8200/status] with no body
&amp#27;[38;5;214m[d692380d]&amp#27;[0m&amp#27;[38;5;-122m[AndroidUiautomator2Driver@340f]&amp#27;[0m socket hang up
&amp#27;[38;5;214m[d692380d]&amp#27;[0m&amp#27;[38;5;-122m[AndroidUiautomator2Driver@340f]&amp#27;[0m Matched '/status' to command name 'getStatus'
&amp#27;[38;5;214m[d692380d]&amp#27;[0m&amp#27;[38;5;-122m[AndroidUiautomator2Driver@340f]&amp#27;[0m Proxying [GET /status] to [GET http://127.0.0.1:8200/status] with no body
&amp#27;[38;5;214m[d692380d]&amp#27;[0m&amp#27;[38;5;-122m[AndroidUiautomator2Driver@340f]&amp#27;[0m socket hang up
&amp#27;[38;5;214m[d692380d]&amp#27;[0m&amp#27;[38;5;-122m[AndroidUiautomator2Driver@340f]&amp#27;[0m Matched '/status' to command name 'getStatus'
&amp#27;[38;5;214m[d692380d]&amp#27;[0m&amp#27;[38;5;-122m[AndroidUiautomator2Driver@340f]&amp#27;[0m Proxying [GET /status] to [GET http://127.0.0.1:8200/status] with no body
&amp#27;[38;5;214m[d692380d]&amp#27;[0m&amp#27;[38;5;-122m[AndroidUiautomator2Driver@340f]&amp#27;[0m socket hang up
&amp#27;[38;5;214m[d692380d]&amp#27;[0m&amp#27;[38;5;-122m[AndroidUiautomator2Driver@340f]&amp#27;[0m Matched '/status' to command name 'getStatus'
&amp#27;[38;5;214m[d692380d]&amp#27;[0m&amp#27;[38;5;-122m[AndroidUiautomator2Driver@340f]&amp#27;[0m Proxying [GET /status] to [GET http://127.0.0.1:8200/status] with no body
&amp#27;[38;5;214m[d692380d]&amp#27;[0m&amp#27;[38;5;-122m[AndroidUiautomator2Driver@340f]&amp#27;[0m socket hang up
&amp#27;[38;5;214m[d692380d]&amp#27;[0m&amp#27;[38;5;-122m[AndroidUiautomator2Driver@340f]&amp#27;[0m [Instrumentation] 
&amp#27;[38;5;214m[d692380d]&amp#27;[0m&amp#27;[38;5;-122m[AndroidUiautomator2Driver@340f]&amp#27;[0m Matched '/status' to command name 'getStatus'
&amp#27;[38;5;214m[d692380d]&amp#27;[0m&amp#27;[38;5;-122m[AndroidUiautomator2Driver@340f]&amp#27;[0m Proxying [GET /status] to [GET http://127.0.0.1:8200/status] with no body
&amp#27;[38;5;214m[d692380d]&amp#27;[0m&amp#27;[38;5;-122m[AndroidUiautomator2Driver@340f]&amp#27;[0m socket hang up
&amp#27;[38;5;214m[d692380d]&amp#27;[0m&amp#27;[38;5;-122m[AndroidUiautomator2Driver@340f]&amp#27;[0m Matched '/status' to command name 'getStatus'
&amp#27;[38;5;214m[d692380d]&amp#27;[0m&amp#27;[38;5;-122m[AndroidUiautomator2Driver@340f]&amp#27;[0m Proxying [GET /status] to [GET http://127.0.0.1:8200/status] with no body
&amp#27;[38;5;214m[d692380d]&amp#27;[0m&amp#27;[38;5;-122m[AndroidUiautomator2Driver@340f]&amp#27;[0m socket hang up
&amp#27;[38;5;214m[d692380d]&amp#27;[0m&amp#27;[38;5;-122m[AndroidUiautomator2Driver@340f]&amp#27;[0m Matched '/status' to command name 'getStatus'
&amp#27;[38;5;214m[d692380d]&amp#27;[0m&amp#27;[38;5;-122m[AndroidUiautomator2Driver@340f]&amp#27;[0m Proxying [GET /status] to [GET http://127.0.0.1:8200/status] with no body
&amp#27;[38;5;214m[d692380d]&amp#27;[0m&amp#27;[38;5;-122m[AndroidUiautomator2Driver@340f]&amp#27;[0m socket hang up
&amp#27;[38;5;214m[d692380d]&amp#27;[0m&amp#27;[38;5;-122m[AndroidUiautomator2Driver@340f]&amp#27;[0m Matched '/status' to command name 'getStatus'
&amp#27;[38;5;214m[d692380d]&amp#27;[0m&amp#27;[38;5;-122m[AndroidUiautomator2Driver@340f]&amp#27;[0m Proxying [GET /status] to [GET http://127.0.0.1:8200/status] with no body
&amp#27;[38;5;214m[d692380d]&amp#27;[0m&amp#27;[38;5;-122m[AndroidUiautomator2Driver@340f]&amp#27;[0m socket hang up
&amp#27;[38;5;214m[d692380d]&amp#27;[0m&amp#27;[38;5;-122m[AndroidUiautomator2Driver@340f]&amp#27;[0m Matched '/status' to command name 'getStatus'
&amp#27;[38;5;214m[d692380d]&amp#27;[0m&amp#27;[38;5;-122m[AndroidUiautomator2Driver@340f]&amp#27;[0m Proxying [GET /status] to [GET http://127.0.0.1:8200/status] with no body
&amp#27;[38;5;214m[d692380d]&amp#27;[0m&amp#27;[38;5;-122m[AndroidUiautomator2Driver@340f]&amp#27;[0m Got response with status 200: {"sessionId":"None","value":{"message":"UiAutomator2 Server is ready to accept commands","ready":true}}
&amp#27;[38;5;214m[d692380d]&amp#27;[0m&amp#27;[38;5;-122m[AndroidUiautomator2Driver@340f]&amp#27;[0m The initialization of the instrumentation process took 9133ms
&amp#27;[38;5;214m[d692380d]&amp#27;[0m&amp#27;[38;5;-122m[AndroidUiautomator2Driver@340f]&amp#27;[0m Matched '/session' to command name 'createSession'
&amp#27;[38;5;214m[d692380d]&amp#27;[0m&amp#27;[38;5;-122m[AndroidUiautomator2Driver@340f]&amp#27;[0m Proxying [POST /session] to [POST http://127.0.0.1:8200/session] with body: {"capabilities":{"firstMatch":[{"browserName":"Chrome","platformName":"ANDROID","deviceName":"emulator-5554","automationName":"UIAutomator2","platformVersion":"15","platform":"LINUX","webStorageEnabled":false,"takesScreenshot":true,"javascriptEnabled":true,"databaseEnabled":false,"networkConnectionEnabled":true,"locationContextEnabled":false,"warnings":{},"desired":{"browserName":"Chrome","platformName":"ANDROID","deviceName":"emulator-5554","automationName":"UIAutomator2","platformVersion":"15","appPackage":"com.android.chrome","appActivity":"com.android.chrome/com.google.android.apps.chrome.Main"},"deviceUDID":"emulator-5554"}],"alwaysMatch":{}}}
&amp#27;[38;5;214m[d692380d]&amp#27;[0m&amp#27;[38;5;-122m[AndroidUiautomator2Driver@340f]&amp#27;[0m Got response with status 200: {"sessionId":"84bb84cf-09e0-4e86-af22-fc76de831e43","value":{"capabilities":{"firstMatch":[{"browserName":"Chrome","platformName":"ANDROID","deviceName":"emulator-5554","automationName":"UIAutomator2","platformVersion":"15","platform":"LINUX","webStorageEnabled":false,"takesScreenshot":true,"javascriptEnabled":true,"databaseEnabled":false,"networkConnectionEnabled":true,"locationContextEnabled":false,"warnings":{},"desired":{"browserName":"Chrome","platformName":"ANDROID","deviceName":"emulator-5554","automationName":"UIAutomator2","platformVersion":"15","appPackage":"com.android.chrome","appActivity":"com.android.chrome/com.google.android.apps.chrome.Main"},"deviceUDID":"emulator-5554"}],"alwaysMatch":{}},"sessionId":"84bb84cf-09e0-4e86-af22-fc76de831e43"}}
&amp#27;[38;5;214m[d692380d]&amp#27;[0m&amp#27;[38;5;-122m[AndroidUiautomator2Driver@340f]&amp#27;[0m Determined the downstream protocol as 'W3C'
&amp#27;[38;5;214m[d692380d]&amp#27;[0m&amp#27;[38;5;-122m[AndroidUiautomator2Driver@340f]&amp#27;[0m Proxying [GET /appium/device/pixel_ratio] to [GET http://127.0.0.1:8200/session/84bb84cf-09e0-4e86-af22-fc76de831e43/appium/device/pixel_ratio] with no body
&amp#27;[38;5;214m[d692380d]&amp#27;[0m&amp#27;[38;5;-122m[AndroidUiautomator2Driver@340f]&amp#27;[0m Matched '/appium/device/system_bars' to command name 'getSystemBars'
&amp#27;[38;5;214m[d692380d]&amp#27;[0m&amp#27;[38;5;-122m[AndroidUiautomator2Driver@340f]&amp#27;[0m Proxying [GET /appium/device/system_bars] to [GET http://127.0.0.1:8200/session/84bb84cf-09e0-4e86-af22-fc76de831e43/appium/device/system_bars] with no body
&amp#27;[38;5;214m[d692380d]&amp#27;[0m&amp#27;[38;5;-122m[AndroidUiautomator2Driver@340f]&amp#27;[0m Matched '/window/current/size' to command name 'getWindowSize'
&amp#27;[38;5;214m[d692380d]&amp#27;[0m&amp#27;[38;5;-122m[AndroidUiautomator2Driver@340f]&amp#27;[0m Proxying [GET /window/current/size] to [GET http://127.0.0.1:8200/session/84bb84cf-09e0-4e86-af22-fc76de831e43/window/current/size] with no body
&amp#27;[38;5;214m[d692380d]&amp#27;[0m&amp#27;[38;5;-122m[AndroidUiautomator2Driver@340f]&amp#27;[0m Proxying [GET /appium/device/info] to [GET http://127.0.0.1:8200/session/84bb84cf-09e0-4e86-af22-fc76de831e43/appium/device/info] with no body
&amp#27;[38;5;214m[d692380d]&amp#27;[0m&amp#27;[38;5;229m[ADB]&amp#27;[0m Running 'C:\Users\hmohammed25\AppData\Local\Android\Sdk\platform-tools\adb.exe -P 5037 -s emulator-5554 shell dumpsys window'
&amp#27;[38;5;214m[d692380d]&amp#27;[0m&amp#27;[38;5;229m[ADB]&amp#27;[0m Running 'C:\Users\hmohammed25\AppData\Local\Android\Sdk\platform-tools\adb.exe -P 5037 -s emulator-5554 shell dumpsys power'
&amp#27;[38;5;214m[d692380d]&amp#27;[0m&amp#27;[38;5;-122m[AndroidUiautomator2Driver@340f]&amp#27;[0m Got response with status 200: {"sessionId":"84bb84cf-09e0-4e86-af22-fc76de831e43","value":{"height":2400,"width":1080}}
&amp#27;[38;5;214m[d692380d]&amp#27;[0m&amp#27;[38;5;-122m[AndroidUiautomator2Driver@340f]&amp#27;[0m Got response with status 200: {"sessionId":"84bb84cf-09e0-4e86-af22-fc76de831e43","value":2.625}
&amp#27;[38;5;214m[d692380d]&amp#27;[0m&amp#27;[38;5;-122m[AndroidUiautomator2Driver@340f]&amp#27;[0m Got response with status 200: {"sessionId":"84bb84cf-09e0-4e86-af22-fc76de831e43","value":{"statusBar":63}}
&amp#27;[38;5;214m[d692380d]&amp#27;[0m&amp#27;[38;5;-122m[AndroidUiautomator2Driver@340f]&amp#27;[0m Got response with status 200: {"sessionId":"84bb84cf-09e0-4e86-af22-fc76de831e43","value":{"androidId":"c7ec5421954c5e99","apiVersion":"35","bluetooth":{"state":"OFF"},"brand":"google","carrierName":"T-Mobile","displayDensity":420,"locale":"en_US","manufacturer":"Google","model":"sdk_gphone16k_x86_64","networks":[{"capabilities":{"SSID":null,"linkDownBandwidthKbps":30000,"linkUpstreamBandwidthKbps":12000,"networkCapabilities":"NET_CAPABILITY_NOT_METERED,NET_CAPABILITY_INTERNET,NET_CAPABILITY_NOT_RESTRICTED,NET_CAPABILITY_TRUSTED,NET_CAPABILITY_NOT_VPN,NET_CAPABILITY_VALIDATED,NET_CAPABILITY_NOT_ROAMING,NET_CAPABILITY_FOREGROUND,NET_CAPABILITY_NOT_CONGESTED,NET_CAPABILITY_NOT_SUSPENDED","signalStrength":-50,"transportTypes":"TRANSPORT_WIFI"},"detailedState":"CONNECTED","extraInfo":"","isAvailable":true,"isConnected":true,"isFailover":false,"isRoaming":false,"state":"CONNECTED","subtype":-1,"subtypeName":"","type":1,"typeName":"WIFI"}],"platformVersion":"15","realDisplaySize":"1080x2400","timeZone":"Africa/Cairo"}}
&amp#27;[38;5;214m[d692380d]&amp#27;[0m&amp#27;[38;5;-122m[AndroidUiautomator2Driver@340f]&amp#27;[0m Screen already unlocked, doing nothing
&amp#27;[38;5;214m[d692380d]&amp#27;[0m&amp#27;[38;5;-122m[AndroidUiautomator2Driver@340f]&amp#27;[0m Starting a chrome-based browser session
&amp#27;[38;5;214m[d692380d]&amp#27;[0m&amp#27;[38;5;-122m[AndroidUiautomator2Driver@340f]&amp#27;[0m A port was not given, using random free port: 62194
&amp#27;[38;5;214m[d692380d]&amp#27;[0m&amp#27;[38;5;-122m[AndroidUiautomator2Driver@340f]&amp#27;[0m Automated Chromedriver download is disabled. Use 'chromedriver_autodownload' server feature to enable it
&amp#27;[38;5;214m[d692380d]&amp#27;[0m&amp#27;[38;5;-122m[AndroidUiautomator2Driver@340f]&amp#27;[0m Precalculated Chromedriver capabilities: {
  "androidPackage": "com.android.chrome",
  "androidDeviceSerial": "emulator-5554"
}
&amp#27;[38;5;214m[d692380d]&amp#27;[0m&amp#27;[38;5;-122m[AndroidUiautomator2Driver@340f]&amp#27;[0m Before starting chromedriver, androidPackage is 'com.android.chrome'
&amp#27;[38;5;214m[d692380d]&amp#27;[0m&amp#27;[38;5;160m[Chromedriver@f7f7]&amp#27;[0m Changed state to 'starting'
&amp#27;[38;5;214m[d692380d]&amp#27;[0m&amp#27;[38;5;160m[Chromedriver@f7f7]&amp#27;[0m Using the static Chromedriver->Chrome mapping
&amp#27;[38;5;214m[d692380d]&amp#27;[0m&amp#27;[38;5;160m[Chromedriver@f7f7]&amp#27;[0m The most recent known Chrome version: 126.0.6478
&amp#27;[38;5;214m[d692380d]&amp#27;[0m&amp#27;[38;5;160m[Chromedriver@f7f7]&amp#27;[0m Found 2 executables in 'C:\Users\hmohammed25\.appium\node_modules\appium-uiautomator2-driver\node_modules\appium-chromedriver\chromedriver\win'
&amp#27;[38;5;214m[d692380d]&amp#27;[0m&amp#27;[38;5;160m[Chromedriver@f7f7]&amp#27;[0m The following Chromedriver executables were found:
&amp#27;[38;5;214m[d692380d]&amp#27;[0m&amp#27;[38;5;160m[Chromedriver@f7f7]&amp#27;[0m     'C:\Users\hmohammed25\.appium\node_modules\appium-uiautomator2-driver\node_modules\appium-chromedriver\chromedriver\win\chromedriver-win64_v126.0.6478.182.exe' (version '126.0.6478.182', minimum Chrome version '126.0.6478')
&amp#27;[38;5;214m[d692380d]&amp#27;[0m&amp#27;[38;5;160m[Chromedriver@f7f7]&amp#27;[0m     'C:\Users\hmohammed25\.appium\node_modules\appium-uiautomator2-driver\node_modules\appium-chromedriver\chromedriver\win\chromedriver-win64_v124.0.6367.207.exe' (version '124.0.6367.207', minimum Chrome version '124.0.6367')
&amp#27;[38;5;214m[d692380d]&amp#27;[0m&amp#27;[38;5;229m[ADB]&amp#27;[0m Getting package info for 'com.android.chrome'
&amp#27;[38;5;214m[d692380d]&amp#27;[0m&amp#27;[38;5;229m[ADB]&amp#27;[0m Running 'C:\Users\hmohammed25\AppData\Local\Android\Sdk\platform-tools\adb.exe -P 5037 -s emulator-5554 shell dumpsys package com.android.chrome'
&amp#27;[38;5;214m[d692380d]&amp#27;[0m&amp#27;[38;5;160m[Chromedriver@f7f7]&amp#27;[0m Found Chrome bundle 'com.android.chrome' version '124.0.6367'
&amp#27;[38;5;214m[d692380d]&amp#27;[0m&amp#27;[38;5;160m[Chromedriver@f7f7]&amp#27;[0m Found 1 executable capable of automating Chrome '124.0.6367'.
Choosing the most recent, 'C:\Users\hmohammed25\.appium\node_modules\appium-uiautomator2-driver\node_modules\appium-chromedriver\chromedriver\win\chromedriver-win64_v124.0.6367.207.exe'.
&amp#27;[38;5;214m[d692380d]&amp#27;[0m&amp#27;[38;5;160m[Chromedriver@f7f7]&amp#27;[0m If a specific version is required, specify it with the `chromedriverExecutable`desired capability.
&amp#27;[38;5;214m[d692380d]&amp#27;[0m&amp#27;[38;5;160m[Chromedriver@f7f7]&amp#27;[0m Set chromedriver binary as: C:\Users\hmohammed25\.appium\node_modules\appium-uiautomator2-driver\node_modules\appium-chromedriver\chromedriver\win\chromedriver-win64_v124.0.6367.207.exe
&amp#27;[38;5;214m[d692380d]&amp#27;[0m&amp#27;[38;5;160m[Chromedriver@f7f7]&amp#27;[0m Killing any old chromedrivers, running: wmic process where "commandline like '%chromedriver.exe%--port=62194%'" delete
&amp#27;[38;5;214m[d692380d]&amp#27;[0m&amp#27;[38;5;160m[Chromedriver@f7f7]&amp#27;[0m Successfully cleaned up old chromedrivers
&amp#27;[38;5;214m[d692380d]&amp#27;[0m&amp#27;[38;5;160m[Chromedriver@f7f7]&amp#27;[0m Cleaning this device's adb forwarded port socket connections: emulator-5554
&amp#27;[38;5;214m[d692380d]&amp#27;[0m&amp#27;[38;5;229m[ADB]&amp#27;[0m List forwarding ports
&amp#27;[38;5;214m[d692380d]&amp#27;[0m&amp#27;[38;5;229m[ADB]&amp#27;[0m Running 'C:\Users\hmohammed25\AppData\Local\Android\Sdk\platform-tools\adb.exe -P 5037 -s emulator-5554 forward --list'
&amp#27;[38;5;214m[d692380d]&amp#27;[0m&amp#27;[38;5;160m[Chromedriver@f7f7]&amp#27;[0m Spawning chromedriver with: C:\Users\hmohammed25\.appium\node_modules\appium-uiautomator2-driver\node_modules\appium-chromedriver\chromedriver\win\chromedriver-win64_v124.0.6367.207.exe --port=62194 --adb-port=5037 --verbose
&amp#27;[38;5;214m[d692380d]&amp#27;[0m&amp#27;[38;5;160m[Chromedriver@f7f7]&amp#27;[0m ChromeDriver version: '124.0.6367.207'
&amp#27;[38;5;214m[d692380d]&amp#27;[0m&amp#27;[38;5;160m[Chromedriver@f7f7]&amp#27;[0m Set ChromeDriver communication protocol to W3C
&amp#27;[38;5;214m[d692380d]&amp#27;[0m&amp#27;[38;5;160m[Chromedriver@f7f7]&amp#27;[0m Matched '/status' to command name 'getStatus'
&amp#27;[38;5;214m[d692380d]&amp#27;[0m&amp#27;[38;5;160m[Chromedriver@f7f7]&amp#27;[0m Proxying [GET /status] to [GET http://127.0.0.1:62194/status] with no body
&amp#27;[38;5;214m[d692380d]&amp#27;[0m&amp#27;[38;5;160m[Chromedriver@f7f7]&amp#27;[0m connect ECONNREFUSED 127.0.0.1:62194
&amp#27;[38;5;214m[d692380d]&amp#27;[0m&amp#27;[38;5;160m[Chromedriver@f7f7]&amp#27;[0m Matched '/status' to command name 'getStatus'
&amp#27;[38;5;214m[d692380d]&amp#27;[0m&amp#27;[38;5;160m[Chromedriver@f7f7]&amp#27;[0m Proxying [GET /status] to [GET http://127.0.0.1:62194/status] with no body
&amp#27;[38;5;214m[d692380d]&amp#27;[0m&amp#27;[38;5;160m[Chromedriver@f7f7]&amp#27;[0m Got response with status 200: {"value":{"build":{"version":"124.0.6367.207 (a9001a6e39fbaa559510ca866052950457dd4e6b-refs/branch-heads/6367_201@{#3})"},"message":"ChromeDriver ready for new sessions.","os":{"arch":"x86_64","name":"Windows NT","version":"10.0.22631"},"ready":true}}
&amp#27;[38;5;214m[d692380d]&amp#27;[0m&amp#27;[38;5;160m[Chromedriver@f7f7]&amp#27;[0m Starting W3C Chromedriver session with capabilities: {
  "capabilities": {
    "alwaysMatch": {
      "goog:chromeOptions": {
        "androidPackage": "com.android.chrome",
        "androidDeviceSerial": "emulator-5554"
      },
      "goog:loggingPrefs": {
        "browser": "ALL"
      }
    }
  }
}
&amp#27;[38;5;214m[d692380d]&amp#27;[0m&amp#27;[38;5;160m[Chromedriver@f7f7]&amp#27;[0m Matched '/session' to command name 'createSession'
&amp#27;[38;5;214m[d692380d]&amp#27;[0m&amp#27;[38;5;160m[Chromedriver@f7f7]&amp#27;[0m Proxying [POST /session] to [POST http://127.0.0.1:62194/session] with body: {"capabilities":{"alwaysMatch":{"goog:chromeOptions":{"androidPackage":"com.android.chrome","androidDeviceSerial":"emulator-5554"},"goog:loggingPrefs":{"browser":"ALL"}}}}
&amp#27;[38;5;214m[d692380d]&amp#27;[0m&amp#27;[38;5;160m[Chromedriver@f7f7]&amp#27;[0m Webview version: 'Chrome/124.0.6367.219'
&amp#27;[38;5;214m[d692380d]&amp#27;[0m&amp#27;[38;5;160m[Chromedriver@f7f7]&amp#27;[0m Got response with status 200: {"value":{"capabilities":{"acceptInsecureCerts":false,"browserName":"chrome","browserVersion":"124.0.6367.219","chrome":{"chromedriverVersion":"124.0.6367.207 (a9001a6e39fbaa559510ca866052950457dd4e6b-refs/branch-heads/6367_201@{#3})"},"fedcm:accounts":true,"goog:chromeOptions":{"debuggerAddress":"localhost:62325"},"pageLoadStrategy":"normal","platformName":"android","proxy":{},"setWindowRect":false,"strictFileInteractability":false,"timeouts":{"implicit":0,"pageLoad":300000,"script":30000},"unhandledPromptBehavior":"dismiss and notify","webauthn:extension:credBlob":false,"webauthn:extension:largeBlob":false,"webauthn:extension:minPinLength":false,"webauthn:extension:prf":false,"webauthn:virtualAuthenticators":false},"sessionId":"51f6aa93638ad0eefb5444af212d5714"}}
&amp#27;[38;5;214m[d692380d]&amp#27;[0m&amp#27;[38;5;160m[Chromedriver@f7f7]&amp#27;[0m Determined the downstream protocol as 'W3C'
&amp#27;[38;5;214m[d692380d]&amp#27;[0m&amp#27;[38;5;160m[Chromedriver@f7f7]&amp#27;[0m Changed state to 'online'
&amp#27;[38;5;214m[d692380d]&amp#27;[0m&amp#27;[38;5;154m[AppiumDriver@6688]&amp#27;[0m New AndroidUiautomator2Driver session created successfully, session d692380d-3816-469f-a9df-0e47dd1211d6 added to master session list
&amp#27;[38;5;214m[d692380d]&amp#27;[0m&amp#27;[38;5;154m[AppiumDriver@6688]&amp#27;[0m Event 'newSessionStarted' logged at 1723366595962 (11:56:35 GMT+0300 (Eastern European Summer Time))
&amp#27;[38;5;214m[d692380d]&amp#27;[0m&amp#27;[38;5;-122m[AndroidUiautomator2Driver@340f]&amp#27;[0m Cached the protocol value 'W3C' for the new session d692380d-3816-469f-a9df-0e47dd1211d6
&amp#27;[38;5;214m[d692380d]&amp#27;[0m&amp#27;[38;5;-122m[AndroidUiautomator2Driver@340f]&amp#27;[0m Responding to client with driver.createSession() result: {"capabilities":{"browserName":"Chrome","platformName":"ANDROID","deviceName":"emulator-5554","automationName":"UIAutomator2","platformVersion":"15","platform":"LINUX","webStorageEnabled":false,"takesScreenshot":true,"javascriptEnabled":true,"databaseEnabled":false,"networkConnectionEnabled":true,"locationContextEnabled":false,"warnings":{},"desired":{"browserName":"Chrome","platformName":"ANDROID","deviceName":"emulator-5554","automationName":"UIAutomator2","platformVersion":"15","appPackage":"com.android.chrome","appActivity":"com.android.chrome/com.google.android.apps.chrome.Main"},"deviceUDID":"emulator-5554","pixelRatio":"2.625","statBarHeight":63,"viewportRect":{"left":0,"top":63,"width":1080,"height":2337},"deviceApiLevel":35,"deviceManufacturer":"Google","deviceModel":"sdk_gphone16k_x86_64","deviceScreenSize":"1080x2400","deviceScreenDensity":420}}
&amp#27;[38;5;214m[d692380d]&amp#27;[0m&amp#27;[38;5;86m[HTTP]&amp#27;[0m &amp#27;[37m<-- POST /session &amp#27;[39m&amp#27;[32m200&amp#27;[39m &amp#27;[90m51764 ms - 929&amp#27;[39m &amp#27;[90m&amp#27;[39m
&amp#27;[38;5;214m[d692380d]&amp#27;[0m&amp#27;[38;5;86m[HTTP]&amp#27;[0m &amp#27;[37m-->&amp#27;[39m &amp#27;[37mPOST&amp#27;[39m &amp#27;[37m/session/d692380d-3816-469f-a9df-0e47dd1211d6/timeouts&amp#27;[39m &amp#27;[90m{"implicit":10000}&amp#27;[39m
&amp#27;[38;5;214m[d692380d]&amp#27;[0m&amp#27;[38;5;-122m[AndroidUiautomator2Driver@340f]&amp#27;[0m Driver proxy active, passing request on via HTTP proxy
&amp#27;[38;5;214m[d692380d]&amp#27;[0m&amp#27;[38;5;160m[Chromedriver@f7f7]&amp#27;[0m Matched '/session/d692380d-3816-469f-a9df-0e47dd1211d6/timeouts' to command name 'timeouts'
&amp#27;[38;5;214m[d692380d]&amp#27;[0m&amp#27;[38;5;160m[Chromedriver@f7f7]&amp#27;[0m Will send the following request bodies to /timeouts: [{"implicit":10000}]
&amp#27;[38;5;214m[d692380d]&amp#27;[0m&amp#27;[38;5;160m[Chromedriver@f7f7]&amp#27;[0m Proxying [POST /session/d692380d-3816-469f-a9df-0e47dd1211d6/timeouts] to [POST http://127.0.0.1:62194/session/51f6aa93638ad0eefb5444af212d5714/timeouts] with body: {"implicit":10000}
&amp#27;[38;5;214m[d692380d]&amp#27;[0m&amp#27;[38;5;160m[Chromedriver@f7f7]&amp#27;[0m Got response with status 200: {"value":null}
&amp#27;[38;5;214m[d692380d]&amp#27;[0m&amp#27;[38;5;86m[HTTP]&amp#27;[0m &amp#27;[37m<-- POST /session/d692380d-3816-469f-a9df-0e47dd1211d6/timeouts &amp#27;[39m&amp#27;[32m200&amp#27;[39m &amp#27;[90m9 ms - 14&amp#27;[39m &amp#27;[90m&amp#27;[39m
&amp#27;[38;5;214m[d692380d]&amp#27;[0m&amp#27;[38;5;86m[HTTP]&amp#27;[0m &amp#27;[37m-->&amp#27;[39m &amp#27;[37mPOST&amp#27;[39m &amp#27;[37m/session/d692380d-3816-469f-a9df-0e47dd1211d6/url&amp#27;[39m &amp#27;[90m{"url":"https://www.google.com"}&amp#27;[39m
&amp#27;[38;5;214m[d692380d]&amp#27;[0m&amp#27;[38;5;-122m[AndroidUiautomator2Driver@340f]&amp#27;[0m Driver proxy active, passing request on via HTTP proxy
&amp#27;[38;5;214m[d692380d]&amp#27;[0m&amp#27;[38;5;160m[Chromedriver@f7f7]&amp#27;[0m Matched '/session/d692380d-3816-469f-a9df-0e47dd1211d6/url' to command name 'setUrl'
&amp#27;[38;5;214m[d692380d]&amp#27;[0m&amp#27;[38;5;160m[Chromedriver@f7f7]&amp#27;[0m Proxying [POST /session/d692380d-3816-469f-a9df-0e47dd1211d6/url] to [POST http://127.0.0.1:62194/session/51f6aa93638ad0eefb5444af212d5714/url] with body: {"url":"https://www.google.com"}
&amp#27;[38;5;214m[d692380d]&amp#27;[0m&amp#27;[38;5;160m[Chromedriver@f7f7]&amp#27;[0m Got response with status 200: {"value":null}
&amp#27;[38;5;214m[d692380d]&amp#27;[0m&amp#27;[38;5;86m[HTTP]&amp#27;[0m &amp#27;[37m<-- POST /session/d692380d-3816-469f-a9df-0e47dd1211d6/url &amp#27;[39m&amp#27;[32m200&amp#27;[39m &amp#27;[90m15102 ms - 14&amp#27;[39m &amp#27;[90m&amp#27;[39m
&amp#27;[38;5;214m[d692380d]&amp#27;[0m&amp#27;[38;5;86m[HTTP]&amp#27;[0m &amp#27;[37m-->&amp#27;[39m &amp#27;[37mGET&amp#27;[39m &amp#27;[37m/session/d692380d-3816-469f-a9df-0e47dd1211d6/title&amp#27;[39m &amp#27;[90m{}&amp#27;[39m
&amp#27;[38;5;214m[d692380d]&amp#27;[0m&amp#27;[38;5;-122m[AndroidUiautomator2Driver@340f]&amp#27;[0m Driver proxy active, passing request on via HTTP proxy
&amp#27;[38;5;214m[d692380d]&amp#27;[0m&amp#27;[38;5;160m[Chromedriver@f7f7]&amp#27;[0m Matched '/session/d692380d-3816-469f-a9df-0e47dd1211d6/title' to command name 'title'
&amp#27;[38;5;214m[d692380d]&amp#27;[0m&amp#27;[38;5;160m[Chromedriver@f7f7]&amp#27;[0m Proxying [GET /session/d692380d-3816-469f-a9df-0e47dd1211d6/title] to [GET http://127.0.0.1:62194/session/51f6aa93638ad0eefb5444af212d5714/title] with no body
&amp#27;[38;5;214m[d692380d]&amp#27;[0m&amp#27;[38;5;160m[Chromedriver@f7f7]&amp#27;[0m Got response with status 200: {"value":"Google"}
&amp#27;[38;5;214m[d692380d]&amp#27;[0m&amp#27;[38;5;86m[HTTP]&amp#27;[0m &amp#27;[37m<-- GET /session/d692380d-3816-469f-a9df-0e47dd1211d6/title &amp#27;[39m&amp#27;[32m200&amp#27;[39m &amp#27;[90m91 ms - 18&amp#27;[39m &amp#27;[90m&amp#27;[39m
Google
&amp#27;[38;5;214m[d692380d]&amp#27;[0m&amp#27;[38;5;86m[HTTP]&amp#27;[0m &amp#27;[37m-->&amp#27;[39m &amp#27;[37mPOST&amp#27;[39m &amp#27;[37m/session/d692380d-3816-469f-a9df-0e47dd1211d6/element&amp#27;[39m &amp#27;[90m{"using":"name","value":"q"}&amp#27;[39m
&amp#27;[38;5;214m[d692380d]&amp#27;[0m&amp#27;[38;5;-122m[AndroidUiautomator2Driver@340f]&amp#27;[0m Driver proxy active, passing request on via HTTP proxy
&amp#27;[38;5;214m[d692380d]&amp#27;[0m&amp#27;[38;5;160m[Chromedriver@f7f7]&amp#27;[0m Matched '/session/d692380d-3816-469f-a9df-0e47dd1211d6/element' to command name 'findElement'
&amp#27;[38;5;214m[d692380d]&amp#27;[0m&amp#27;[38;5;160m[Chromedriver@f7f7]&amp#27;[0m Proxying [POST /session/d692380d-3816-469f-a9df-0e47dd1211d6/element] to [POST http://127.0.0.1:62194/session/51f6aa93638ad0eefb5444af212d5714/element] with body: {"using":"name","value":"q"}
&amp#27;[38;5;214m[d692380d]&amp#27;[0m&amp#27;[38;5;160m[Chromedriver@f7f7]&amp#27;[0m Got response with status 400: {"value":{"error":"invalid argument","message":"invalid argument: invalid locator\n  (Session info: chrome=124.0.6367.219)","stacktrace":"\tGetHandleVerifier [0x00007FF76B551522+60802]\n\t(No symbol) [0x00007FF76B4CAC22]\n\t(No symbol) [0x00007FF76B387CE4]\n\t(No symbol) [0x00007FF76B3D63E8]\n\t(No symbol) [0x00007FF76B3D6E1C]\n\t(No symbol) [0x00007FF76B41CE37]\n\t(No symbol) [0x00007FF76B3FABBF]\n\t(No symbol) [0x00007FF76B41A224]\n\t(No symbol) [0x00007FF76B3FA923]\n\t(No symbol) [0x00007FF76B3C8FEC]\n\t(No symbol) [0x00007FF76B3C9C21]\n\tGetHandleVerifier [0x00007FF76B8541BD+3217949]\n\tGetHandleVerifier [0x00007FF76B896157+3488183]\n\tGetHandleVerifier [0x00007FF76B88F0DF+3459391]\n\tGetHandleVerifier [0x00007FF76B60B8E6+823622]\n\t(No symbol) [0x00007FF76B4D5FBF]\n\t(No symbol) [0x00007FF76B4D0EE4]\n\t(No symbol) [0x00007FF76B4D1072]\n\t(No symbol) [0x00007FF76B4C18C4]\n\tBaseThreadInitThunk [0x00007FFF33D0257D+29]\n\tRtlUserThreadStart [0x00007FFF3562AF28+40]\n"}}
&amp#27;[38;5;214m[d692380d]&amp#27;[0m&amp#27;[38;5;123m[W3C]&amp#27;[0m Matched W3C error code 'invalid argument' to InvalidArgumentError
&amp#27;[38;5;214m[d692380d]&amp#27;[0m&amp#27;[38;5;86m[HTTP]&amp#27;[0m &amp#27;[37m<-- POST /session/d692380d-3816-469f-a9df-0e47dd1211d6/element &amp#27;[39m&amp#27;[33m400&amp#27;[39m &amp#27;[90m87 ms - 985&amp#27;[39m &amp#27;[90m&amp#27;[39m
&amp#27;[38;5;214m[d692380d]&amp#27;[0m&amp#27;[38;5;86m[HTTP]&amp#27;[0m &amp#27;[37m-->&amp#27;[39m &amp#27;[37mPOST&amp#27;[39m &amp#27;[37m/session/d692380d-3816-469f-a9df-0e47dd1211d6/element&amp#27;[39m &amp#27;[90m{"using":"css selector","value":"*[name='q']"}&amp#27;[39m
&amp#27;[38;5;214m[d692380d]&amp#27;[0m&amp#27;[38;5;-122m[AndroidUiautomator2Driver@340f]&amp#27;[0m Driver proxy active, passing request on via HTTP proxy
&amp#27;[38;5;214m[d692380d]&amp#27;[0m&amp#27;[38;5;160m[Chromedriver@f7f7]&amp#27;[0m Matched '/session/d692380d-3816-469f-a9df-0e47dd1211d6/element' to command name 'findElement'
&amp#27;[38;5;214m[d692380d]&amp#27;[0m&amp#27;[38;5;160m[Chromedriver@f7f7]&amp#27;[0m Proxying [POST /session/d692380d-3816-469f-a9df-0e47dd1211d6/element] to [POST http://127.0.0.1:62194/session/51f6aa93638ad0eefb5444af212d5714/element] with body: {"using":"css selector","value":"*[name='q']"}
&amp#27;[38;5;214m[d692380d]&amp#27;[0m&amp#27;[38;5;160m[Chromedriver@f7f7]&amp#27;[0m Got response with status 200: {"value":{"element-6066-11e4-a52e-4f735466cecf":"f.EE352807C41741C95D77766CA8A9365C.d.34379E7D22100C637032B8546BFD04D4.e.9"}}
&amp#27;[38;5;214m[d692380d]&amp#27;[0m&amp#27;[38;5;86m[HTTP]&amp#27;[0m &amp#27;[37m<-- POST /session/d692380d-3816-469f-a9df-0e47dd1211d6/element &amp#27;[39m&amp#27;[32m200&amp#27;[39m &amp#27;[90m91 ms - 211&amp#27;[39m &amp#27;[90m&amp#27;[39m
&amp#27;[38;5;214m[d692380d]&amp#27;[0m&amp#27;[38;5;86m[HTTP]&amp#27;[0m &amp#27;[37m-->&amp#27;[39m &amp#27;[37mPOST&amp#27;[39m &amp#27;[37m/session/d692380d-3816-469f-a9df-0e47dd1211d6/element/f.EE352807C41741C95D77766CA8A9365C.d.34379E7D22100C637032B8546BFD04D4.e.9/value&amp#27;[39m &amp#27;[90m{"id":"f.EE352807C41741C95D77766CA8A9365C.d.34379E7D22100C637032B8546BFD04D4.e.9","text":"Habiba","value":["H","a","b","i","b","a",""]}&amp#27;[39m
&amp#27;[38;5;214m[d692380d]&amp#27;[0m&amp#27;[38;5;-122m[AndroidUiautomator2Driver@340f]&amp#27;[0m Driver proxy active, passing request on via HTTP proxy
&amp#27;[38;5;214m[d692380d]&amp#27;[0m&amp#27;[38;5;160m[Chromedriver@f7f7]&amp#27;[0m Matched '/session/d692380d-3816-469f-a9df-0e47dd1211d6/element/f.EE352807C41741C95D77766CA8A9365C.d.34379E7D22100C637032B8546BFD04D4.e.9/value' to command name 'setValue'
&amp#27;[38;5;214m[d692380d]&amp#27;[0m&amp#27;[38;5;160m[Chromedriver@f7f7]&amp#27;[0m Proxying [POST /session/d692380d-3816-469f-a9df-0e47dd1211d6/element/f.EE352807C41741C95D77766CA8A9365C.d.34379E7D22100C637032B8546BFD04D4.e.9/value] to [POST http://127.0.0.1:62194/session/51f6aa93638ad0eefb5444af212d5714/element/f.EE352807C41741C95D77766CA8A9365C.d.34379E7D22100C637032B8546BFD04D4.e.9/value] with body: {"id":"f.EE352807C41741C95D77766CA8A9365C.d.34379E7D22100C637032B8546BFD04D4.e.9","text":"Habiba","value":["H","a","b","i","b","a",""]}
&amp#27;[38;5;214m[d692380d]&amp#27;[0m&amp#27;[38;5;160m[Chromedriver@f7f7]&amp#27;[0m Got response with status 200: {"value":null}
&amp#27;[38;5;214m[d692380d]&amp#27;[0m&amp#27;[38;5;86m[HTTP]&amp#27;[0m &amp#27;[37m<-- POST /session/d692380d-3816-469f-a9df-0e47dd1211d6/element/f.EE352807C41741C95D77766CA8A9365C.d.34379E7D22100C637032B8546BFD04D4.e.9/value &amp#27;[39m&amp#27;[32m200&amp#27;[39m &amp#27;[90m1548 ms - 14&amp#27;[39m &amp#27;[90m&amp#27;[39m
]]></system-out>
  </testcase>
  <testcase name="browserTest2" classname="BrowserTest" time="37.019">
    <system-out><![CDATA[&amp#27;[38;5;214m[d692380d]&amp#27;[0m&amp#27;[38;5;86m[HTTP]&amp#27;[0m &amp#27;[37m-->&amp#27;[39m &amp#27;[37mPOST&amp#27;[39m &amp#27;[37m/session/d692380d-3816-469f-a9df-0e47dd1211d6/url&amp#27;[39m &amp#27;[90m{"url":"https://rahulshettyacademy.com/angularAppdemo/"}&amp#27;[39m
&amp#27;[38;5;214m[d692380d]&amp#27;[0m&amp#27;[38;5;-122m[AndroidUiautomator2Driver@340f]&amp#27;[0m Driver proxy active, passing request on via HTTP proxy
&amp#27;[38;5;214m[d692380d]&amp#27;[0m&amp#27;[38;5;160m[Chromedriver@f7f7]&amp#27;[0m Matched '/session/d692380d-3816-469f-a9df-0e47dd1211d6/url' to command name 'setUrl'
&amp#27;[38;5;214m[d692380d]&amp#27;[0m&amp#27;[38;5;160m[Chromedriver@f7f7]&amp#27;[0m Proxying [POST /session/d692380d-3816-469f-a9df-0e47dd1211d6/url] to [POST http://127.0.0.1:62194/session/51f6aa93638ad0eefb5444af212d5714/url] with body: {"url":"https://rahulshettyacademy.com/angularAppdemo/"}
&amp#27;[38;5;214m[d692380d]&amp#27;[0m&amp#27;[38;5;160m[Chromedriver@f7f7]&amp#27;[0m Got response with status 200: {"value":null}
&amp#27;[38;5;214m[d692380d]&amp#27;[0m&amp#27;[38;5;86m[HTTP]&amp#27;[0m &amp#27;[37m<-- POST /session/d692380d-3816-469f-a9df-0e47dd1211d6/url &amp#27;[39m&amp#27;[32m200&amp#27;[39m &amp#27;[90m25501 ms - 14&amp#27;[39m &amp#27;[90m&amp#27;[39m
&amp#27;[38;5;214m[d692380d]&amp#27;[0m&amp#27;[38;5;86m[HTTP]&amp#27;[0m &amp#27;[37m-->&amp#27;[39m &amp#27;[37mPOST&amp#27;[39m &amp#27;[37m/session/d692380d-3816-469f-a9df-0e47dd1211d6/element&amp#27;[39m &amp#27;[90m{"using":"css selector","value":".navbar-toggler-icon"}&amp#27;[39m
&amp#27;[38;5;214m[d692380d]&amp#27;[0m&amp#27;[38;5;-122m[AndroidUiautomator2Driver@340f]&amp#27;[0m Driver proxy active, passing request on via HTTP proxy
&amp#27;[38;5;214m[d692380d]&amp#27;[0m&amp#27;[38;5;160m[Chromedriver@f7f7]&amp#27;[0m Matched '/session/d692380d-3816-469f-a9df-0e47dd1211d6/element' to command name 'findElement'
&amp#27;[38;5;214m[d692380d]&amp#27;[0m&amp#27;[38;5;160m[Chromedriver@f7f7]&amp#27;[0m Proxying [POST /session/d692380d-3816-469f-a9df-0e47dd1211d6/element] to [POST http://127.0.0.1:62194/session/51f6aa93638ad0eefb5444af212d5714/element] with body: {"using":"css selector","value":".navbar-toggler-icon"}
&amp#27;[38;5;214m[d692380d]&amp#27;[0m&amp#27;[38;5;160m[Chromedriver@f7f7]&amp#27;[0m Got response with status 200: {"value":{"element-6066-11e4-a52e-4f735466cecf":"f.EE352807C41741C95D77766CA8A9365C.d.E8832218B3932FB895489F9B7B38A017.e.2"}}
&amp#27;[38;5;214m[d692380d]&amp#27;[0m&amp#27;[38;5;86m[HTTP]&amp#27;[0m &amp#27;[37m<-- POST /session/d692380d-3816-469f-a9df-0e47dd1211d6/element &amp#27;[39m&amp#27;[32m200&amp#27;[39m &amp#27;[90m1113 ms - 211&amp#27;[39m &amp#27;[90m&amp#27;[39m
&amp#27;[38;5;214m[d692380d]&amp#27;[0m&amp#27;[38;5;86m[HTTP]&amp#27;[0m &amp#27;[37m-->&amp#27;[39m &amp#27;[37mPOST&amp#27;[39m &amp#27;[37m/session/d692380d-3816-469f-a9df-0e47dd1211d6/element/f.EE352807C41741C95D77766CA8A9365C.d.E8832218B3932FB895489F9B7B38A017.e.2/click&amp#27;[39m &amp#27;[90m{"id":"f.EE352807C41741C95D77766CA8A9365C.d.E8832218B3932FB895489F9B7B38A017.e.2"}&amp#27;[39m
&amp#27;[38;5;214m[d692380d]&amp#27;[0m&amp#27;[38;5;-122m[AndroidUiautomator2Driver@340f]&amp#27;[0m Driver proxy active, passing request on via HTTP proxy
&amp#27;[38;5;214m[d692380d]&amp#27;[0m&amp#27;[38;5;160m[Chromedriver@f7f7]&amp#27;[0m Matched '/session/d692380d-3816-469f-a9df-0e47dd1211d6/element/f.EE352807C41741C95D77766CA8A9365C.d.E8832218B3932FB895489F9B7B38A017.e.2/click' to command name 'click'
&amp#27;[38;5;214m[d692380d]&amp#27;[0m&amp#27;[38;5;160m[Chromedriver@f7f7]&amp#27;[0m Proxying [POST /session/d692380d-3816-469f-a9df-0e47dd1211d6/element/f.EE352807C41741C95D77766CA8A9365C.d.E8832218B3932FB895489F9B7B38A017.e.2/click] to [POST http://127.0.0.1:62194/session/51f6aa93638ad0eefb5444af212d5714/element/f.EE352807C41741C95D77766CA8A9365C.d.E8832218B3932FB895489F9B7B38A017.e.2/click] with body: {"id":"f.EE352807C41741C95D77766CA8A9365C.d.E8832218B3932FB895489F9B7B38A017.e.2"}
&amp#27;[38;5;214m[d692380d]&amp#27;[0m&amp#27;[38;5;160m[Chromedriver@f7f7]&amp#27;[0m Got response with status 200: {"value":null}
&amp#27;[38;5;214m[d692380d]&amp#27;[0m&amp#27;[38;5;86m[HTTP]&amp#27;[0m &amp#27;[37m<-- POST /session/d692380d-3816-469f-a9df-0e47dd1211d6/element/f.EE352807C41741C95D77766CA8A9365C.d.E8832218B3932FB895489F9B7B38A017.e.2/click &amp#27;[39m&amp#27;[32m200&amp#27;[39m &amp#27;[90m4579 ms - 14&amp#27;[39m &amp#27;[90m&amp#27;[39m
&amp#27;[38;5;214m[d692380d]&amp#27;[0m&amp#27;[38;5;86m[HTTP]&amp#27;[0m &amp#27;[37m-->&amp#27;[39m &amp#27;[37mPOST&amp#27;[39m &amp#27;[37m/session/d692380d-3816-469f-a9df-0e47dd1211d6/element&amp#27;[39m &amp#27;[90m{"using":"css selector","value":"a[routerlink='/products']"}&amp#27;[39m
&amp#27;[38;5;214m[d692380d]&amp#27;[0m&amp#27;[38;5;-122m[AndroidUiautomator2Driver@340f]&amp#27;[0m Driver proxy active, passing request on via HTTP proxy
&amp#27;[38;5;214m[d692380d]&amp#27;[0m&amp#27;[38;5;160m[Chromedriver@f7f7]&amp#27;[0m Matched '/session/d692380d-3816-469f-a9df-0e47dd1211d6/element' to command name 'findElement'
&amp#27;[38;5;214m[d692380d]&amp#27;[0m&amp#27;[38;5;160m[Chromedriver@f7f7]&amp#27;[0m Proxying [POST /session/d692380d-3816-469f-a9df-0e47dd1211d6/element] to [POST http://127.0.0.1:62194/session/51f6aa93638ad0eefb5444af212d5714/element] with body: {"using":"css selector","value":"a[routerlink='/products']"}
&amp#27;[38;5;214m[d692380d]&amp#27;[0m&amp#27;[38;5;160m[Chromedriver@f7f7]&amp#27;[0m Got response with status 200: {"value":{"element-6066-11e4-a52e-4f735466cecf":"f.EE352807C41741C95D77766CA8A9365C.d.E8832218B3932FB895489F9B7B38A017.e.8"}}
&amp#27;[38;5;214m[d692380d]&amp#27;[0m&amp#27;[38;5;86m[HTTP]&amp#27;[0m &amp#27;[37m<-- POST /session/d692380d-3816-469f-a9df-0e47dd1211d6/element &amp#27;[39m&amp#27;[32m200&amp#27;[39m &amp#27;[90m300 ms - 211&amp#27;[39m &amp#27;[90m&amp#27;[39m
&amp#27;[38;5;214m[d692380d]&amp#27;[0m&amp#27;[38;5;86m[HTTP]&amp#27;[0m &amp#27;[37m-->&amp#27;[39m &amp#27;[37mPOST&amp#27;[39m &amp#27;[37m/session/d692380d-3816-469f-a9df-0e47dd1211d6/element/f.EE352807C41741C95D77766CA8A9365C.d.E8832218B3932FB895489F9B7B38A017.e.8/click&amp#27;[39m &amp#27;[90m{"id":"f.EE352807C41741C95D77766CA8A9365C.d.E8832218B3932FB895489F9B7B38A017.e.8"}&amp#27;[39m
&amp#27;[38;5;214m[d692380d]&amp#27;[0m&amp#27;[38;5;-122m[AndroidUiautomator2Driver@340f]&amp#27;[0m Driver proxy active, passing request on via HTTP proxy
&amp#27;[38;5;214m[d692380d]&amp#27;[0m&amp#27;[38;5;160m[Chromedriver@f7f7]&amp#27;[0m Matched '/session/d692380d-3816-469f-a9df-0e47dd1211d6/element/f.EE352807C41741C95D77766CA8A9365C.d.E8832218B3932FB895489F9B7B38A017.e.8/click' to command name 'click'
&amp#27;[38;5;214m[d692380d]&amp#27;[0m&amp#27;[38;5;160m[Chromedriver@f7f7]&amp#27;[0m Proxying [POST /session/d692380d-3816-469f-a9df-0e47dd1211d6/element/f.EE352807C41741C95D77766CA8A9365C.d.E8832218B3932FB895489F9B7B38A017.e.8/click] to [POST http://127.0.0.1:62194/session/51f6aa93638ad0eefb5444af212d5714/element/f.EE352807C41741C95D77766CA8A9365C.d.E8832218B3932FB895489F9B7B38A017.e.8/click] with body: {"id":"f.EE352807C41741C95D77766CA8A9365C.d.E8832218B3932FB895489F9B7B38A017.e.8"}
&amp#27;[38;5;214m[d692380d]&amp#27;[0m&amp#27;[38;5;160m[Chromedriver@f7f7]&amp#27;[0m Got response with status 200: {"value":null}
&amp#27;[38;5;214m[d692380d]&amp#27;[0m&amp#27;[38;5;86m[HTTP]&amp#27;[0m &amp#27;[37m<-- POST /session/d692380d-3816-469f-a9df-0e47dd1211d6/element/f.EE352807C41741C95D77766CA8A9365C.d.E8832218B3932FB895489F9B7B38A017.e.8/click &amp#27;[39m&amp#27;[32m200&amp#27;[39m &amp#27;[90m2768 ms - 14&amp#27;[39m &amp#27;[90m&amp#27;[39m
&amp#27;[38;5;214m[d692380d]&amp#27;[0m&amp#27;[38;5;86m[HTTP]&amp#27;[0m &amp#27;[37m-->&amp#27;[39m &amp#27;[37mPOST&amp#27;[39m &amp#27;[37m/session/d692380d-3816-469f-a9df-0e47dd1211d6/execute/sync&amp#27;[39m &amp#27;[90m{"script":"window.scrollBy(0,1000)","args":[""]}&amp#27;[39m
&amp#27;[38;5;214m[d692380d]&amp#27;[0m&amp#27;[38;5;-122m[AndroidUiautomator2Driver@340f]&amp#27;[0m Calling AppiumDriver.execute() with args: ["window.scrollBy(0,1000)",[""],"d692380d-3816-469f-a9df-0e47dd1211d6"]
&amp#27;[38;5;214m[d692380d]&amp#27;[0m&amp#27;[38;5;160m[Chromedriver@f7f7]&amp#27;[0m Matched '/execute/sync' to command name 'execute'
&amp#27;[38;5;214m[d692380d]&amp#27;[0m&amp#27;[38;5;160m[Chromedriver@f7f7]&amp#27;[0m Did not know how to rewrite the original URL '/execute/sync' for W3C protocol
&amp#27;[38;5;214m[d692380d]&amp#27;[0m&amp#27;[38;5;160m[Chromedriver@f7f7]&amp#27;[0m Proxying [POST /execute/sync] to [POST http://127.0.0.1:62194/session/51f6aa93638ad0eefb5444af212d5714/execute/sync] with body: {"script":"window.scrollBy(0,1000)","args":[""]}
&amp#27;[38;5;214m[d692380d]&amp#27;[0m&amp#27;[38;5;160m[Chromedriver@f7f7]&amp#27;[0m Got response with status 200: {"value":null}
&amp#27;[38;5;214m[d692380d]&amp#27;[0m&amp#27;[38;5;-122m[AndroidUiautomator2Driver@340f]&amp#27;[0m Responding to client with driver.execute() result: null
&amp#27;[38;5;214m[d692380d]&amp#27;[0m&amp#27;[38;5;86m[HTTP]&amp#27;[0m &amp#27;[37m<-- POST /session/d692380d-3816-469f-a9df-0e47dd1211d6/execute/sync &amp#27;[39m&amp#27;[32m200&amp#27;[39m &amp#27;[90m792 ms - 14&amp#27;[39m &amp#27;[90m&amp#27;[39m
&amp#27;[38;5;214m[d692380d]&amp#27;[0m&amp#27;[38;5;86m[HTTP]&amp#27;[0m &amp#27;[37m-->&amp#27;[39m &amp#27;[37mPOST&amp#27;[39m &amp#27;[37m/session/d692380d-3816-469f-a9df-0e47dd1211d6/element&amp#27;[39m &amp#27;[90m{"using":"xpath","value":"//a[contains(@href,'products/3')]"}&amp#27;[39m
&amp#27;[38;5;214m[d692380d]&amp#27;[0m&amp#27;[38;5;-122m[AndroidUiautomator2Driver@340f]&amp#27;[0m Driver proxy active, passing request on via HTTP proxy
&amp#27;[38;5;214m[d692380d]&amp#27;[0m&amp#27;[38;5;160m[Chromedriver@f7f7]&amp#27;[0m Matched '/session/d692380d-3816-469f-a9df-0e47dd1211d6/element' to command name 'findElement'
&amp#27;[38;5;214m[d692380d]&amp#27;[0m&amp#27;[38;5;160m[Chromedriver@f7f7]&amp#27;[0m Proxying [POST /session/d692380d-3816-469f-a9df-0e47dd1211d6/element] to [POST http://127.0.0.1:62194/session/51f6aa93638ad0eefb5444af212d5714/element] with body: {"using":"xpath","value":"//a[contains(@href,'products/3')]"}
&amp#27;[38;5;214m[d692380d]&amp#27;[0m&amp#27;[38;5;160m[Chromedriver@f7f7]&amp#27;[0m Got response with status 200: {"value":{"element-6066-11e4-a52e-4f735466cecf":"f.EE352807C41741C95D77766CA8A9365C.d.E8832218B3932FB895489F9B7B38A017.e.13"}}
&amp#27;[38;5;214m[d692380d]&amp#27;[0m&amp#27;[38;5;86m[HTTP]&amp#27;[0m &amp#27;[37m<-- POST /session/d692380d-3816-469f-a9df-0e47dd1211d6/element &amp#27;[39m&amp#27;[32m200&amp#27;[39m &amp#27;[90m928 ms - 213&amp#27;[39m &amp#27;[90m&amp#27;[39m
&amp#27;[38;5;214m[d692380d]&amp#27;[0m&amp#27;[38;5;86m[HTTP]&amp#27;[0m &amp#27;[37m-->&amp#27;[39m &amp#27;[37mGET&amp#27;[39m &amp#27;[37m/session/d692380d-3816-469f-a9df-0e47dd1211d6/element/f.EE352807C41741C95D77766CA8A9365C.d.E8832218B3932FB895489F9B7B38A017.e.13/text&amp#27;[39m &amp#27;[90m{}&amp#27;[39m
&amp#27;[38;5;214m[d692380d]&amp#27;[0m&amp#27;[38;5;-122m[AndroidUiautomator2Driver@340f]&amp#27;[0m Driver proxy active, passing request on via HTTP proxy
&amp#27;[38;5;214m[d692380d]&amp#27;[0m&amp#27;[38;5;160m[Chromedriver@f7f7]&amp#27;[0m Matched '/session/d692380d-3816-469f-a9df-0e47dd1211d6/element/f.EE352807C41741C95D77766CA8A9365C.d.E8832218B3932FB895489F9B7B38A017.e.13/text' to command name 'getText'
&amp#27;[38;5;214m[d692380d]&amp#27;[0m&amp#27;[38;5;160m[Chromedriver@f7f7]&amp#27;[0m Proxying [GET /session/d692380d-3816-469f-a9df-0e47dd1211d6/element/f.EE352807C41741C95D77766CA8A9365C.d.E8832218B3932FB895489F9B7B38A017.e.13/text] to [GET http://127.0.0.1:62194/session/51f6aa93638ad0eefb5444af212d5714/element/f.EE352807C41741C95D77766CA8A9365C.d.E8832218B3932FB895489F9B7B38A017.e.13/text] with no body
&amp#27;[38;5;214m[d692380d]&amp#27;[0m&amp#27;[38;5;160m[Chromedriver@f7f7]&amp#27;[0m Got response with status 200: {"value":"Devops"}
&amp#27;[38;5;214m[d692380d]&amp#27;[0m&amp#27;[38;5;86m[HTTP]&amp#27;[0m &amp#27;[37m<-- GET /session/d692380d-3816-469f-a9df-0e47dd1211d6/element/f.EE352807C41741C95D77766CA8A9365C.d.E8832218B3932FB895489F9B7B38A017.e.13/text &amp#27;[39m&amp#27;[32m200&amp#27;[39m &amp#27;[90m993 ms - 18&amp#27;[39m &amp#27;[90m&amp#27;[39m
]]></system-out>
  </testcase>
  <testcase name="intializeDriver" classname="CheckOutTest" time="85.831">
    <failure message="Could not start a new session. Response code 500. Message: An unknown server-side error occurred while processing the command. Original error: Error executing adbExec. Original error: &apos;Command &apos;C:\\Users\\hmohammed25\\AppData\\Local\\Android\\Sdk\\platform-tools\\adb.exe -P 5037 -s emulator-5554 shell &apos;settings delete global hidden_api_policy_pre_p_apps;settings delete global hidden_api_policy_p_apps;settings delete global hidden_api_policy&apos;&apos; exited with code 20&apos;; Command output: cmd: Can&apos;t find service: settings&#10;cmd: Can&apos;t find service: settings&#10;cmd: Can&apos;t find service: settings&#10; &#10;Host info: host: &apos;EG-PF3DSZJS&apos;, ip: &apos;192.168.1.12&apos;&#10;Build info: version: &apos;4.23.1&apos;, revision: &apos;656257d8e9&apos;&#10;System info: os.name: &apos;Windows 11&apos;, os.arch: &apos;amd64&apos;, os.version: &apos;10.0&apos;, java.version: &apos;21.0.2&apos;&#10;Driver info: io.appium.java_client.android.AndroidDriver&#10;Command: [null, newSession {capabilities=[Capabilities {appium:app: C:\Users\hmohammed25\OneDri..., appium:automationName: UIAutomator2, appium:deviceName: emulator-5554, appium:platformVersion: 15, platformName: ANDROID}]}]&#10;Capabilities {appium:app: C:\Users\hmohammed25\OneDri..., appium:automationName: UIAutomator2, appium:deviceName: emulator-5554, appium:platformVersion: 15, platformName: ANDROID}" type="org.openqa.selenium.SessionNotCreatedException"><![CDATA[org.openqa.selenium.SessionNotCreatedException: 
Could not start a new session. Response code 500. Message: An unknown server-side error occurred while processing the command. Original error: Error executing adbExec. Original error: 'Command 'C:\\Users\\hmohammed25\\AppData\\Local\\Android\\Sdk\\platform-tools\\adb.exe -P 5037 -s emulator-5554 shell 'settings delete global hidden_api_policy_pre_p_apps;settings delete global hidden_api_policy_p_apps;settings delete global hidden_api_policy'' exited with code 20'; Command output: cmd: Can't find service: settings
cmd: Can't find service: settings
cmd: Can't find service: settings
 
Host info: host: 'EG-PF3DSZJS', ip: '192.168.1.12'
Build info: version: '4.23.1', revision: '656257d8e9'
System info: os.name: 'Windows 11', os.arch: 'amd64', os.version: '10.0', java.version: '21.0.2'
Driver info: io.appium.java_client.android.AndroidDriver
Command: [null, newSession {capabilities=[Capabilities {appium:app: C:\Users\hmohammed25\OneDri..., appium:automationName: UIAutomator2, appium:deviceName: emulator-5554, appium:platformVersion: 15, platformName: ANDROID}]}]
Capabilities {appium:app: C:\Users\hmohammed25\OneDri..., appium:automationName: UIAutomator2, appium:deviceName: emulator-5554, appium:platformVersion: 15, platformName: ANDROID}
	at org.openqa.selenium.remote.ProtocolHandshake.createSession(ProtocolHandshake.java:114)
	at org.openqa.selenium.remote.ProtocolHandshake.createSession(ProtocolHandshake.java:75)
	at org.openqa.selenium.remote.ProtocolHandshake.createSession(ProtocolHandshake.java:61)
	at io.appium.java_client.remote.AppiumCommandExecutor.createSession(AppiumCommandExecutor.java:176)
	at io.appium.java_client.remote.AppiumCommandExecutor.execute(AppiumCommandExecutor.java:237)
	at org.openqa.selenium.remote.RemoteWebDriver.execute(RemoteWebDriver.java:545)
	at io.appium.java_client.AppiumDriver.startSession(AppiumDriver.java:270)
	at org.openqa.selenium.remote.RemoteWebDriver.<init>(RemoteWebDriver.java:174)
	at io.appium.java_client.AppiumDriver.<init>(AppiumDriver.java:91)
	at io.appium.java_client.AppiumDriver.<init>(AppiumDriver.java:103)
	at io.appium.java_client.android.AndroidDriver.<init>(AndroidDriver.java:109)
	at BaseTest.intializeDriver(BaseTest.java:42)
	at java.base/jdk.internal.reflect.DirectMethodHandleAccessor.invoke(DirectMethodHandleAccessor.java:103)
	at java.base/java.lang.reflect.Method.invoke(Method.java:580)
	at org.testng.internal.invokers.MethodInvocationHelper.invokeMethod(MethodInvocationHelper.java:141)
	at org.testng.internal.invokers.MethodInvocationHelper.invokeMethodConsideringTimeout(MethodInvocationHelper.java:71)
	at org.testng.internal.invokers.ConfigInvoker.invokeConfigurationMethod(ConfigInvoker.java:400)
	at org.testng.internal.invokers.ConfigInvoker.invokeConfigurations(ConfigInvoker.java:333)
	at org.testng.internal.invokers.TestMethodWorker.invokeBeforeClassMethods(TestMethodWorker.java:188)
	at org.testng.internal.invokers.TestMethodWorker.run(TestMethodWorker.java:128)
	at java.base/java.util.ArrayList.forEach(ArrayList.java:1596)
	at org.testng.TestRunner.privateRun(TestRunner.java:739)
	at org.testng.TestRunner.run(TestRunner.java:614)
	at org.testng.SuiteRunner.runTest(SuiteRunner.java:421)
	at org.testng.SuiteRunner.runSequentially(SuiteRunner.java:413)
	at org.testng.SuiteRunner.privateRun(SuiteRunner.java:373)
	at org.testng.SuiteRunner.run(SuiteRunner.java:312)
	at org.testng.SuiteRunnerWorker.runSuite(SuiteRunnerWorker.java:52)
	at org.testng.SuiteRunnerWorker.run(SuiteRunnerWorker.java:95)
	at org.testng.TestNG.runSuitesSequentially(TestNG.java:1274)
	at org.testng.TestNG.runSuitesLocally(TestNG.java:1208)
	at org.testng.TestNG.runSuites(TestNG.java:1112)
	at org.testng.TestNG.run(TestNG.java:1079)
	at org.apache.maven.surefire.testng.TestNGExecutor.run(TestNGExecutor.java:155)
	at org.apache.maven.surefire.testng.TestNGDirectoryTestSuite.executeMulti(TestNGDirectoryTestSuite.java:169)
	at org.apache.maven.surefire.testng.TestNGDirectoryTestSuite.execute(TestNGDirectoryTestSuite.java:88)
	at org.apache.maven.surefire.testng.TestNGProvider.invoke(TestNGProvider.java:137)
	at org.apache.maven.surefire.booter.ForkedBooter.runSuitesInProcess(ForkedBooter.java:385)
	at org.apache.maven.surefire.booter.ForkedBooter.execute(ForkedBooter.java:162)
	at org.apache.maven.surefire.booter.ForkedBooter.run(ForkedBooter.java:507)
	at org.apache.maven.surefire.booter.ForkedBooter.main(ForkedBooter.java:495)
]]></failure>
    <system-out><![CDATA[&amp#27;[38;5;214m[d692380d]&amp#27;[0m&amp#27;[38;5;86m[HTTP]&amp#27;[0m &amp#27;[37m-->&amp#27;[39m &amp#27;[37mDELETE&amp#27;[39m &amp#27;[37m/session/d692380d-3816-469f-a9df-0e47dd1211d6&amp#27;[39m &amp#27;[90m{}&amp#27;[39m
&amp#27;[38;5;214m[d692380d]&amp#27;[0m&amp#27;[38;5;-122m[AndroidUiautomator2Driver@340f]&amp#27;[0m Calling AppiumDriver.deleteSession() with args: ["d692380d-3816-469f-a9df-0e47dd1211d6"]
&amp#27;[38;5;214m[d692380d]&amp#27;[0m&amp#27;[38;5;154m[AppiumDriver@6688]&amp#27;[0m Event 'quitSessionRequested' logged at 1723366649990 (11:57:29 GMT+0300 (Eastern European Summer Time))
&amp#27;[38;5;214m[d692380d]&amp#27;[0m&amp#27;[38;5;154m[AppiumDriver@6688]&amp#27;[0m Removing session d692380d-3816-469f-a9df-0e47dd1211d6 from our master session list
&amp#27;[38;5;214m[d692380d]&amp#27;[0m&amp#27;[38;5;-122m[AndroidUiautomator2Driver@340f]&amp#27;[0m Deleting UiAutomator2 session
&amp#27;[38;5;214m[d692380d]&amp#27;[0m&amp#27;[38;5;-122m[AndroidUiautomator2Driver@340f]&amp#27;[0m Stopping chromedriver for context CHROMIUM
&amp#27;[38;5;214m[d692380d]&amp#27;[0m&amp#27;[38;5;160m[Chromedriver@f7f7]&amp#27;[0m Changed state to 'stopping'
&amp#27;[38;5;214m[d692380d]&amp#27;[0m&amp#27;[38;5;160m[Chromedriver@f7f7]&amp#27;[0m Matched '' to command name 'deleteSession'
&amp#27;[38;5;214m[d692380d]&amp#27;[0m&amp#27;[38;5;160m[Chromedriver@f7f7]&amp#27;[0m Proxying [DELETE /] to [DELETE http://127.0.0.1:62194/session/51f6aa93638ad0eefb5444af212d5714] with no body
&amp#27;[38;5;214m[d692380d]&amp#27;[0m&amp#27;[38;5;160m[Chromedriver@f7f7]&amp#27;[0m Got response with status 200: {"value":null}
&amp#27;[38;5;214m[d692380d]&amp#27;[0m&amp#27;[38;5;160m[Chromedriver@f7f7]&amp#27;[0m Changed state to 'stopped'
&amp#27;[38;5;214m[d692380d]&amp#27;[0m&amp#27;[38;5;-122m[AndroidUiautomator2Driver@340f]&amp#27;[0m Deleting UiAutomator2 server session
&amp#27;[38;5;214m[d692380d]&amp#27;[0m&amp#27;[38;5;-122m[AndroidUiautomator2Driver@340f]&amp#27;[0m Matched '/' to command name 'deleteSession'
&amp#27;[38;5;214m[d692380d]&amp#27;[0m&amp#27;[38;5;-122m[AndroidUiautomator2Driver@340f]&amp#27;[0m Proxying [DELETE /] to [DELETE http://127.0.0.1:8200/session/84bb84cf-09e0-4e86-af22-fc76de831e43] with no body
&amp#27;[38;5;214m[d692380d]&amp#27;[0m&amp#27;[38;5;-122m[AndroidUiautomator2Driver@340f]&amp#27;[0m Got response with status 200: {"sessionId":"84bb84cf-09e0-4e86-af22-fc76de831e43","value":null}
&amp#27;[38;5;214m[d692380d]&amp#27;[0m&amp#27;[38;5;-122m[AndroidUiautomator2Driver@340f]&amp#27;[0m [Instrumentation] io.appium.uiautomator2.server.test.AppiumUiAutomator2Server:
&amp#27;[38;5;214m[d692380d]&amp#27;[0m&amp#27;[38;5;-122m[AndroidUiautomator2Driver@340f]&amp#27;[0m [Instrumentation] The process has exited with code null, signal SIGTERM
&amp#27;[38;5;214m[d692380d]&amp#27;[0m&amp#27;[38;5;229m[ADB]&amp#27;[0m Running 'C:\Users\hmohammed25\AppData\Local\Android\Sdk\platform-tools\adb.exe -P 5037 -s emulator-5554 shell dumpsys activity services io.appium.settings/.recorder.RecorderService'
&amp#27;[38;5;214m[d692380d]&amp#27;[0m&amp#27;[38;5;229m[ADB]&amp#27;[0m Removing forwarded port socket connection: 8200 
&amp#27;[38;5;214m[d692380d]&amp#27;[0m&amp#27;[38;5;229m[ADB]&amp#27;[0m Running 'C:\Users\hmohammed25\AppData\Local\Android\Sdk\platform-tools\adb.exe -P 5037 -s emulator-5554 forward --remove tcp:8200'
&amp#27;[38;5;214m[d692380d]&amp#27;[0m&amp#27;[38;5;-122m[AndroidUiautomator2Driver@340f]&amp#27;[0m Restoring hidden api policy to the device default configuration
&amp#27;[38;5;214m[d692380d]&amp#27;[0m&amp#27;[38;5;229m[ADB]&amp#27;[0m Running 'C:\Users\hmohammed25\AppData\Local\Android\Sdk\platform-tools\adb.exe -P 5037 -s emulator-5554 shell 'settings delete global hidden_api_policy_pre_p_apps;settings delete global hidden_api_policy_p_apps;settings delete global hidden_api_policy''
&amp#27;[38;5;214m[d692380d]&amp#27;[0m&amp#27;[38;5;160m[Logcat]&amp#27;[0m Stopping logcat capture
&amp#27;[38;5;214m[d692380d]&amp#27;[0m&amp#27;[38;5;154m[AppiumDriver@6688]&amp#27;[0m Event 'quitSessionFinished' logged at 1723366652274 (11:57:32 GMT+0300 (Eastern European Summer Time))
&amp#27;[38;5;214m[d692380d]&amp#27;[0m&amp#27;[38;5;154m[AppiumDriver@6688]&amp#27;[0m Received response: null
&amp#27;[38;5;214m[d692380d]&amp#27;[0m&amp#27;[38;5;154m[AppiumDriver@6688]&amp#27;[0m But deleting session, so not returning
&amp#27;[38;5;214m[d692380d]&amp#27;[0m&amp#27;[38;5;154m[AppiumDriver@6688]&amp#27;[0m Responding to client with driver.deleteSession() result: null
&amp#27;[38;5;214m[d692380d]&amp#27;[0m&amp#27;[38;5;86m[HTTP]&amp#27;[0m &amp#27;[37m<-- DELETE /session/d692380d-3816-469f-a9df-0e47dd1211d6 &amp#27;[39m&amp#27;[32m200&amp#27;[39m &amp#27;[90m2286 ms - 14&amp#27;[39m &amp#27;[90m&amp#27;[39m
&amp#27;[38;5;112m[Appium]&amp#27;[0m Welcome to Appium v2.11.2
&amp#27;[38;5;112m[Appium]&amp#27;[0m Non-default server args:
&amp#27;[38;5;112m[Appium]&amp#27;[0m { address: &amp#27;[32m'127.0.0.1'&amp#27;[39m }
&amp#27;[38;5;112m[Appium]&amp#27;[0m The APPIUM_HOME environment variable: C:\Users\hmohammed25\.appium
&amp#27;[38;5;112m[Appium]&amp#27;[0m Attempting to load driver uiautomator2...
&amp#27;[38;5;112m[Appium]&amp#27;[0m Requiring driver at C:\Users\hmohammed25\.appium\node_modules\appium-uiautomator2-driver\build\index.js
&amp#27;[38;5;112m[Appium]&amp#27;[0m AndroidUiautomator2Driver has been successfully loaded in 1.679s
&amp#27;[38;5;112m[Appium]&amp#27;[0m Appium REST http interface listener started on http://127.0.0.1:4723
&amp#27;[38;5;112m[Appium]&amp#27;[0m Available drivers:
&amp#27;[38;5;112m[Appium]&amp#27;[0m   - uiautomator2@3.7.4 (automationName 'UiAutomator2')
&amp#27;[38;5;112m[Appium]&amp#27;[0m No plugins have been installed. Use the "appium plugin" command to install the one(s) you want to use.
&amp#27;[38;5;86m[HTTP]&amp#27;[0m &amp#27;[37m-->&amp#27;[39m &amp#27;[37mGET&amp#27;[39m &amp#27;[37m/status&amp#27;[39m &amp#27;[90m{}&amp#27;[39m
&amp#27;[38;5;150m[AppiumDriver@095f]&amp#27;[0m Calling AppiumDriver.getStatus() with args: []
&amp#27;[38;5;150m[AppiumDriver@095f]&amp#27;[0m Responding to client with driver.getStatus() result: {"ready":true,"message":"The server is ready to accept new connections","build":{"version":"2.11.2"}}
&amp#27;[38;5;86m[HTTP]&amp#27;[0m &amp#27;[37m<-- GET /status &amp#27;[39m&amp#27;[32m200&amp#27;[39m &amp#27;[90m10 ms - 111&amp#27;[39m &amp#27;[90m&amp#27;[39m
&amp#27;[38;5;86m[HTTP]&amp#27;[0m Request idempotency key: 9c32e545-8ddc-41d9-8ae7-8fdc2ff32d4c
&amp#27;[38;5;86m[HTTP]&amp#27;[0m &amp#27;[37m-->&amp#27;[39m &amp#27;[37mPOST&amp#27;[39m &amp#27;[37m/session&amp#27;[39m &amp#27;[90m{"capabilities":{"firstMatch":[{"appium:deviceName":"emulator-5554","platformName":"ANDROID","appium:automationName":"UIAutomator2","appium:app":"C:\\Users\\hmohammed25\\OneDrive - DXC Production\\Documents\\New folder\\AppiumFrameWork/src/test/resources/General-Store.apk","appium:platformVersion":"15"}]}}&amp#27;[39m
&amp#27;[38;5;150m[AppiumDriver@095f]&amp#27;[0m Calling AppiumDriver.createSession() with args: [null,null,{"firstMatch":[{"appium:deviceName":"emulator-5554","platformName":"ANDROID","appium:automationName":"UIAutomator2","appium:app":"C:\\Users\\hmohammed25\\OneDrive - DXC Production\\Documents\\New folder\\AppiumFrameWork/src/test/resources/General-Store.apk","appium:platformVersion":"15"}]}]
&amp#27;[38;5;150m[AppiumDriver@095f]&amp#27;[0m Event 'newSessionRequested' logged at 1723366657323 (11:57:37 GMT+0300 (Eastern European Summer Time))
&amp#27;[38;5;112m[Appium]&amp#27;[0m Attempting to find matching driver for automationName 'UIAutomator2' and platformName 'ANDROID'
&amp#27;[38;5;112m[Appium]&amp#27;[0m The 'uiautomator2' driver was installed and matched caps.
&amp#27;[38;5;112m[Appium]&amp#27;[0m Will require it at C:\Users\hmohammed25\.appium\node_modules\appium-uiautomator2-driver
&amp#27;[38;5;112m[Appium]&amp#27;[0m Requiring driver at C:\Users\hmohammed25\.appium\node_modules\appium-uiautomator2-driver\build\index.js
&amp#27;[38;5;150m[AppiumDriver@095f]&amp#27;[0m Appium v2.11.2 creating new AndroidUiautomator2Driver (v3.7.4) session
&amp#27;[38;5;150m[AppiumDriver@095f]&amp#27;[0m Checking BaseDriver versions for Appium and AndroidUiautomator2Driver
&amp#27;[38;5;150m[AppiumDriver@095f]&amp#27;[0m Appium's BaseDriver version is 9.11.2
&amp#27;[38;5;150m[AppiumDriver@095f]&amp#27;[0m AndroidUiautomator2Driver's BaseDriver version is 9.11.2
&amp#27;[38;5;-74m[AndroidUiautomator2Driver@e17b]&amp#27;[0m undefined
&amp#27;[38;5;-74m[AndroidUiautomator2Driver@e17b]&amp#27;[0m Creating session with W3C capabilities: {
  "alwaysMatch": {
    "platformName": "ANDROID",
    "appium:deviceName": "emulator-5554",
    "appium:automationName": "UIAutomator2",
    "appium:app": "C:\\Users\\hmohammed25\\OneDrive - DXC Production\\Documents\\New folder\\AppiumFrameWork/src/test/resources/General-Store.apk",
    "appium:platformVersion": "15"
  },
  "firstMatch": [
    {}
  ]
}
&amp#27;[38;5;52m[d2f16f16]&amp#27;[0m&amp#27;[38;5;-74m[AndroidUiautomator2Driver@e17b]&amp#27;[0m Session created with session id: d2f16f16-7a4a-4b35-bf89-f073d0aa94e8
&amp#27;[38;5;52m[d2f16f16]&amp#27;[0m&amp#27;[38;5;229m[ADB]&amp#27;[0m Found 1 'build-tools' folders under 'C:\Users\hmohammed25\AppData\Local\Android\Sdk' (newest first):
&amp#27;[38;5;52m[d2f16f16]&amp#27;[0m&amp#27;[38;5;229m[ADB]&amp#27;[0m     C:\Users\hmohammed25\AppData\Local\Android\Sdk\build-tools\35.0.0
&amp#27;[38;5;52m[d2f16f16]&amp#27;[0m&amp#27;[38;5;229m[ADB]&amp#27;[0m Using 'adb.exe' from 'C:\Users\hmohammed25\AppData\Local\Android\Sdk\platform-tools\adb.exe'
&amp#27;[38;5;52m[d2f16f16]&amp#27;[0m&amp#27;[38;5;229m[ADB]&amp#27;[0m Running 'C:\Users\hmohammed25\AppData\Local\Android\Sdk\platform-tools\adb.exe -P 5037 start-server'
&amp#27;[38;5;52m[d2f16f16]&amp#27;[0m&amp#27;[38;5;-74m[AndroidUiautomator2Driver@e17b]&amp#27;[0m Retrieving device list
&amp#27;[38;5;52m[d2f16f16]&amp#27;[0m&amp#27;[38;5;229m[ADB]&amp#27;[0m Trying to find connected Android devices
&amp#27;[38;5;52m[d2f16f16]&amp#27;[0m&amp#27;[38;5;229m[ADB]&amp#27;[0m Getting connected devices
&amp#27;[38;5;52m[d2f16f16]&amp#27;[0m&amp#27;[38;5;229m[ADB]&amp#27;[0m Connected devices: [{"udid":"emulator-5554","state":"device"}]
&amp#27;[38;5;52m[d2f16f16]&amp#27;[0m&amp#27;[38;5;-74m[AndroidUiautomator2Driver@e17b]&amp#27;[0m Looking for a device with Android '15.0.0'
&amp#27;[38;5;52m[d2f16f16]&amp#27;[0m&amp#27;[38;5;229m[ADB]&amp#27;[0m Setting device id to emulator-5554
&amp#27;[38;5;52m[d2f16f16]&amp#27;[0m&amp#27;[38;5;229m[ADB]&amp#27;[0m Getting device platform version
&amp#27;[38;5;52m[d2f16f16]&amp#27;[0m&amp#27;[38;5;229m[ADB]&amp#27;[0m Running 'C:\Users\hmohammed25\AppData\Local\Android\Sdk\platform-tools\adb.exe -P 5037 -s emulator-5554 shell getprop ro.build.version.release'
&amp#27;[38;5;52m[d2f16f16]&amp#27;[0m&amp#27;[38;5;229m[ADB]&amp#27;[0m Current device property 'ro.build.version.release': 15
&amp#27;[38;5;52m[d2f16f16]&amp#27;[0m&amp#27;[38;5;-74m[AndroidUiautomator2Driver@e17b]&amp#27;[0m Using device: emulator-5554
&amp#27;[38;5;52m[d2f16f16]&amp#27;[0m&amp#27;[38;5;229m[ADB]&amp#27;[0m Using 'adb.exe' from 'C:\Users\hmohammed25\AppData\Local\Android\Sdk\platform-tools\adb.exe'
&amp#27;[38;5;52m[d2f16f16]&amp#27;[0m&amp#27;[38;5;229m[ADB]&amp#27;[0m Running 'C:\Users\hmohammed25\AppData\Local\Android\Sdk\platform-tools\adb.exe -P 5037 start-server'
&amp#27;[38;5;52m[d2f16f16]&amp#27;[0m&amp#27;[38;5;229m[ADB]&amp#27;[0m Setting device id to emulator-5554
&amp#27;[38;5;52m[d2f16f16]&amp#27;[0m&amp#27;[38;5;123m[BaseDriver]&amp#27;[0m Using local app 'C:\Users\hmohammed25\OneDrive - DXC Production\Documents\New folder\AppiumFrameWork/src/test/resources/General-Store.apk'
&amp#27;[38;5;52m[d2f16f16]&amp#27;[0m&amp#27;[38;5;-74m[AndroidUiautomator2Driver@e17b]&amp#27;[0m Checking whether app is actually present
&amp#27;[38;5;52m[d2f16f16]&amp#27;[0m&amp#27;[38;5;229m[ADB]&amp#27;[0m Running 'C:\Users\hmohammed25\AppData\Local\Android\Sdk\platform-tools\adb.exe -P 5037 -s emulator-5554 shell getprop ro.build.version.sdk'
&amp#27;[38;5;52m[d2f16f16]&amp#27;[0m&amp#27;[38;5;229m[ADB]&amp#27;[0m Current device property 'ro.build.version.sdk': 35
&amp#27;[38;5;52m[d2f16f16]&amp#27;[0m&amp#27;[38;5;229m[ADB]&amp#27;[0m Getting device platform version
&amp#27;[38;5;52m[d2f16f16]&amp#27;[0m&amp#27;[38;5;229m[ADB]&amp#27;[0m Running 'C:\Users\hmohammed25\AppData\Local\Android\Sdk\platform-tools\adb.exe -P 5037 -s emulator-5554 shell getprop ro.build.version.release'
&amp#27;[38;5;52m[d2f16f16]&amp#27;[0m&amp#27;[38;5;229m[ADB]&amp#27;[0m Current device property 'ro.build.version.release': 15
&amp#27;[38;5;52m[d2f16f16]&amp#27;[0m&amp#27;[38;5;229m[ADB]&amp#27;[0m Device API level: 35
&amp#27;[38;5;52m[d2f16f16]&amp#27;[0m&amp#27;[38;5;-74m[AndroidUiautomator2Driver@e17b]&amp#27;[0m Relaxing hidden api policy
&amp#27;[38;5;52m[d2f16f16]&amp#27;[0m&amp#27;[38;5;229m[ADB]&amp#27;[0m Running 'C:\Users\hmohammed25\AppData\Local\Android\Sdk\platform-tools\adb.exe -P 5037 -s emulator-5554 shell 'settings put global hidden_api_policy_pre_p_apps 1;settings put global hidden_api_policy_p_apps 1;settings put global hidden_api_policy 1''
&amp#27;[38;5;52m[d2f16f16]&amp#27;[0m&amp#27;[38;5;-74m[AndroidUiautomator2Driver@e17b]&amp#27;[0m Parsing package and activity from app manifest
&amp#27;[38;5;52m[d2f16f16]&amp#27;[0m&amp#27;[38;5;229m[ADB]&amp#27;[0m Running 'C:\Users\hmohammed25\AppData\Local\Android\Sdk\platform-tools\adb.exe -P 5037 -s emulator-5554 wait-for-device'
&amp#27;[38;5;52m[d2f16f16]&amp#27;[0m&amp#27;[38;5;229m[ADB]&amp#27;[0m Using 'aapt2.exe' from 'C:\Users\hmohammed25\AppData\Local\Android\Sdk\build-tools\35.0.0\aapt2.exe'
&amp#27;[38;5;52m[d2f16f16]&amp#27;[0m&amp#27;[38;5;229m[ADB]&amp#27;[0m Reading package manifest: 'C:\\Users\\hmohammed25\\AppData\\Local\\Android\\Sdk\\build-tools\\35.0.0\\aapt2.exe dump badging 'C:\\Users\\hmohammed25\\OneDrive - DXC Production\\Documents\\New folder\\AppiumFrameWork/src/test/resources/General-Store.apk''
&amp#27;[38;5;52m[d2f16f16]&amp#27;[0m&amp#27;[38;5;229m[ADB]&amp#27;[0m Running 'C:\Users\hmohammed25\AppData\Local\Android\Sdk\platform-tools\adb.exe -P 5037 -s emulator-5554 shell echo ping'
&amp#27;[38;5;52m[d2f16f16]&amp#27;[0m&amp#27;[38;5;229m[ADB]&amp#27;[0m Package name: 'com.androidsample.generalstore'
&amp#27;[38;5;52m[d2f16f16]&amp#27;[0m&amp#27;[38;5;229m[ADB]&amp#27;[0m Main activity name: 'com.androidsample.generalstore.SplashActivity'
&amp#27;[38;5;52m[d2f16f16]&amp#27;[0m&amp#27;[38;5;-74m[AndroidUiautomator2Driver@e17b]&amp#27;[0m Parsed package and activity are: com.androidsample.generalstore/com.androidsample.generalstore.SplashActivity
&amp#27;[38;5;52m[d2f16f16]&amp#27;[0m&amp#27;[38;5;-74m[AndroidUiautomator2Driver@e17b]&amp#27;[0m Pushing settings apk to the device...
&amp#27;[38;5;52m[d2f16f16]&amp#27;[0m&amp#27;[38;5;229m[ADB]&amp#27;[0m Getting package info for 'io.appium.settings'
&amp#27;[38;5;52m[d2f16f16]&amp#27;[0m&amp#27;[38;5;229m[ADB]&amp#27;[0m Running 'C:\Users\hmohammed25\AppData\Local\Android\Sdk\platform-tools\adb.exe -P 5037 -s emulator-5554 shell dumpsys package io.appium.settings'
&amp#27;[38;5;52m[d2f16f16]&amp#27;[0m&amp#27;[38;5;229m[ADB]&amp#27;[0m Reading package manifest: 'C:\\Users\\hmohammed25\\AppData\\Local\\Android\\Sdk\\build-tools\\35.0.0\\aapt2.exe dump badging C:\\Users\\hmohammed25\\.appium\\node_modules\\appium-uiautomator2-driver\\node_modules\\io.appium.settings\\apks\\settings_apk-debug.apk'
&amp#27;[38;5;52m[d2f16f16]&amp#27;[0m&amp#27;[38;5;229m[ADB]&amp#27;[0m The version name of the installed 'io.appium.settings' is greater or equal to the application version name ('5.12.7' >= '5.12.7')
&amp#27;[38;5;52m[d2f16f16]&amp#27;[0m&amp#27;[38;5;229m[ADB]&amp#27;[0m There is no need to install/upgrade 'C:\Users\hmohammed25\.appium\node_modules\appium-uiautomator2-driver\node_modules\io.appium.settings\apks\settings_apk-debug.apk'
&amp#27;[38;5;52m[d2f16f16]&amp#27;[0m&amp#27;[38;5;229m[ADB]&amp#27;[0m Running 'C:\Users\hmohammed25\AppData\Local\Android\Sdk\platform-tools\adb.exe -P 5037 -s emulator-5554 shell dumpsys activity services io.appium.settings'
&amp#27;[38;5;52m[d2f16f16]&amp#27;[0m&amp#27;[38;5;-74m[AndroidUiautomator2Driver@e17b]&amp#27;[0m io.appium.settings is already running. There is no need to reset its permissions.
&amp#27;[38;5;52m[d2f16f16]&amp#27;[0m&amp#27;[38;5;160m[Logcat]&amp#27;[0m Starting logs capture with command: C:\\Users\\hmohammed25\\AppData\\Local\\Android\\Sdk\\platform-tools\\adb.exe -P 5037 -s emulator-5554 logcat -v threadtime
&amp#27;[38;5;52m[d2f16f16]&amp#27;[0m&amp#27;[38;5;-74m[AndroidUiautomator2Driver@e17b]&amp#27;[0m Forwarding UiAutomator2 Server port 6790 to local port 8200
&amp#27;[38;5;52m[d2f16f16]&amp#27;[0m&amp#27;[38;5;229m[ADB]&amp#27;[0m Forwarding system: 8200 to device: 6790
&amp#27;[38;5;52m[d2f16f16]&amp#27;[0m&amp#27;[38;5;229m[ADB]&amp#27;[0m Running 'C:\Users\hmohammed25\AppData\Local\Android\Sdk\platform-tools\adb.exe -P 5037 -s emulator-5554 forward tcp:8200 tcp:6790'
&amp#27;[38;5;52m[d2f16f16]&amp#27;[0m&amp#27;[38;5;229m[ADB]&amp#27;[0m Getting package info for 'io.appium.uiautomator2.server'
&amp#27;[38;5;52m[d2f16f16]&amp#27;[0m&amp#27;[38;5;229m[ADB]&amp#27;[0m Running 'C:\Users\hmohammed25\AppData\Local\Android\Sdk\platform-tools\adb.exe -P 5037 -s emulator-5554 shell dumpsys package io.appium.uiautomator2.server'
&amp#27;[38;5;52m[d2f16f16]&amp#27;[0m&amp#27;[38;5;229m[ADB]&amp#27;[0m Getting install status for io.appium.uiautomator2.server.test
&amp#27;[38;5;52m[d2f16f16]&amp#27;[0m&amp#27;[38;5;229m[ADB]&amp#27;[0m Checking app cert for C:\Users\hmohammed25\OneDrive - DXC Production\Documents\New folder\AppiumFrameWork/src/test/resources/General-Store.apk
&amp#27;[38;5;52m[d2f16f16]&amp#27;[0m&amp#27;[38;5;229m[ADB]&amp#27;[0m Running 'C:\Users\hmohammed25\AppData\Local\Android\Sdk\platform-tools\adb.exe -P 5037 -s emulator-5554 shell cmd package list packages'
&amp#27;[38;5;52m[d2f16f16]&amp#27;[0m&amp#27;[38;5;229m[ADB]&amp#27;[0m Using 'apksigner.jar' from 'C:\Users\hmohammed25\AppData\Local\Android\Sdk\build-tools\35.0.0\lib\apksigner.jar'
&amp#27;[38;5;52m[d2f16f16]&amp#27;[0m&amp#27;[38;5;229m[ADB]&amp#27;[0m Starting apksigner: 'C:\\Program Files\\Java\\jdk-21\\bin\\java.exe' -Xmx1024M -Xss1m -jar C:\\Users\\hmohammed25\\AppData\\Local\\Android\\Sdk\\build-tools\\35.0.0\\lib\\apksigner.jar verify --print-certs 'C:\\Users\\hmohammed25\\OneDrive - DXC Production\\Documents\\New folder\\AppiumFrameWork/src/test/resources/General-Store.apk'
&amp#27;[38;5;52m[d2f16f16]&amp#27;[0m&amp#27;[38;5;229m[ADB]&amp#27;[0m Reading package manifest: 'C:\\Users\\hmohammed25\\AppData\\Local\\Android\\Sdk\\build-tools\\35.0.0\\aapt2.exe dump badging C:\\Users\\hmohammed25\\.appium\\node_modules\\appium-uiautomator2-driver\\node_modules\\appium-uiautomator2-server\\apks\\appium-uiautomator2-server-v7.0.20.apk'
&amp#27;[38;5;52m[d2f16f16]&amp#27;[0m&amp#27;[38;5;229m[ADB]&amp#27;[0m 'io.appium.uiautomator2.server.test' is installed
&amp#27;[38;5;52m[d2f16f16]&amp#27;[0m&amp#27;[38;5;229m[ADB]&amp#27;[0m The version name of the installed 'io.appium.uiautomator2.server' is greater or equal to the application version name ('7.0.20' >= '7.0.20')
&amp#27;[38;5;52m[d2f16f16]&amp#27;[0m&amp#27;[38;5;-74m[AndroidUiautomator2Driver@e17b]&amp#27;[0m Server packages status: [{"installState":"sameVersionInstalled","appPath":"C:\\Users\\hmohammed25\\.appium\\node_modules\\appium-uiautomator2-driver\\node_modules\\appium-uiautomator2-server\\apks\\appium-uiautomator2-server-v7.0.20.apk","appId":"io.appium.uiautomator2.server"},{"installState":"sameVersionInstalled","appPath":"C:\\Users\\hmohammed25\\.appium\\node_modules\\appium-uiautomator2-driver\\node_modules\\appium-uiautomator2-server\\apks\\appium-uiautomator2-server-debug-androidTest.apk","appId":"io.appium.uiautomator2.server.test"}]
&amp#27;[38;5;52m[d2f16f16]&amp#27;[0m&amp#27;[38;5;-74m[AndroidUiautomator2Driver@e17b]&amp#27;[0m Server packages are not going to be (re)installed
&amp#27;[38;5;52m[d2f16f16]&amp#27;[0m&amp#27;[38;5;-74m[AndroidUiautomator2Driver@e17b]&amp#27;[0m Waiting up to 30000ms for services to be available
&amp#27;[38;5;52m[d2f16f16]&amp#27;[0m&amp#27;[38;5;229m[ADB]&amp#27;[0m Running 'C:\Users\hmohammed25\AppData\Local\Android\Sdk\platform-tools\adb.exe -P 5037 -s emulator-5554 shell pm list instrumentation'
&amp#27;[38;5;52m[d2f16f16]&amp#27;[0m&amp#27;[38;5;-74m[AndroidUiautomator2Driver@e17b]&amp#27;[0m Instrumentation target 'io.appium.uiautomator2.server.test/androidx.test.runner.AndroidJUnitRunner' is available
&amp#27;[38;5;52m[d2f16f16]&amp#27;[0m&amp#27;[38;5;229m[ADB]&amp#27;[0m Adding packages ["io.appium.settings","io.appium.uiautomator2.server","io.appium.uiautomator2.server.test"] to Doze whitelist
&amp#27;[38;5;52m[d2f16f16]&amp#27;[0m&amp#27;[38;5;229m[ADB]&amp#27;[0m Got the following command chunks to execute: [["dumpsys","deviceidle","whitelist","+io.appium.settings",";","dumpsys","deviceidle","whitelist","+io.appium.uiautomator2.server",";","dumpsys","deviceidle","whitelist","+io.appium.uiautomator2.server.test",";"]]
&amp#27;[38;5;52m[d2f16f16]&amp#27;[0m&amp#27;[38;5;229m[ADB]&amp#27;[0m Running 'C:\Users\hmohammed25\AppData\Local\Android\Sdk\platform-tools\adb.exe -P 5037 -s emulator-5554 shell dumpsys deviceidle whitelist +io.appium.settings ; dumpsys deviceidle whitelist +io.appium.uiautomator2.server ; dumpsys deviceidle whitelist +io.appium.uiautomator2.server.test ;'
&amp#27;[38;5;52m[d2f16f16]&amp#27;[0m&amp#27;[38;5;229m[ADB]&amp#27;[0m apksigner stdout: Signer #1 certificate DN: EMAILADDRESS=android@android.com, CN=Android, OU=Android, O=Android, L=Mountain View, ST=California, C=US
Signer #1 certificate SHA-256 digest: a40da80a59d170caa950cf15c18c454d47a39b26989d8b640ecd745ba71bf5dc
Signer #1 certificate SHA-1 digest: 61ed377e85d386a8dfee6b864bd85b0bfaa5af81
Signer #1 certificate MD5 digest: e89b158e4bcf988ebd09eb83f5378e87

&amp#27;[38;5;52m[d2f16f16]&amp#27;[0m&amp#27;[38;5;229m[ADB]&amp#27;[0m sha256 hash did match for 'General-Store.apk'
&amp#27;[38;5;52m[d2f16f16]&amp#27;[0m&amp#27;[38;5;229m[ADB]&amp#27;[0m 'C:\Users\hmohammed25\OneDrive - DXC Production\Documents\New folder\AppiumFrameWork/src/test/resources/General-Store.apk' is signed with the default certificate
&amp#27;[38;5;52m[d2f16f16]&amp#27;[0m&amp#27;[38;5;229m[ADB]&amp#27;[0m Getting package info for 'com.androidsample.generalstore'
&amp#27;[38;5;52m[d2f16f16]&amp#27;[0m&amp#27;[38;5;229m[ADB]&amp#27;[0m Running 'C:\Users\hmohammed25\AppData\Local\Android\Sdk\platform-tools\adb.exe -P 5037 -s emulator-5554 shell dumpsys package com.androidsample.generalstore'
&amp#27;[38;5;52m[d2f16f16]&amp#27;[0m&amp#27;[38;5;229m[ADB]&amp#27;[0m Reading package manifest: 'C:\\Users\\hmohammed25\\AppData\\Local\\Android\\Sdk\\build-tools\\35.0.0\\aapt2.exe dump badging 'C:\\Users\\hmohammed25\\OneDrive - DXC Production\\Documents\\New folder\\AppiumFrameWork/src/test/resources/General-Store.apk''
&amp#27;[38;5;52m[d2f16f16]&amp#27;[0m&amp#27;[38;5;229m[ADB]&amp#27;[0m The version name of the installed 'com.androidsample.generalstore' is greater or equal to the application version name ('1.0.0' >= '1.0.0')
&amp#27;[38;5;52m[d2f16f16]&amp#27;[0m&amp#27;[38;5;229m[ADB]&amp#27;[0m There is no need to install/upgrade 'C:\Users\hmohammed25\OneDrive - DXC Production\Documents\New folder\AppiumFrameWork/src/test/resources/General-Store.apk'
&amp#27;[38;5;52m[d2f16f16]&amp#27;[0m&amp#27;[38;5;-74m[AndroidUiautomator2Driver@e17b]&amp#27;[0m Performing fast reset on 'com.androidsample.generalstore'
&amp#27;[38;5;52m[d2f16f16]&amp#27;[0m&amp#27;[38;5;229m[ADB]&amp#27;[0m Getting install status for com.androidsample.generalstore
&amp#27;[38;5;52m[d2f16f16]&amp#27;[0m&amp#27;[38;5;229m[ADB]&amp#27;[0m Running 'C:\Users\hmohammed25\AppData\Local\Android\Sdk\platform-tools\adb.exe -P 5037 -s emulator-5554 shell cmd package list packages'
&amp#27;[38;5;52m[d2f16f16]&amp#27;[0m&amp#27;[38;5;229m[ADB]&amp#27;[0m 'com.androidsample.generalstore' is installed
&amp#27;[38;5;52m[d2f16f16]&amp#27;[0m&amp#27;[38;5;229m[ADB]&amp#27;[0m Running 'C:\Users\hmohammed25\AppData\Local\Android\Sdk\platform-tools\adb.exe -P 5037 -s emulator-5554 shell am force-stop com.androidsample.generalstore'
&amp#27;[38;5;52m[d2f16f16]&amp#27;[0m&amp#27;[38;5;229m[ADB]&amp#27;[0m Running 'C:\Users\hmohammed25\AppData\Local\Android\Sdk\platform-tools\adb.exe -P 5037 -s emulator-5554 shell pm clear com.androidsample.generalstore'
&amp#27;[38;5;52m[d2f16f16]&amp#27;[0m&amp#27;[38;5;-74m[AndroidUiautomator2Driver@e17b]&amp#27;[0m Performed fast reset on the installed 'com.androidsample.generalstore' application (stop and clear)
&amp#27;[38;5;52m[d2f16f16]&amp#27;[0m&amp#27;[38;5;-74m[AndroidUiautomator2Driver@e17b]&amp#27;[0m Performing shallow cleanup of automation leftovers
&amp#27;[38;5;52m[d2f16f16]&amp#27;[0m&amp#27;[38;5;-74m[AndroidUiautomator2Driver@e17b]&amp#27;[0m No obsolete sessions have been detected (socket hang up)
&amp#27;[38;5;52m[d2f16f16]&amp#27;[0m&amp#27;[38;5;229m[ADB]&amp#27;[0m Running 'C:\Users\hmohammed25\AppData\Local\Android\Sdk\platform-tools\adb.exe -P 5037 -s emulator-5554 shell am force-stop io.appium.uiautomator2.server'
&amp#27;[38;5;52m[d2f16f16]&amp#27;[0m&amp#27;[38;5;229m[ADB]&amp#27;[0m Running 'C:\Users\hmohammed25\AppData\Local\Android\Sdk\platform-tools\adb.exe -P 5037 -s emulator-5554 shell am force-stop io.appium.uiautomator2.server.test'
&amp#27;[38;5;52m[d2f16f16]&amp#27;[0m&amp#27;[38;5;-74m[AndroidUiautomator2Driver@e17b]&amp#27;[0m Starting UIAutomator2 server 7.0.20
&amp#27;[38;5;52m[d2f16f16]&amp#27;[0m&amp#27;[38;5;-74m[AndroidUiautomator2Driver@e17b]&amp#27;[0m Using UIAutomator2 server from 'C:\Users\hmohammed25\.appium\node_modules\appium-uiautomator2-driver\node_modules\appium-uiautomator2-server\apks\appium-uiautomator2-server-v7.0.20.apk' and test from 'C:\Users\hmohammed25\.appium\node_modules\appium-uiautomator2-driver\node_modules\appium-uiautomator2-server\apks\appium-uiautomator2-server-debug-androidTest.apk'
&amp#27;[38;5;52m[d2f16f16]&amp#27;[0m&amp#27;[38;5;-74m[AndroidUiautomator2Driver@e17b]&amp#27;[0m Waiting up to 30000ms for UiAutomator2 to be online...
&amp#27;[38;5;52m[d2f16f16]&amp#27;[0m&amp#27;[38;5;229m[ADB]&amp#27;[0m Creating ADB subprocess with args: ["-P","5037","-s","emulator-5554","shell","am","instrument","-w","-e","disableAnalytics","true","io.appium.uiautomator2.server.test/androidx.test.runner.AndroidJUnitRunner"]
&amp#27;[38;5;52m[d2f16f16]&amp#27;[0m&amp#27;[38;5;-74m[AndroidUiautomator2Driver@e17b]&amp#27;[0m Matched '/status' to command name 'getStatus'
&amp#27;[38;5;52m[d2f16f16]&amp#27;[0m&amp#27;[38;5;-74m[AndroidUiautomator2Driver@e17b]&amp#27;[0m Proxying [GET /status] to [GET http://127.0.0.1:8200/status] with no body
&amp#27;[38;5;52m[d2f16f16]&amp#27;[0m&amp#27;[38;5;-74m[AndroidUiautomator2Driver@e17b]&amp#27;[0m socket hang up
&amp#27;[38;5;52m[d2f16f16]&amp#27;[0m&amp#27;[38;5;-74m[AndroidUiautomator2Driver@e17b]&amp#27;[0m Matched '/status' to command name 'getStatus'
&amp#27;[38;5;52m[d2f16f16]&amp#27;[0m&amp#27;[38;5;-74m[AndroidUiautomator2Driver@e17b]&amp#27;[0m Proxying [GET /status] to [GET http://127.0.0.1:8200/status] with no body
&amp#27;[38;5;52m[d2f16f16]&amp#27;[0m&amp#27;[38;5;-74m[AndroidUiautomator2Driver@e17b]&amp#27;[0m socket hang up
&amp#27;[38;5;52m[d2f16f16]&amp#27;[0m&amp#27;[38;5;-74m[AndroidUiautomator2Driver@e17b]&amp#27;[0m Matched '/status' to command name 'getStatus'
&amp#27;[38;5;52m[d2f16f16]&amp#27;[0m&amp#27;[38;5;-74m[AndroidUiautomator2Driver@e17b]&amp#27;[0m Proxying [GET /status] to [GET http://127.0.0.1:8200/status] with no body
&amp#27;[38;5;52m[d2f16f16]&amp#27;[0m&amp#27;[38;5;-74m[AndroidUiautomator2Driver@e17b]&amp#27;[0m socket hang up
&amp#27;[38;5;52m[d2f16f16]&amp#27;[0m&amp#27;[38;5;-74m[AndroidUiautomator2Driver@e17b]&amp#27;[0m Matched '/status' to command name 'getStatus'
&amp#27;[38;5;52m[d2f16f16]&amp#27;[0m&amp#27;[38;5;-74m[AndroidUiautomator2Driver@e17b]&amp#27;[0m Proxying [GET /status] to [GET http://127.0.0.1:8200/status] with no body
&amp#27;[38;5;52m[d2f16f16]&amp#27;[0m&amp#27;[38;5;-74m[AndroidUiautomator2Driver@e17b]&amp#27;[0m socket hang up
&amp#27;[38;5;52m[d2f16f16]&amp#27;[0m&amp#27;[38;5;-74m[AndroidUiautomator2Driver@e17b]&amp#27;[0m Matched '/status' to command name 'getStatus'
&amp#27;[38;5;52m[d2f16f16]&amp#27;[0m&amp#27;[38;5;-74m[AndroidUiautomator2Driver@e17b]&amp#27;[0m Proxying [GET /status] to [GET http://127.0.0.1:8200/status] with no body
&amp#27;[38;5;52m[d2f16f16]&amp#27;[0m&amp#27;[38;5;-74m[AndroidUiautomator2Driver@e17b]&amp#27;[0m socket hang up
&amp#27;[38;5;52m[d2f16f16]&amp#27;[0m&amp#27;[38;5;-74m[AndroidUiautomator2Driver@e17b]&amp#27;[0m Matched '/status' to command name 'getStatus'
&amp#27;[38;5;52m[d2f16f16]&amp#27;[0m&amp#27;[38;5;-74m[AndroidUiautomator2Driver@e17b]&amp#27;[0m Proxying [GET /status] to [GET http://127.0.0.1:8200/status] with no body
&amp#27;[38;5;52m[d2f16f16]&amp#27;[0m&amp#27;[38;5;-74m[AndroidUiautomator2Driver@e17b]&amp#27;[0m socket hang up
&amp#27;[38;5;52m[d2f16f16]&amp#27;[0m&amp#27;[38;5;-74m[AndroidUiautomator2Driver@e17b]&amp#27;[0m Matched '/status' to command name 'getStatus'
&amp#27;[38;5;52m[d2f16f16]&amp#27;[0m&amp#27;[38;5;-74m[AndroidUiautomator2Driver@e17b]&amp#27;[0m Proxying [GET /status] to [GET http://127.0.0.1:8200/status] with no body
&amp#27;[38;5;52m[d2f16f16]&amp#27;[0m&amp#27;[38;5;-74m[AndroidUiautomator2Driver@e17b]&amp#27;[0m socket hang up
&amp#27;[38;5;52m[d2f16f16]&amp#27;[0m&amp#27;[38;5;-74m[AndroidUiautomator2Driver@e17b]&amp#27;[0m Matched '/status' to command name 'getStatus'
&amp#27;[38;5;52m[d2f16f16]&amp#27;[0m&amp#27;[38;5;-74m[AndroidUiautomator2Driver@e17b]&amp#27;[0m Proxying [GET /status] to [GET http://127.0.0.1:8200/status] with no body
&amp#27;[38;5;52m[d2f16f16]&amp#27;[0m&amp#27;[38;5;-74m[AndroidUiautomator2Driver@e17b]&amp#27;[0m socket hang up
&amp#27;[38;5;52m[d2f16f16]&amp#27;[0m&amp#27;[38;5;-74m[AndroidUiautomator2Driver@e17b]&amp#27;[0m Matched '/status' to command name 'getStatus'
&amp#27;[38;5;52m[d2f16f16]&amp#27;[0m&amp#27;[38;5;-74m[AndroidUiautomator2Driver@e17b]&amp#27;[0m Proxying [GET /status] to [GET http://127.0.0.1:8200/status] with no body
&amp#27;[38;5;52m[d2f16f16]&amp#27;[0m&amp#27;[38;5;-74m[AndroidUiautomator2Driver@e17b]&amp#27;[0m socket hang up
&amp#27;[38;5;52m[d2f16f16]&amp#27;[0m&amp#27;[38;5;-74m[AndroidUiautomator2Driver@e17b]&amp#27;[0m Matched '/status' to command name 'getStatus'
&amp#27;[38;5;52m[d2f16f16]&amp#27;[0m&amp#27;[38;5;-74m[AndroidUiautomator2Driver@e17b]&amp#27;[0m Proxying [GET /status] to [GET http://127.0.0.1:8200/status] with no body
&amp#27;[38;5;52m[d2f16f16]&amp#27;[0m&amp#27;[38;5;-74m[AndroidUiautomator2Driver@e17b]&amp#27;[0m socket hang up
&amp#27;[38;5;52m[d2f16f16]&amp#27;[0m&amp#27;[38;5;-74m[AndroidUiautomator2Driver@e17b]&amp#27;[0m Matched '/status' to command name 'getStatus'
&amp#27;[38;5;52m[d2f16f16]&amp#27;[0m&amp#27;[38;5;-74m[AndroidUiautomator2Driver@e17b]&amp#27;[0m Proxying [GET /status] to [GET http://127.0.0.1:8200/status] with no body
&amp#27;[38;5;52m[d2f16f16]&amp#27;[0m&amp#27;[38;5;-74m[AndroidUiautomator2Driver@e17b]&amp#27;[0m socket hang up
&amp#27;[38;5;52m[d2f16f16]&amp#27;[0m&amp#27;[38;5;-74m[AndroidUiautomator2Driver@e17b]&amp#27;[0m Matched '/status' to command name 'getStatus'
&amp#27;[38;5;52m[d2f16f16]&amp#27;[0m&amp#27;[38;5;-74m[AndroidUiautomator2Driver@e17b]&amp#27;[0m Proxying [GET /status] to [GET http://127.0.0.1:8200/status] with no body
&amp#27;[38;5;52m[d2f16f16]&amp#27;[0m&amp#27;[38;5;-74m[AndroidUiautomator2Driver@e17b]&amp#27;[0m socket hang up
&amp#27;[38;5;52m[d2f16f16]&amp#27;[0m&amp#27;[38;5;-74m[AndroidUiautomator2Driver@e17b]&amp#27;[0m Matched '/status' to command name 'getStatus'
&amp#27;[38;5;52m[d2f16f16]&amp#27;[0m&amp#27;[38;5;-74m[AndroidUiautomator2Driver@e17b]&amp#27;[0m Proxying [GET /status] to [GET http://127.0.0.1:8200/status] with no body
&amp#27;[38;5;52m[d2f16f16]&amp#27;[0m&amp#27;[38;5;-74m[AndroidUiautomator2Driver@e17b]&amp#27;[0m socket hang up
&amp#27;[38;5;52m[d2f16f16]&amp#27;[0m&amp#27;[38;5;-74m[AndroidUiautomator2Driver@e17b]&amp#27;[0m Matched '/status' to command name 'getStatus'
&amp#27;[38;5;52m[d2f16f16]&amp#27;[0m&amp#27;[38;5;-74m[AndroidUiautomator2Driver@e17b]&amp#27;[0m Proxying [GET /status] to [GET http://127.0.0.1:8200/status] with no body
&amp#27;[38;5;52m[d2f16f16]&amp#27;[0m&amp#27;[38;5;-74m[AndroidUiautomator2Driver@e17b]&amp#27;[0m socket hang up
&amp#27;[38;5;52m[d2f16f16]&amp#27;[0m&amp#27;[38;5;-74m[AndroidUiautomator2Driver@e17b]&amp#27;[0m Matched '/status' to command name 'getStatus'
&amp#27;[38;5;52m[d2f16f16]&amp#27;[0m&amp#27;[38;5;-74m[AndroidUiautomator2Driver@e17b]&amp#27;[0m Proxying [GET /status] to [GET http://127.0.0.1:8200/status] with no body
&amp#27;[38;5;52m[d2f16f16]&amp#27;[0m&amp#27;[38;5;-74m[AndroidUiautomator2Driver@e17b]&amp#27;[0m socket hang up
&amp#27;[38;5;52m[d2f16f16]&amp#27;[0m&amp#27;[38;5;-74m[AndroidUiautomator2Driver@e17b]&amp#27;[0m Matched '/status' to command name 'getStatus'
&amp#27;[38;5;52m[d2f16f16]&amp#27;[0m&amp#27;[38;5;-74m[AndroidUiautomator2Driver@e17b]&amp#27;[0m Proxying [GET /status] to [GET http://127.0.0.1:8200/status] with no body
&amp#27;[38;5;52m[d2f16f16]&amp#27;[0m&amp#27;[38;5;-74m[AndroidUiautomator2Driver@e17b]&amp#27;[0m socket hang up
&amp#27;[38;5;52m[d2f16f16]&amp#27;[0m&amp#27;[38;5;-74m[AndroidUiautomator2Driver@e17b]&amp#27;[0m [Instrumentation] 
&amp#27;[38;5;52m[d2f16f16]&amp#27;[0m&amp#27;[38;5;-74m[AndroidUiautomator2Driver@e17b]&amp#27;[0m Matched '/status' to command name 'getStatus'
&amp#27;[38;5;52m[d2f16f16]&amp#27;[0m&amp#27;[38;5;-74m[AndroidUiautomator2Driver@e17b]&amp#27;[0m Proxying [GET /status] to [GET http://127.0.0.1:8200/status] with no body
&amp#27;[38;5;52m[d2f16f16]&amp#27;[0m&amp#27;[38;5;-74m[AndroidUiautomator2Driver@e17b]&amp#27;[0m socket hang up
&amp#27;[38;5;52m[d2f16f16]&amp#27;[0m&amp#27;[38;5;-74m[AndroidUiautomator2Driver@e17b]&amp#27;[0m Matched '/status' to command name 'getStatus'
&amp#27;[38;5;52m[d2f16f16]&amp#27;[0m&amp#27;[38;5;-74m[AndroidUiautomator2Driver@e17b]&amp#27;[0m Proxying [GET /status] to [GET http://127.0.0.1:8200/status] with no body
&amp#27;[38;5;52m[d2f16f16]&amp#27;[0m&amp#27;[38;5;-74m[AndroidUiautomator2Driver@e17b]&amp#27;[0m socket hang up
&amp#27;[38;5;52m[d2f16f16]&amp#27;[0m&amp#27;[38;5;-74m[AndroidUiautomator2Driver@e17b]&amp#27;[0m Matched '/status' to command name 'getStatus'
&amp#27;[38;5;52m[d2f16f16]&amp#27;[0m&amp#27;[38;5;-74m[AndroidUiautomator2Driver@e17b]&amp#27;[0m Proxying [GET /status] to [GET http://127.0.0.1:8200/status] with no body
&amp#27;[38;5;52m[d2f16f16]&amp#27;[0m&amp#27;[38;5;-74m[AndroidUiautomator2Driver@e17b]&amp#27;[0m socket hang up
&amp#27;[38;5;52m[d2f16f16]&amp#27;[0m&amp#27;[38;5;-74m[AndroidUiautomator2Driver@e17b]&amp#27;[0m Matched '/status' to command name 'getStatus'
&amp#27;[38;5;52m[d2f16f16]&amp#27;[0m&amp#27;[38;5;-74m[AndroidUiautomator2Driver@e17b]&amp#27;[0m Proxying [GET /status] to [GET http://127.0.0.1:8200/status] with no body
&amp#27;[38;5;52m[d2f16f16]&amp#27;[0m&amp#27;[38;5;-74m[AndroidUiautomator2Driver@e17b]&amp#27;[0m socket hang up
&amp#27;[38;5;52m[d2f16f16]&amp#27;[0m&amp#27;[38;5;-74m[AndroidUiautomator2Driver@e17b]&amp#27;[0m Matched '/status' to command name 'getStatus'
&amp#27;[38;5;52m[d2f16f16]&amp#27;[0m&amp#27;[38;5;-74m[AndroidUiautomator2Driver@e17b]&amp#27;[0m Proxying [GET /status] to [GET http://127.0.0.1:8200/status] with no body
&amp#27;[38;5;52m[d2f16f16]&amp#27;[0m&amp#27;[38;5;-74m[AndroidUiautomator2Driver@e17b]&amp#27;[0m socket hang up
&amp#27;[38;5;52m[d2f16f16]&amp#27;[0m&amp#27;[38;5;-74m[AndroidUiautomator2Driver@e17b]&amp#27;[0m Matched '/status' to command name 'getStatus'
&amp#27;[38;5;52m[d2f16f16]&amp#27;[0m&amp#27;[38;5;-74m[AndroidUiautomator2Driver@e17b]&amp#27;[0m Proxying [GET /status] to [GET http://127.0.0.1:8200/status] with no body
&amp#27;[38;5;52m[d2f16f16]&amp#27;[0m&amp#27;[38;5;-74m[AndroidUiautomator2Driver@e17b]&amp#27;[0m socket hang up
&amp#27;[38;5;52m[d2f16f16]&amp#27;[0m&amp#27;[38;5;-74m[AndroidUiautomator2Driver@e17b]&amp#27;[0m Matched '/status' to command name 'getStatus'
&amp#27;[38;5;52m[d2f16f16]&amp#27;[0m&amp#27;[38;5;-74m[AndroidUiautomator2Driver@e17b]&amp#27;[0m Proxying [GET /status] to [GET http://127.0.0.1:8200/status] with no body
&amp#27;[38;5;52m[d2f16f16]&amp#27;[0m&amp#27;[38;5;-74m[AndroidUiautomator2Driver@e17b]&amp#27;[0m socket hang up
&amp#27;[38;5;52m[d2f16f16]&amp#27;[0m&amp#27;[38;5;-74m[AndroidUiautomator2Driver@e17b]&amp#27;[0m Matched '/status' to command name 'getStatus'
&amp#27;[38;5;52m[d2f16f16]&amp#27;[0m&amp#27;[38;5;-74m[AndroidUiautomator2Driver@e17b]&amp#27;[0m Proxying [GET /status] to [GET http://127.0.0.1:8200/status] with no body
&amp#27;[38;5;52m[d2f16f16]&amp#27;[0m&amp#27;[38;5;-74m[AndroidUiautomator2Driver@e17b]&amp#27;[0m socket hang up
&amp#27;[38;5;52m[d2f16f16]&amp#27;[0m&amp#27;[38;5;-74m[AndroidUiautomator2Driver@e17b]&amp#27;[0m Matched '/status' to command name 'getStatus'
&amp#27;[38;5;52m[d2f16f16]&amp#27;[0m&amp#27;[38;5;-74m[AndroidUiautomator2Driver@e17b]&amp#27;[0m Proxying [GET /status] to [GET http://127.0.0.1:8200/status] with no body
&amp#27;[38;5;52m[d2f16f16]&amp#27;[0m&amp#27;[38;5;-74m[AndroidUiautomator2Driver@e17b]&amp#27;[0m socket hang up
&amp#27;[38;5;52m[d2f16f16]&amp#27;[0m&amp#27;[38;5;-74m[AndroidUiautomator2Driver@e17b]&amp#27;[0m Matched '/status' to command name 'getStatus'
&amp#27;[38;5;52m[d2f16f16]&amp#27;[0m&amp#27;[38;5;-74m[AndroidUiautomator2Driver@e17b]&amp#27;[0m Proxying [GET /status] to [GET http://127.0.0.1:8200/status] with no body
&amp#27;[38;5;52m[d2f16f16]&amp#27;[0m&amp#27;[38;5;-74m[AndroidUiautomator2Driver@e17b]&amp#27;[0m socket hang up
&amp#27;[38;5;52m[d2f16f16]&amp#27;[0m&amp#27;[38;5;-74m[AndroidUiautomator2Driver@e17b]&amp#27;[0m Matched '/status' to command name 'getStatus'
&amp#27;[38;5;52m[d2f16f16]&amp#27;[0m&amp#27;[38;5;-74m[AndroidUiautomator2Driver@e17b]&amp#27;[0m Proxying [GET /status] to [GET http://127.0.0.1:8200/status] with no body
&amp#27;[38;5;52m[d2f16f16]&amp#27;[0m&amp#27;[38;5;-74m[AndroidUiautomator2Driver@e17b]&amp#27;[0m socket hang up
&amp#27;[38;5;52m[d2f16f16]&amp#27;[0m&amp#27;[38;5;-74m[AndroidUiautomator2Driver@e17b]&amp#27;[0m Matched '/status' to command name 'getStatus'
&amp#27;[38;5;52m[d2f16f16]&amp#27;[0m&amp#27;[38;5;-74m[AndroidUiautomator2Driver@e17b]&amp#27;[0m Proxying [GET /status] to [GET http://127.0.0.1:8200/status] with no body
&amp#27;[38;5;52m[d2f16f16]&amp#27;[0m&amp#27;[38;5;-74m[AndroidUiautomator2Driver@e17b]&amp#27;[0m socket hang up
&amp#27;[38;5;52m[d2f16f16]&amp#27;[0m&amp#27;[38;5;-74m[AndroidUiautomator2Driver@e17b]&amp#27;[0m [Instrumentation] io.appium.uiautomator2.server.test.AppiumUiAutomator2Server:INSTRUMENTATION_ABORTED: System has crashed.
&amp#27;[38;5;52m[d2f16f16]&amp#27;[0m&amp#27;[38;5;-74m[AndroidUiautomator2Driver@e17b]&amp#27;[0m Matched '/status' to command name 'getStatus'
&amp#27;[38;5;52m[d2f16f16]&amp#27;[0m&amp#27;[38;5;-74m[AndroidUiautomator2Driver@e17b]&amp#27;[0m Proxying [GET /status] to [GET http://127.0.0.1:8200/status] with no body
&amp#27;[38;5;52m[d2f16f16]&amp#27;[0m&amp#27;[38;5;-74m[AndroidUiautomator2Driver@e17b]&amp#27;[0m socket hang up
&amp#27;[38;5;52m[d2f16f16]&amp#27;[0m&amp#27;[38;5;-74m[AndroidUiautomator2Driver@e17b]&amp#27;[0m Matched '/status' to command name 'getStatus'
&amp#27;[38;5;52m[d2f16f16]&amp#27;[0m&amp#27;[38;5;-74m[AndroidUiautomator2Driver@e17b]&amp#27;[0m Proxying [GET /status] to [GET http://127.0.0.1:8200/status] with no body
&amp#27;[38;5;52m[d2f16f16]&amp#27;[0m&amp#27;[38;5;-74m[AndroidUiautomator2Driver@e17b]&amp#27;[0m socket hang up
&amp#27;[38;5;52m[d2f16f16]&amp#27;[0m&amp#27;[38;5;-74m[AndroidUiautomator2Driver@e17b]&amp#27;[0m [Instrumentation] The process has exited with code 0, signal null
&amp#27;[38;5;52m[d2f16f16]&amp#27;[0m&amp#27;[38;5;-74m[AndroidUiautomator2Driver@e17b]&amp#27;[0m The instrumentation process has been unexpectedly terminated. Retrying UiAutomator2 startup (#1 of 1)
&amp#27;[38;5;52m[d2f16f16]&amp#27;[0m&amp#27;[38;5;-74m[AndroidUiautomator2Driver@e17b]&amp#27;[0m Performing strict cleanup of automation leftovers
&amp#27;[38;5;52m[d2f16f16]&amp#27;[0m&amp#27;[38;5;-74m[AndroidUiautomator2Driver@e17b]&amp#27;[0m No obsolete sessions have been detected (socket hang up)
&amp#27;[38;5;52m[d2f16f16]&amp#27;[0m&amp#27;[38;5;229m[ADB]&amp#27;[0m Running 'C:\Users\hmohammed25\AppData\Local\Android\Sdk\platform-tools\adb.exe -P 5037 -s emulator-5554 shell am force-stop io.appium.uiautomator2.server'
&amp#27;[38;5;52m[d2f16f16]&amp#27;[0m&amp#27;[38;5;229m[ADB]&amp#27;[0m Running 'C:\Users\hmohammed25\AppData\Local\Android\Sdk\platform-tools\adb.exe -P 5037 -s emulator-5554 shell am force-stop io.appium.uiautomator2.server.test'
&amp#27;[38;5;52m[d2f16f16]&amp#27;[0m&amp#27;[38;5;229m[ADB]&amp#27;[0m Attempting to kill all uiautomator processes
&amp#27;[38;5;52m[d2f16f16]&amp#27;[0m&amp#27;[38;5;229m[ADB]&amp#27;[0m Getting IDs of all 'uiautomator' processes
&amp#27;[38;5;52m[d2f16f16]&amp#27;[0m&amp#27;[38;5;229m[ADB]&amp#27;[0m Running 'C:\Users\hmohammed25\AppData\Local\Android\Sdk\platform-tools\adb.exe -P 5037 -s emulator-5554 shell 'pgrep --help; echo $?''
&amp#27;[38;5;52m[d2f16f16]&amp#27;[0m&amp#27;[38;5;229m[ADB]&amp#27;[0m Running 'C:\Users\hmohammed25\AppData\Local\Android\Sdk\platform-tools\adb.exe -P 5037 -s emulator-5554 shell pgrep -f \(\[\[:blank:\]\]\|\^\)uiautomator\(\[\[:blank:\]\]\|\$\)'
&amp#27;[38;5;52m[d2f16f16]&amp#27;[0m&amp#27;[38;5;229m[ADB]&amp#27;[0m No 'uiautomator' process has been found
&amp#27;[38;5;52m[d2f16f16]&amp#27;[0m&amp#27;[38;5;-74m[AndroidUiautomator2Driver@e17b]&amp#27;[0m Waiting up to 30000ms for UiAutomator2 to be online...
&amp#27;[38;5;52m[d2f16f16]&amp#27;[0m&amp#27;[38;5;229m[ADB]&amp#27;[0m Creating ADB subprocess with args: ["-P","5037","-s","emulator-5554","shell","am","instrument","-w","-e","disableAnalytics","true","io.appium.uiautomator2.server.test/androidx.test.runner.AndroidJUnitRunner"]
&amp#27;[38;5;52m[d2f16f16]&amp#27;[0m&amp#27;[38;5;-74m[AndroidUiautomator2Driver@e17b]&amp#27;[0m Matched '/status' to command name 'getStatus'
&amp#27;[38;5;52m[d2f16f16]&amp#27;[0m&amp#27;[38;5;-74m[AndroidUiautomator2Driver@e17b]&amp#27;[0m Proxying [GET /status] to [GET http://127.0.0.1:8200/status] with no body
&amp#27;[38;5;52m[d2f16f16]&amp#27;[0m&amp#27;[38;5;-74m[AndroidUiautomator2Driver@e17b]&amp#27;[0m socket hang up
&amp#27;[38;5;52m[d2f16f16]&amp#27;[0m&amp#27;[38;5;-74m[AndroidUiautomator2Driver@e17b]&amp#27;[0m [Instrumentation] Error type 2
&amp#27;[38;5;52m[d2f16f16]&amp#27;[0m&amp#27;[38;5;-74m[AndroidUiautomator2Driver@e17b]&amp#27;[0m [Instrumentation] java.lang.NullPointerException: Attempt to invoke interface method 'boolean android.app.IActivityManager.startInstrumentation(android.content.ComponentName, java.lang.String, int, android.os.Bundle, android.app.IInstrumentationWatcher, android.app.IUiAutomationConnection, int, java.lang.String)' on a null object reference
&amp#27;[38;5;52m[d2f16f16]&amp#27;[0m&amp#27;[38;5;-74m[AndroidUiautomator2Driver@e17b]&amp#27;[0m [Instrumentation] 	at com.android.commands.am.Instrument.run(Instrument.java:541)
&amp#27;[38;5;52m[d2f16f16]&amp#27;[0m&amp#27;[38;5;-74m[AndroidUiautomator2Driver@e17b]&amp#27;[0m [Instrumentation] 	at com.android.commands.am.Am.runInstrument(Am.java:213)
&amp#27;[38;5;52m[d2f16f16]&amp#27;[0m&amp#27;[38;5;-74m[AndroidUiautomator2Driver@e17b]&amp#27;[0m [Instrumentation] 	at com.android.commands.am.Am.onRun(Am.java:85)
&amp#27;[38;5;52m[d2f16f16]&amp#27;[0m&amp#27;[38;5;-74m[AndroidUiautomator2Driver@e17b]&amp#27;[0m [Instrumentation] 	at com.android.internal.os.BaseCommand.run(BaseCommand.java:62)
&amp#27;[38;5;52m[d2f16f16]&amp#27;[0m&amp#27;[38;5;-74m[AndroidUiautomator2Driver@e17b]&amp#27;[0m [Instrumentation] 	at com.android.commands.am.Am.main(Am.java:54)
&amp#27;[38;5;52m[d2f16f16]&amp#27;[0m&amp#27;[38;5;-74m[AndroidUiautomator2Driver@e17b]&amp#27;[0m [Instrumentation] 	at com.android.internal.os.RuntimeInit.nativeFinishInit(Native Method)
&amp#27;[38;5;52m[d2f16f16]&amp#27;[0m&amp#27;[38;5;-74m[AndroidUiautomator2Driver@e17b]&amp#27;[0m [Instrumentation] 	at com.android.internal.os.RuntimeInit.main(RuntimeInit.java:369)
&amp#27;[38;5;52m[d2f16f16]&amp#27;[0m&amp#27;[38;5;-74m[AndroidUiautomator2Driver@e17b]&amp#27;[0m [Instrumentation] The process has exited with code 1, signal null
&amp#27;[38;5;52m[d2f16f16]&amp#27;[0m&amp#27;[38;5;-74m[AndroidUiautomator2Driver@e17b]&amp#27;[0m [
  'The instrumentation process cannot be initialized. Make sure the application under test does not crash and investigate the logcat output.'
]
&amp#27;[38;5;52m[d2f16f16]&amp#27;[0m&amp#27;[38;5;-74m[AndroidUiautomator2Driver@e17b]&amp#27;[0m Deleting UiAutomator2 session
&amp#27;[38;5;52m[d2f16f16]&amp#27;[0m&amp#27;[38;5;-74m[AndroidUiautomator2Driver@e17b]&amp#27;[0m Deleting UiAutomator2 server session
&amp#27;[38;5;52m[d2f16f16]&amp#27;[0m&amp#27;[38;5;-74m[AndroidUiautomator2Driver@e17b]&amp#27;[0m Did not get confirmation UiAutomator2 deleteSession worked; Error was: UnknownError: An unknown server-side error occurred while processing the command. Original error: 'DELETE /' cannot be proxied to UiAutomator2 server because the instrumentation process is not running (probably crashed). Check the server log and/or the logcat output for more details
&amp#27;[38;5;52m[d2f16f16]&amp#27;[0m&amp#27;[38;5;229m[ADB]&amp#27;[0m Running 'C:\Users\hmohammed25\AppData\Local\Android\Sdk\platform-tools\adb.exe -P 5037 -s emulator-5554 shell dumpsys activity services io.appium.settings/.recorder.RecorderService'
&amp#27;[38;5;52m[d2f16f16]&amp#27;[0m&amp#27;[38;5;229m[ADB]&amp#27;[0m Running 'C:\Users\hmohammed25\AppData\Local\Android\Sdk\platform-tools\adb.exe -P 5037 -s emulator-5554 shell am force-stop com.androidsample.generalstore'
&amp#27;[38;5;52m[d2f16f16]&amp#27;[0m&amp#27;[38;5;-74m[AndroidUiautomator2Driver@e17b]&amp#27;[0m Unable to force stop app: Error executing adbExec. Original error: 'Command 'C:\\Users\\hmohammed25\\AppData\\Local\\Android\\Sdk\\platform-tools\\adb.exe -P 5037 -s emulator-5554 shell am force-stop com.androidsample.generalstore' exited with code 20'; Command output: cmd: Can't find service: activity

&amp#27;[38;5;52m[d2f16f16]&amp#27;[0m&amp#27;[38;5;229m[ADB]&amp#27;[0m Removing forwarded port socket connection: 8200 
&amp#27;[38;5;52m[d2f16f16]&amp#27;[0m&amp#27;[38;5;229m[ADB]&amp#27;[0m Running 'C:\Users\hmohammed25\AppData\Local\Android\Sdk\platform-tools\adb.exe -P 5037 -s emulator-5554 forward --remove tcp:8200'
&amp#27;[38;5;52m[d2f16f16]&amp#27;[0m&amp#27;[38;5;-74m[AndroidUiautomator2Driver@e17b]&amp#27;[0m Restoring hidden api policy to the device default configuration
&amp#27;[38;5;52m[d2f16f16]&amp#27;[0m&amp#27;[38;5;229m[ADB]&amp#27;[0m Running 'C:\Users\hmohammed25\AppData\Local\Android\Sdk\platform-tools\adb.exe -P 5037 -s emulator-5554 shell 'settings delete global hidden_api_policy_pre_p_apps;settings delete global hidden_api_policy_p_apps;settings delete global hidden_api_policy''
&amp#27;[38;5;52m[d2f16f16]&amp#27;[0m&amp#27;[38;5;150m[AppiumDriver@095f]&amp#27;[0m Event 'newSessionStarted' logged at 1723366698733 (11:58:18 GMT+0300 (Eastern European Summer Time))
&amp#27;[38;5;52m[d2f16f16]&amp#27;[0m&amp#27;[38;5;150m[AppiumDriver@095f]&amp#27;[0m Encountered internal error running command: Error executing adbExec. Original error: 'Command 'C:\\Users\\hmohammed25\\AppData\\Local\\Android\\Sdk\\platform-tools\\adb.exe -P 5037 -s emulator-5554 shell 'settings delete global hidden_api_policy_pre_p_apps;settings delete global hidden_api_policy_p_apps;settings delete global hidden_api_policy'' exited with code 20'; Command output: cmd: Can't find service: settings
cmd: Can't find service: settings
cmd: Can't find service: settings

Error: Command 'C:\\Users\\hmohammed25\\AppData\\Local\\Android\\Sdk\\platform-tools\\adb.exe -P 5037 -s emulator-5554 shell 'settings delete global hidden_api_policy_pre_p_apps;settings delete global hidden_api_policy_p_apps;settings delete global hidden_api_policy'' exited with code 20
    at ChildProcess.<anonymous> (C:\Users\hmohammed25\.appium\node_modules\appium-uiautomator2-driver\node_modules\teen_process\lib\exec.js:110:19)
    at ChildProcess.emit (node:events:519:28)
    at maybeClose (node:internal/child_process:1105:16)
    at Process.ChildProcess._handle.onexit (node:internal/child_process:305:5)
    at Process.callbackTrampoline (node:internal/async_hooks:130:17)
&amp#27;[38;5;52m[d2f16f16]&amp#27;[0m&amp#27;[38;5;86m[HTTP]&amp#27;[0m &amp#27;[37m<-- POST /session &amp#27;[39m&amp#27;[31m500&amp#27;[39m &amp#27;[90m41446 ms - 1516&amp#27;[39m &amp#27;[90m&amp#27;[39m
]]></system-out>
  </testcase>
  <testcase name="E2ETest" classname="CheckOutTest" time="0.0">
    <skipped message="Could not start a new session. Response code 500. Message: An unknown server-side error occurred while processing the command. Original error: Error executing adbExec. Original error: &apos;Command &apos;C:\\Users\\hmohammed25\\AppData\\Local\\Android\\Sdk\\platform-tools\\adb.exe -P 5037 -s emulator-5554 shell &apos;settings delete global hidden_api_policy_pre_p_apps;settings delete global hidden_api_policy_p_apps;settings delete global hidden_api_policy&apos;&apos; exited with code 20&apos;; Command output: cmd: Can&apos;t find service: settings&#10;cmd: Can&apos;t find service: settings&#10;cmd: Can&apos;t find service: settings&#10; &#10;Host info: host: &apos;EG-PF3DSZJS&apos;, ip: &apos;192.168.1.12&apos;&#10;Build info: version: &apos;4.23.1&apos;, revision: &apos;656257d8e9&apos;&#10;System info: os.name: &apos;Windows 11&apos;, os.arch: &apos;amd64&apos;, os.version: &apos;10.0&apos;, java.version: &apos;21.0.2&apos;&#10;Driver info: io.appium.java_client.android.AndroidDriver&#10;Command: [null, newSession {capabilities=[Capabilities {appium:app: C:\Users\hmohammed25\OneDri..., appium:automationName: UIAutomator2, appium:deviceName: emulator-5554, appium:platformVersion: 15, platformName: ANDROID}]}]&#10;Capabilities {appium:app: C:\Users\hmohammed25\OneDri..., appium:automationName: UIAutomator2, appium:deviceName: emulator-5554, appium:platformVersion: 15, platformName: ANDROID}"/>
  </testcase>
  <testcase name="quitDriver" classname="CheckOutTest" time="0.0">
    <skipped/>
  </testcase>
  <testcase name="intializeDriver" classname="ContextsTest" time="2.14">
    <failure message="Could not start a new session. Response code 500. Message: An unknown server-side error occurred while processing the command. Original error: Error executing adbExec. Original error: &apos;Command &apos;C:\\Users\\hmohammed25\\AppData\\Local\\Android\\Sdk\\platform-tools\\adb.exe -P 5037 -s emulator-5554 shell &apos;settings delete global hidden_api_policy_pre_p_apps;settings delete global hidden_api_policy_p_apps;settings delete global hidden_api_policy&apos;&apos; exited with code 20&apos;; Command output: cmd: Can&apos;t find service: settings&#10;cmd: Can&apos;t find service: settings&#10;cmd: Can&apos;t find service: settings&#10; &#10;Host info: host: &apos;EG-PF3DSZJS&apos;, ip: &apos;192.168.1.12&apos;&#10;Build info: version: &apos;4.23.1&apos;, revision: &apos;656257d8e9&apos;&#10;System info: os.name: &apos;Windows 11&apos;, os.arch: &apos;amd64&apos;, os.version: &apos;10.0&apos;, java.version: &apos;21.0.2&apos;&#10;Driver info: io.appium.java_client.android.AndroidDriver&#10;Command: [null, newSession {capabilities=[Capabilities {appium:app: C:\Users\hmohammed25\OneDri..., appium:automationName: UIAutomator2, appium:deviceName: emulator-5554, appium:platformVersion: 15, platformName: ANDROID}]}]&#10;Capabilities {appium:app: C:\Users\hmohammed25\OneDri..., appium:automationName: UIAutomator2, appium:deviceName: emulator-5554, appium:platformVersion: 15, platformName: ANDROID}" type="org.openqa.selenium.SessionNotCreatedException"><![CDATA[org.openqa.selenium.SessionNotCreatedException: 
Could not start a new session. Response code 500. Message: An unknown server-side error occurred while processing the command. Original error: Error executing adbExec. Original error: 'Command 'C:\\Users\\hmohammed25\\AppData\\Local\\Android\\Sdk\\platform-tools\\adb.exe -P 5037 -s emulator-5554 shell 'settings delete global hidden_api_policy_pre_p_apps;settings delete global hidden_api_policy_p_apps;settings delete global hidden_api_policy'' exited with code 20'; Command output: cmd: Can't find service: settings
cmd: Can't find service: settings
cmd: Can't find service: settings
 
Host info: host: 'EG-PF3DSZJS', ip: '192.168.1.12'
Build info: version: '4.23.1', revision: '656257d8e9'
System info: os.name: 'Windows 11', os.arch: 'amd64', os.version: '10.0', java.version: '21.0.2'
Driver info: io.appium.java_client.android.AndroidDriver
Command: [null, newSession {capabilities=[Capabilities {appium:app: C:\Users\hmohammed25\OneDri..., appium:automationName: UIAutomator2, appium:deviceName: emulator-5554, appium:platformVersion: 15, platformName: ANDROID}]}]
Capabilities {appium:app: C:\Users\hmohammed25\OneDri..., appium:automationName: UIAutomator2, appium:deviceName: emulator-5554, appium:platformVersion: 15, platformName: ANDROID}
	at org.openqa.selenium.remote.ProtocolHandshake.createSession(ProtocolHandshake.java:114)
	at org.openqa.selenium.remote.ProtocolHandshake.createSession(ProtocolHandshake.java:75)
	at org.openqa.selenium.remote.ProtocolHandshake.createSession(ProtocolHandshake.java:61)
	at io.appium.java_client.remote.AppiumCommandExecutor.createSession(AppiumCommandExecutor.java:176)
	at io.appium.java_client.remote.AppiumCommandExecutor.execute(AppiumCommandExecutor.java:237)
	at org.openqa.selenium.remote.RemoteWebDriver.execute(RemoteWebDriver.java:545)
	at io.appium.java_client.AppiumDriver.startSession(AppiumDriver.java:270)
	at org.openqa.selenium.remote.RemoteWebDriver.<init>(RemoteWebDriver.java:174)
	at io.appium.java_client.AppiumDriver.<init>(AppiumDriver.java:91)
	at io.appium.java_client.AppiumDriver.<init>(AppiumDriver.java:103)
	at io.appium.java_client.android.AndroidDriver.<init>(AndroidDriver.java:109)
	at BaseTest.intializeDriver(BaseTest.java:42)
	at java.base/jdk.internal.reflect.DirectMethodHandleAccessor.invoke(DirectMethodHandleAccessor.java:103)
	at java.base/java.lang.reflect.Method.invoke(Method.java:580)
	at org.testng.internal.invokers.MethodInvocationHelper.invokeMethod(MethodInvocationHelper.java:141)
	at org.testng.internal.invokers.MethodInvocationHelper.invokeMethodConsideringTimeout(MethodInvocationHelper.java:71)
	at org.testng.internal.invokers.ConfigInvoker.invokeConfigurationMethod(ConfigInvoker.java:400)
	at org.testng.internal.invokers.ConfigInvoker.invokeConfigurations(ConfigInvoker.java:333)
	at org.testng.internal.invokers.TestMethodWorker.invokeBeforeClassMethods(TestMethodWorker.java:188)
	at org.testng.internal.invokers.TestMethodWorker.run(TestMethodWorker.java:128)
	at java.base/java.util.ArrayList.forEach(ArrayList.java:1596)
	at org.testng.TestRunner.privateRun(TestRunner.java:739)
	at org.testng.TestRunner.run(TestRunner.java:614)
	at org.testng.SuiteRunner.runTest(SuiteRunner.java:421)
	at org.testng.SuiteRunner.runSequentially(SuiteRunner.java:413)
	at org.testng.SuiteRunner.privateRun(SuiteRunner.java:373)
	at org.testng.SuiteRunner.run(SuiteRunner.java:312)
	at org.testng.SuiteRunnerWorker.runSuite(SuiteRunnerWorker.java:52)
	at org.testng.SuiteRunnerWorker.run(SuiteRunnerWorker.java:95)
	at org.testng.TestNG.runSuitesSequentially(TestNG.java:1274)
	at org.testng.TestNG.runSuitesLocally(TestNG.java:1208)
	at org.testng.TestNG.runSuites(TestNG.java:1112)
	at org.testng.TestNG.run(TestNG.java:1079)
	at org.apache.maven.surefire.testng.TestNGExecutor.run(TestNGExecutor.java:155)
	at org.apache.maven.surefire.testng.TestNGDirectoryTestSuite.executeMulti(TestNGDirectoryTestSuite.java:169)
	at org.apache.maven.surefire.testng.TestNGDirectoryTestSuite.execute(TestNGDirectoryTestSuite.java:88)
	at org.apache.maven.surefire.testng.TestNGProvider.invoke(TestNGProvider.java:137)
	at org.apache.maven.surefire.booter.ForkedBooter.runSuitesInProcess(ForkedBooter.java:385)
	at org.apache.maven.surefire.booter.ForkedBooter.execute(ForkedBooter.java:162)
	at org.apache.maven.surefire.booter.ForkedBooter.run(ForkedBooter.java:507)
	at org.apache.maven.surefire.booter.ForkedBooter.main(ForkedBooter.java:495)
]]></failure>
    <system-out><![CDATA[&amp#27;[38;5;86m[HTTP]&amp#27;[0m &amp#27;[37m-->&amp#27;[39m &amp#27;[37mGET&amp#27;[39m &amp#27;[37m/status&amp#27;[39m &amp#27;[90m{}&amp#27;[39m
&amp#27;[38;5;150m[AppiumDriver@095f]&amp#27;[0m Calling AppiumDriver.getStatus() with args: []
&amp#27;[38;5;150m[AppiumDriver@095f]&amp#27;[0m Responding to client with driver.getStatus() result: {"ready":true,"message":"The server is ready to accept new connections","build":{"version":"2.11.2"}}
&amp#27;[38;5;86m[HTTP]&amp#27;[0m &amp#27;[37m<-- GET /status &amp#27;[39m&amp#27;[32m200&amp#27;[39m &amp#27;[90m2 ms - 111&amp#27;[39m &amp#27;[90m&amp#27;[39m
&amp#27;[38;5;86m[HTTP]&amp#27;[0m Request idempotency key: 8279655e-fec3-4515-b78c-adb0c8837481
&amp#27;[38;5;86m[HTTP]&amp#27;[0m &amp#27;[37m-->&amp#27;[39m &amp#27;[37mPOST&amp#27;[39m &amp#27;[37m/session&amp#27;[39m &amp#27;[90m{"capabilities":{"firstMatch":[{"appium:deviceName":"emulator-5554","platformName":"ANDROID","appium:automationName":"UIAutomator2","appium:app":"C:\\Users\\hmohammed25\\OneDrive - DXC Production\\Documents\\New folder\\AppiumFrameWork/src/test/resources/General-Store.apk","appium:platformVersion":"15"}]}}&amp#27;[39m
&amp#27;[38;5;150m[AppiumDriver@095f]&amp#27;[0m Calling AppiumDriver.createSession() with args: [null,null,{"firstMatch":[{"appium:deviceName":"emulator-5554","platformName":"ANDROID","appium:automationName":"UIAutomator2","appium:app":"C:\\Users\\hmohammed25\\OneDrive - DXC Production\\Documents\\New folder\\AppiumFrameWork/src/test/resources/General-Store.apk","appium:platformVersion":"15"}]}]
&amp#27;[38;5;150m[AppiumDriver@095f]&amp#27;[0m Event 'newSessionRequested' logged at 1723366698882 (11:58:18 GMT+0300 (Eastern European Summer Time))
&amp#27;[38;5;112m[Appium]&amp#27;[0m Attempting to find matching driver for automationName 'UIAutomator2' and platformName 'ANDROID'
&amp#27;[38;5;112m[Appium]&amp#27;[0m The 'uiautomator2' driver was installed and matched caps.
&amp#27;[38;5;112m[Appium]&amp#27;[0m Will require it at C:\Users\hmohammed25\.appium\node_modules\appium-uiautomator2-driver
&amp#27;[38;5;112m[Appium]&amp#27;[0m Requiring driver at C:\Users\hmohammed25\.appium\node_modules\appium-uiautomator2-driver\build\index.js
&amp#27;[38;5;150m[AppiumDriver@095f]&amp#27;[0m Appium v2.11.2 creating new AndroidUiautomator2Driver (v3.7.4) session
&amp#27;[38;5;150m[AppiumDriver@095f]&amp#27;[0m Checking BaseDriver versions for Appium and AndroidUiautomator2Driver
&amp#27;[38;5;150m[AppiumDriver@095f]&amp#27;[0m Appium's BaseDriver version is 9.11.2
&amp#27;[38;5;150m[AppiumDriver@095f]&amp#27;[0m AndroidUiautomator2Driver's BaseDriver version is 9.11.2
&amp#27;[38;5;-30m[AndroidUiautomator2Driver@c381]&amp#27;[0m undefined
&amp#27;[38;5;-30m[AndroidUiautomator2Driver@c381]&amp#27;[0m Creating session with W3C capabilities: {
  "alwaysMatch": {
    "platformName": "ANDROID",
    "appium:deviceName": "emulator-5554",
    "appium:automationName": "UIAutomator2",
    "appium:app": "C:\\Users\\hmohammed25\\OneDrive - DXC Production\\Documents\\New folder\\AppiumFrameWork/src/test/resources/General-Store.apk",
    "appium:platformVersion": "15"
  },
  "firstMatch": [
    {}
  ]
}
&amp#27;[38;5;150m[a4c78005]&amp#27;[0m&amp#27;[38;5;-30m[AndroidUiautomator2Driver@c381]&amp#27;[0m Session created with session id: a4c78005-a349-4848-a59d-d6ccab349767
&amp#27;[38;5;150m[a4c78005]&amp#27;[0m&amp#27;[38;5;229m[ADB]&amp#27;[0m Using 'adb.exe' from 'C:\Users\hmohammed25\AppData\Local\Android\Sdk\platform-tools\adb.exe'
&amp#27;[38;5;150m[a4c78005]&amp#27;[0m&amp#27;[38;5;229m[ADB]&amp#27;[0m Running 'C:\Users\hmohammed25\AppData\Local\Android\Sdk\platform-tools\adb.exe -P 5037 start-server'
&amp#27;[38;5;150m[a4c78005]&amp#27;[0m&amp#27;[38;5;-30m[AndroidUiautomator2Driver@c381]&amp#27;[0m Retrieving device list
&amp#27;[38;5;150m[a4c78005]&amp#27;[0m&amp#27;[38;5;229m[ADB]&amp#27;[0m Trying to find connected Android devices
&amp#27;[38;5;150m[a4c78005]&amp#27;[0m&amp#27;[38;5;229m[ADB]&amp#27;[0m Getting connected devices
&amp#27;[38;5;150m[a4c78005]&amp#27;[0m&amp#27;[38;5;229m[ADB]&amp#27;[0m Connected devices: [{"udid":"emulator-5554","state":"device"}]
&amp#27;[38;5;150m[a4c78005]&amp#27;[0m&amp#27;[38;5;-30m[AndroidUiautomator2Driver@c381]&amp#27;[0m Looking for a device with Android '15.0.0'
&amp#27;[38;5;150m[a4c78005]&amp#27;[0m&amp#27;[38;5;229m[ADB]&amp#27;[0m Setting device id to emulator-5554
&amp#27;[38;5;150m[a4c78005]&amp#27;[0m&amp#27;[38;5;229m[ADB]&amp#27;[0m Getting device platform version
&amp#27;[38;5;150m[a4c78005]&amp#27;[0m&amp#27;[38;5;229m[ADB]&amp#27;[0m Running 'C:\Users\hmohammed25\AppData\Local\Android\Sdk\platform-tools\adb.exe -P 5037 -s emulator-5554 shell getprop ro.build.version.release'
&amp#27;[38;5;150m[a4c78005]&amp#27;[0m&amp#27;[38;5;229m[ADB]&amp#27;[0m Current device property 'ro.build.version.release': 15
&amp#27;[38;5;150m[a4c78005]&amp#27;[0m&amp#27;[38;5;-30m[AndroidUiautomator2Driver@c381]&amp#27;[0m Using device: emulator-5554
&amp#27;[38;5;150m[a4c78005]&amp#27;[0m&amp#27;[38;5;229m[ADB]&amp#27;[0m Using 'adb.exe' from 'C:\Users\hmohammed25\AppData\Local\Android\Sdk\platform-tools\adb.exe'
&amp#27;[38;5;150m[a4c78005]&amp#27;[0m&amp#27;[38;5;229m[ADB]&amp#27;[0m Running 'C:\Users\hmohammed25\AppData\Local\Android\Sdk\platform-tools\adb.exe -P 5037 start-server'
&amp#27;[38;5;150m[a4c78005]&amp#27;[0m&amp#27;[38;5;229m[ADB]&amp#27;[0m Setting device id to emulator-5554
&amp#27;[38;5;150m[a4c78005]&amp#27;[0m&amp#27;[38;5;123m[BaseDriver]&amp#27;[0m Using local app 'C:\Users\hmohammed25\OneDrive - DXC Production\Documents\New folder\AppiumFrameWork/src/test/resources/General-Store.apk'
&amp#27;[38;5;150m[a4c78005]&amp#27;[0m&amp#27;[38;5;-30m[AndroidUiautomator2Driver@c381]&amp#27;[0m Checking whether app is actually present
&amp#27;[38;5;150m[a4c78005]&amp#27;[0m&amp#27;[38;5;229m[ADB]&amp#27;[0m Running 'C:\Users\hmohammed25\AppData\Local\Android\Sdk\platform-tools\adb.exe -P 5037 -s emulator-5554 shell getprop ro.build.version.sdk'
&amp#27;[38;5;150m[a4c78005]&amp#27;[0m&amp#27;[38;5;229m[ADB]&amp#27;[0m Current device property 'ro.build.version.sdk': 35
&amp#27;[38;5;150m[a4c78005]&amp#27;[0m&amp#27;[38;5;229m[ADB]&amp#27;[0m Getting device platform version
&amp#27;[38;5;150m[a4c78005]&amp#27;[0m&amp#27;[38;5;229m[ADB]&amp#27;[0m Running 'C:\Users\hmohammed25\AppData\Local\Android\Sdk\platform-tools\adb.exe -P 5037 -s emulator-5554 shell getprop ro.build.version.release'
&amp#27;[38;5;150m[a4c78005]&amp#27;[0m&amp#27;[38;5;229m[ADB]&amp#27;[0m Current device property 'ro.build.version.release': 15
&amp#27;[38;5;150m[a4c78005]&amp#27;[0m&amp#27;[38;5;229m[ADB]&amp#27;[0m Device API level: 35
&amp#27;[38;5;150m[a4c78005]&amp#27;[0m&amp#27;[38;5;-30m[AndroidUiautomator2Driver@c381]&amp#27;[0m Relaxing hidden api policy
&amp#27;[38;5;150m[a4c78005]&amp#27;[0m&amp#27;[38;5;229m[ADB]&amp#27;[0m Running 'C:\Users\hmohammed25\AppData\Local\Android\Sdk\platform-tools\adb.exe -P 5037 -s emulator-5554 shell 'settings put global hidden_api_policy_pre_p_apps 1;settings put global hidden_api_policy_p_apps 1;settings put global hidden_api_policy 1''
&amp#27;[38;5;150m[a4c78005]&amp#27;[0m&amp#27;[38;5;-30m[AndroidUiautomator2Driver@c381]&amp#27;[0m Parsing package and activity from app manifest
&amp#27;[38;5;150m[a4c78005]&amp#27;[0m&amp#27;[38;5;229m[ADB]&amp#27;[0m Running 'C:\Users\hmohammed25\AppData\Local\Android\Sdk\platform-tools\adb.exe -P 5037 -s emulator-5554 wait-for-device'
&amp#27;[38;5;150m[a4c78005]&amp#27;[0m&amp#27;[38;5;229m[ADB]&amp#27;[0m Using 'aapt2.exe' from 'C:\Users\hmohammed25\AppData\Local\Android\Sdk\build-tools\35.0.0\aapt2.exe'
&amp#27;[38;5;150m[a4c78005]&amp#27;[0m&amp#27;[38;5;229m[ADB]&amp#27;[0m Reading package manifest: 'C:\\Users\\hmohammed25\\AppData\\Local\\Android\\Sdk\\build-tools\\35.0.0\\aapt2.exe dump badging 'C:\\Users\\hmohammed25\\OneDrive - DXC Production\\Documents\\New folder\\AppiumFrameWork/src/test/resources/General-Store.apk''
&amp#27;[38;5;150m[a4c78005]&amp#27;[0m&amp#27;[38;5;229m[ADB]&amp#27;[0m Running 'C:\Users\hmohammed25\AppData\Local\Android\Sdk\platform-tools\adb.exe -P 5037 -s emulator-5554 shell echo ping'
&amp#27;[38;5;150m[a4c78005]&amp#27;[0m&amp#27;[38;5;229m[ADB]&amp#27;[0m Package name: 'com.androidsample.generalstore'
&amp#27;[38;5;150m[a4c78005]&amp#27;[0m&amp#27;[38;5;229m[ADB]&amp#27;[0m Main activity name: 'com.androidsample.generalstore.SplashActivity'
&amp#27;[38;5;150m[a4c78005]&amp#27;[0m&amp#27;[38;5;-30m[AndroidUiautomator2Driver@c381]&amp#27;[0m Parsed package and activity are: com.androidsample.generalstore/com.androidsample.generalstore.SplashActivity
&amp#27;[38;5;150m[a4c78005]&amp#27;[0m&amp#27;[38;5;-30m[AndroidUiautomator2Driver@c381]&amp#27;[0m [
  `Hidden API policy (https://developer.android.com/guide/app-compatibility/restrictions-non-sdk-interfaces) cannot be enabled. This might be happening because the device under test is not configured properly. Please check https://github.com/appium/appium/issues/13802 for more details. You could also set the "appium:ignoreHiddenApiPolicyError" capability to true in order to ignore this error, which might later lead to unexpected crashes or behavior of the automation server. Original error: Error executing adbExec. Original error: 'Command 'C:\\\\Users\\\\hmohammed25\\\\AppData\\\\Local\\\\Android\\\\Sdk\\\\platform-tools\\\\adb.exe -P 5037 -s emulator-5554 shell 'settings put global hidden_api_policy_pre_p_apps 1;settings put global hidden_api_policy_p_apps 1;settings put global hidden_api_policy 1'' exited with code 20'; Command output: cmd: Can't find service: settings\r\n` +
    "cmd: Can't find service: settings\r\n" +
    "cmd: Can't find service: settings\r\n"
]
&amp#27;[38;5;150m[a4c78005]&amp#27;[0m&amp#27;[38;5;-30m[AndroidUiautomator2Driver@c381]&amp#27;[0m Deleting UiAutomator2 session
&amp#27;[38;5;150m[a4c78005]&amp#27;[0m&amp#27;[38;5;229m[ADB]&amp#27;[0m Running 'C:\Users\hmohammed25\AppData\Local\Android\Sdk\platform-tools\adb.exe -P 5037 -s emulator-5554 shell dumpsys activity services io.appium.settings/.recorder.RecorderService'
&amp#27;[38;5;150m[a4c78005]&amp#27;[0m&amp#27;[38;5;-30m[AndroidUiautomator2Driver@c381]&amp#27;[0m Restoring hidden api policy to the device default configuration
&amp#27;[38;5;150m[a4c78005]&amp#27;[0m&amp#27;[38;5;229m[ADB]&amp#27;[0m Running 'C:\Users\hmohammed25\AppData\Local\Android\Sdk\platform-tools\adb.exe -P 5037 -s emulator-5554 shell 'settings delete global hidden_api_policy_pre_p_apps;settings delete global hidden_api_policy_p_apps;settings delete global hidden_api_policy''
&amp#27;[38;5;150m[a4c78005]&amp#27;[0m&amp#27;[38;5;-30m[AndroidUiautomator2Driver@c381]&amp#27;[0m Pushing settings apk to the device...
&amp#27;[38;5;150m[a4c78005]&amp#27;[0m&amp#27;[38;5;229m[ADB]&amp#27;[0m Getting package info for 'io.appium.settings'
&amp#27;[38;5;150m[a4c78005]&amp#27;[0m&amp#27;[38;5;229m[ADB]&amp#27;[0m Running 'C:\Users\hmohammed25\AppData\Local\Android\Sdk\platform-tools\adb.exe -P 5037 -s emulator-5554 shell dumpsys package io.appium.settings'
&amp#27;[38;5;150m[a4c78005]&amp#27;[0m&amp#27;[38;5;229m[ADB]&amp#27;[0m App 'C:\Users\hmohammed25\.appium\node_modules\appium-uiautomator2-driver\node_modules\io.appium.settings\apks\settings_apk-debug.apk' is not installed
&amp#27;[38;5;150m[a4c78005]&amp#27;[0m&amp#27;[38;5;229m[ADB]&amp#27;[0m Installing 'C:\Users\hmohammed25\.appium\node_modules\appium-uiautomator2-driver\node_modules\io.appium.settings\apks\settings_apk-debug.apk'
&amp#27;[38;5;150m[a4c78005]&amp#27;[0m&amp#27;[38;5;229m[ADB]&amp#27;[0m Running 'C:\Users\hmohammed25\AppData\Local\Android\Sdk\platform-tools\adb.exe -P 5037 -s emulator-5554 help'
&amp#27;[38;5;150m[a4c78005]&amp#27;[0m&amp#27;[38;5;150m[AppiumDriver@095f]&amp#27;[0m Event 'newSessionStarted' logged at 1723366700927 (11:58:20 GMT+0300 (Eastern European Summer Time))
&amp#27;[38;5;150m[a4c78005]&amp#27;[0m&amp#27;[38;5;150m[AppiumDriver@095f]&amp#27;[0m Encountered internal error running command: Error executing adbExec. Original error: 'Command 'C:\\Users\\hmohammed25\\AppData\\Local\\Android\\Sdk\\platform-tools\\adb.exe -P 5037 -s emulator-5554 shell 'settings delete global hidden_api_policy_pre_p_apps;settings delete global hidden_api_policy_p_apps;settings delete global hidden_api_policy'' exited with code 20'; Command output: cmd: Can't find service: settings
cmd: Can't find service: settings
cmd: Can't find service: settings

Error: Command 'C:\\Users\\hmohammed25\\AppData\\Local\\Android\\Sdk\\platform-tools\\adb.exe -P 5037 -s emulator-5554 shell 'settings delete global hidden_api_policy_pre_p_apps;settings delete global hidden_api_policy_p_apps;settings delete global hidden_api_policy'' exited with code 20
    at ChildProcess.<anonymous> (C:\Users\hmohammed25\.appium\node_modules\appium-uiautomator2-driver\node_modules\teen_process\lib\exec.js:110:19)
    at ChildProcess.emit (node:events:519:28)
    at maybeClose (node:internal/child_process:1105:16)
    at Process.ChildProcess._handle.onexit (node:internal/child_process:305:5)
    at Process.callbackTrampoline (node:internal/async_hooks:130:17)
&amp#27;[38;5;150m[a4c78005]&amp#27;[0m&amp#27;[38;5;86m[HTTP]&amp#27;[0m &amp#27;[37m<-- POST /session &amp#27;[39m&amp#27;[31m500&amp#27;[39m &amp#27;[90m2048 ms - 1516&amp#27;[39m &amp#27;[90m&amp#27;[39m
]]></system-out>
  </testcase>
  <testcase name="contextTest" classname="ContextsTest" time="0.0">
    <skipped message="Could not start a new session. Response code 500. Message: An unknown server-side error occurred while processing the command. Original error: Error executing adbExec. Original error: &apos;Command &apos;C:\\Users\\hmohammed25\\AppData\\Local\\Android\\Sdk\\platform-tools\\adb.exe -P 5037 -s emulator-5554 shell &apos;settings delete global hidden_api_policy_pre_p_apps;settings delete global hidden_api_policy_p_apps;settings delete global hidden_api_policy&apos;&apos; exited with code 20&apos;; Command output: cmd: Can&apos;t find service: settings&#10;cmd: Can&apos;t find service: settings&#10;cmd: Can&apos;t find service: settings&#10; &#10;Host info: host: &apos;EG-PF3DSZJS&apos;, ip: &apos;192.168.1.12&apos;&#10;Build info: version: &apos;4.23.1&apos;, revision: &apos;656257d8e9&apos;&#10;System info: os.name: &apos;Windows 11&apos;, os.arch: &apos;amd64&apos;, os.version: &apos;10.0&apos;, java.version: &apos;21.0.2&apos;&#10;Driver info: io.appium.java_client.android.AndroidDriver&#10;Command: [null, newSession {capabilities=[Capabilities {appium:app: C:\Users\hmohammed25\OneDri..., appium:automationName: UIAutomator2, appium:deviceName: emulator-5554, appium:platformVersion: 15, platformName: ANDROID}]}]&#10;Capabilities {appium:app: C:\Users\hmohammed25\OneDri..., appium:automationName: UIAutomator2, appium:deviceName: emulator-5554, appium:platformVersion: 15, platformName: ANDROID}"/>
  </testcase>
  <testcase name="quitDriver" classname="ContextsTest" time="0.0">
    <skipped/>
  </testcase>
</testsuite>